#
# There is insufficient memory for the Java Runtime Environment to continue.
# Native memory allocation (malloc) failed to allocate 32744 bytes for Chunk::new
# Possible reasons:
#   The system is out of physical RAM or swap space
#   The process is running with CompressedOops enabled, and the Java Heap may be blocking the growth of the native heap
# Possible solutions:
#   Reduce memory load on the system
#   Increase physical memory or swap space
#   Check if swap backing store is full
#   Decrease Java heap size (-Xmx/-Xms)
#   Decrease number of Java threads
#   Decrease Java thread stack sizes (-Xss)
#   Set larger code cache with -XX:ReservedCodeCacheSize=
#   JVM is running with Unscaled Compressed Oops mode in which the Java heap is
#     placed in the first 4GB address space. The Java Heap base address is the
#     maximum limit for the native heap growth. Please use -XX:HeapBaseMinAddress
#     to set the Java Heap base and to place the Java Heap above 4GB virtual address.
# This output file may be truncated or incomplete.
#
#  Out of Memory Error (arena.cpp:184), pid=8144, tid=23356
#
# JRE version: Java(TM) SE Runtime Environment (19.0+36) (build 19+36-2238)
# Java VM: Java HotSpot(TM) 64-Bit Server VM (19+36-2238, mixed mode, sharing, tiered, compressed oops, compressed class ptrs, g1 gc, windows-amd64)
# No core dump will be written. Minidumps are not enabled by default on client versions of Windows
#

---------------  S U M M A R Y ------------

Command Line: -Dfile.encoding=UTF-8 --module-path=D:\QuizApplication\Quiz-Application-Using-Java-master\build\classes quiz.application.Login

Host: Intel(R) Core(TM) i3-1005G1 CPU @ 1.20GHz, 4 cores, 3G,  Windows 11 , 64 bit Build 22000 (10.0.22000.1219)
Time: Sat Nov 26 16:04:18 2022 India Standard Time elapsed time: 2343.320018 seconds (0d 0h 39m 3s)

---------------  T H R E A D  ---------------

Current thread (0x000001fbfea6a770):  JavaThread "C1 CompilerThread0" daemon [_thread_in_native, id=23356, stack(0x0000006f9e700000,0x0000006f9e800000)]


Current CompileTask:
C1:2343334 1575   !   3       java.util.concurrent.ConcurrentHashMap::replaceNode (437 bytes)

Stack: [0x0000006f9e700000,0x0000006f9e800000]
Native frames: (J=compiled Java code, j=interpreted, Vv=VM code, C=native code)
V  [jvm.dll+0x6ee8fa]
V  [jvm.dll+0x857a1e]
V  [jvm.dll+0x85940e]
V  [jvm.dll+0x859ac3]
V  [jvm.dll+0x28291f]
V  [jvm.dll+0xc9b5f]
V  [jvm.dll+0xc9ee5]
V  [jvm.dll+0x19747a]
V  [jvm.dll+0x18adfe]
V  [jvm.dll+0x178ab0]
V  [jvm.dll+0x1616b7]
V  [jvm.dll+0x161022]
V  [jvm.dll+0x161278]
V  [jvm.dll+0x1606d6]
V  [jvm.dll+0x1623cd]
V  [jvm.dll+0x25b0fa]
V  [jvm.dll+0x259588]
V  [jvm.dll+0x807928]
V  [jvm.dll+0x8015fa]
V  [jvm.dll+0x6ed5eb]
C  [ucrtbase.dll+0x26c0c]
C  [KERNEL32.DLL+0x15550]
C  [ntdll.dll+0x485b]


---------------  P R O C E S S  ---------------

Threads class SMR info:
_java_thread_list=0x000001fb9319ff10, length=17, elements={
0x000001fbfea4ea10, 0x000001fbfea4f430, 0x000001fbfea539b0, 0x000001fbfea54650,
0x000001fbfea57820, 0x000001fbfea604f0, 0x000001fbfea69e00, 0x000001fbfea6a770,
0x000001fbfea5efb0, 0x000001fbfea5f500, 0x000001fbfea61f80, 0x000001fbfea5fa50,
0x000001fbfea61a30, 0x000001fbfea60a40, 0x000001fbfea60f90, 0x000001fbfea614e0,
0x000001fbfea5ea60
}

Java Threads: ( => current thread )
  0x000001fbfea4ea10 JavaThread "Reference Handler" daemon [_thread_blocked, id=18876, stack(0x0000006f9e000000,0x0000006f9e100000)]
  0x000001fbfea4f430 JavaThread "Finalizer" daemon [_thread_blocked, id=23176, stack(0x0000006f9e100000,0x0000006f9e200000)]
  0x000001fbfea539b0 JavaThread "Signal Dispatcher" daemon [_thread_blocked, id=21404, stack(0x0000006f9e200000,0x0000006f9e300000)]
  0x000001fbfea54650 JavaThread "Attach Listener" daemon [_thread_blocked, id=19436, stack(0x0000006f9e300000,0x0000006f9e400000)]
  0x000001fbfea57820 JavaThread "Service Thread" daemon [_thread_blocked, id=22664, stack(0x0000006f9e400000,0x0000006f9e500000)]
  0x000001fbfea604f0 JavaThread "Monitor Deflation Thread" daemon [_thread_blocked, id=21968, stack(0x0000006f9e500000,0x0000006f9e600000)]
  0x000001fbfea69e00 JavaThread "C2 CompilerThread0" daemon [_thread_blocked, id=20264, stack(0x0000006f9e600000,0x0000006f9e700000)]
=>0x000001fbfea6a770 JavaThread "C1 CompilerThread0" daemon [_thread_in_native, id=23356, stack(0x0000006f9e700000,0x0000006f9e800000)]
  0x000001fbfea5efb0 JavaThread "Sweeper thread" daemon [_thread_blocked, id=23132, stack(0x0000006f9e800000,0x0000006f9e900000)]
  0x000001fbfea5f500 JavaThread "Common-Cleaner" daemon [_thread_blocked, id=21400, stack(0x0000006f9e900000,0x0000006f9ea00000)]
  0x000001fbfea61f80 JavaThread "Notification Thread" daemon [_thread_blocked, id=21056, stack(0x0000006f9ea00000,0x0000006f9eb00000)]
  0x000001fbfea5fa50 JavaThread "Java2D Disposer" daemon [_thread_blocked, id=22640, stack(0x0000006f9ec00000,0x0000006f9ed00000)]
  0x000001fbfea61a30 JavaThread "AWT-Shutdown" [_thread_blocked, id=22632, stack(0x0000006f9ed00000,0x0000006f9ee00000)]
  0x000001fbfea60a40 JavaThread "AWT-Windows" daemon [_thread_in_Java, id=22644, stack(0x0000006f9ee00000,0x0000006f9ef00000)]
  0x000001fbfea60f90 JavaThread "AWT-EventQueue-0" [_thread_blocked, id=23208, stack(0x0000006f9f000000,0x0000006f9f100000)]
  0x000001fbfea614e0 JavaThread "DestroyJavaVM" [_thread_blocked, id=16576, stack(0x0000006f9d900000,0x0000006f9da00000)]
  0x000001fbfea5ea60 JavaThread "TimerQueue" daemon [_thread_blocked, id=21416, stack(0x0000006f9f400000,0x0000006f9f500000)]

Other Threads:
  0x000001fbfea34bb0 VMThread "VM Thread" [stack: 0x0000006f9df00000,0x0000006f9e000000] [id=22448]
  0x000001fbfecdcad0 WatcherThread "VM Periodic Task Thread" [stack: 0x0000006f9eb00000,0x0000006f9ec00000] [id=22256]
  0x000001fbf226ecd0 WorkerThread "GC Thread#0" [stack: 0x0000006f9da00000,0x0000006f9db00000] [id=7568]
  0x000001fbfeb04990 WorkerThread "GC Thread#1" [stack: 0x0000006f9ef00000,0x0000006f9f000000] [id=23520]
  0x000001fbfeb057a0 WorkerThread "GC Thread#2" [stack: 0x0000006f9f500000,0x0000006f9f600000] [id=7068]
  0x000001fbfeb04c60 WorkerThread "GC Thread#3" [stack: 0x0000006f9f600000,0x0000006f9f700000] [id=17360]
  0x000001fbf22775f0 ConcurrentGCThread "G1 Main Marker" [stack: 0x0000006f9db00000,0x0000006f9dc00000] [id=22884]
  0x000001fbf2278020 WorkerThread "G1 Conc#0" [stack: 0x0000006f9dc00000,0x0000006f9dd00000] [id=21428]
  0x000001fbf22d04d0 ConcurrentGCThread "G1 Refine#0" [stack: 0x0000006f9dd00000,0x0000006f9de00000] [id=16668]
  0x000001fbf22d0eb0 ConcurrentGCThread "G1 Service" [stack: 0x0000006f9de00000,0x0000006f9df00000] [id=22292]

Threads with active compile tasks:
C1 CompilerThread0  2345230 1575   !   3       java.util.concurrent.ConcurrentHashMap::replaceNode (437 bytes)

VM state: not at safepoint (normal execution)

VM Mutex/Monitor currently owned by a thread: None

Heap address: 0x00000000c3200000, size: 974 MB, Compressed Oops mode: 32-bit

CDS archive(s) mapped at: [0x0000000800000000-0x0000000800c40000-0x0000000800c40000), size 12845056, SharedBaseAddress: 0x0000000800000000, ArchiveRelocationMode: 0.
Compressed class space mapped at: 0x0000000801000000-0x0000000841000000, reserved size: 1073741824
Narrow klass base: 0x0000000800000000, Narrow klass shift: 0, Narrow klass range: 0x100000000

GC Precious Log:
 CardTable entry size: 512
 Card Set container configuration: InlinePtr #cards 5 size 8 Array Of Cards #cards 12 size 40 Howl #buckets 4 coarsen threshold 1843 Howl Bitmap #cards 512 size 80 coarsen threshold 460 Card regions per heap region 1 cards per card region 2048
 CPUs: 4 total, 4 available
 Memory: 3891M
 Large Page Support: Disabled
 NUMA Support: Disabled
 Compressed Oops: Enabled (32-bit)
 Heap Region Size: 1M
 Heap Min Capacity: 8M
 Heap Initial Capacity: 62M
 Heap Max Capacity: 974M
 Pre-touch: Disabled
 Parallel Workers: 4
 Concurrent Workers: 1
 Concurrent Refinement Workers: 4
 Periodic GC: Disabled

Heap:
 garbage-first heap   total 63488K, used 12526K [0x00000000c3200000, 0x0000000100000000)
  region size 1024K, 3 young (3072K), 2 survivors (2048K)
 Metaspace       used 9940K, committed 10240K, reserved 1114112K
  class space    used 1063K, committed 1216K, reserved 1048576K

Heap Regions: E=young(eden), S=young(survivor), O=old, HS=humongous(starts), HC=humongous(continues), CS=collection set, F=free, OA=open archive, CA=closed archive, TAMS=top-at-mark-start (previous, next)
|   0|0x00000000c3200000, 0x00000000c3300000, 0x00000000c3300000|100%|HS|  |TAMS 0x00000000c3200000, 0x00000000c3200000| Complete 
|   1|0x00000000c3300000, 0x00000000c3400000, 0x00000000c3400000|100%|HC|  |TAMS 0x00000000c3300000, 0x00000000c3300000| Complete 
|   2|0x00000000c3400000, 0x00000000c3500000, 0x00000000c3500000|100%|HS|  |TAMS 0x00000000c3400000, 0x00000000c3400000| Complete 
|   3|0x00000000c3500000, 0x00000000c3600000, 0x00000000c3600000|100%|HC|  |TAMS 0x00000000c3500000, 0x00000000c3500000| Complete 
|   4|0x00000000c3600000, 0x00000000c3700000, 0x00000000c3700000|100%|HC|  |TAMS 0x00000000c3600000, 0x00000000c3600000| Complete 
|   5|0x00000000c3700000, 0x00000000c3800000, 0x00000000c3800000|100%|HC|  |TAMS 0x00000000c3700000, 0x00000000c3700000| Complete 
|   6|0x00000000c3800000, 0x00000000c3900000, 0x00000000c3900000|100%|HS|  |TAMS 0x00000000c3800000, 0x00000000c3800000| Complete 
|   7|0x00000000c3900000, 0x00000000c3a00000, 0x00000000c3a00000|100%|HC|  |TAMS 0x00000000c3900000, 0x00000000c3900000| Complete 
|   8|0x00000000c3a00000, 0x00000000c3b00000, 0x00000000c3b00000|100%|HC|  |TAMS 0x00000000c3a00000, 0x00000000c3a00000| Complete 
|   9|0x00000000c3b00000, 0x00000000c3c00000, 0x00000000c3c00000|100%| O|  |TAMS 0x00000000c3b00000, 0x00000000c3b00000| Untracked 
|  10|0x00000000c3c00000, 0x00000000c3c3b800, 0x00000000c3d00000| 23%| O|  |TAMS 0x00000000c3c00000, 0x00000000c3c00000| Untracked 
|  11|0x00000000c3d00000, 0x00000000c3d00000, 0x00000000c3e00000|  0%| F|  |TAMS 0x00000000c3d00000, 0x00000000c3d00000| Untracked 
|  12|0x00000000c3e00000, 0x00000000c3e00000, 0x00000000c3f00000|  0%| F|  |TAMS 0x00000000c3e00000, 0x00000000c3e00000| Untracked 
|  13|0x00000000c3f00000, 0x00000000c3f00000, 0x00000000c4000000|  0%| F|  |TAMS 0x00000000c3f00000, 0x00000000c3f00000| Untracked 
|  14|0x00000000c4000000, 0x00000000c4000000, 0x00000000c4100000|  0%| F|  |TAMS 0x00000000c4000000, 0x00000000c4000000| Untracked 
|  15|0x00000000c4100000, 0x00000000c4100000, 0x00000000c4200000|  0%| F|  |TAMS 0x00000000c4100000, 0x00000000c4100000| Untracked 
|  16|0x00000000c4200000, 0x00000000c4200000, 0x00000000c4300000|  0%| F|  |TAMS 0x00000000c4200000, 0x00000000c4200000| Untracked 
|  17|0x00000000c4300000, 0x00000000c4300000, 0x00000000c4400000|  0%| F|  |TAMS 0x00000000c4300000, 0x00000000c4300000| Untracked 
|  18|0x00000000c4400000, 0x00000000c4400000, 0x00000000c4500000|  0%| F|  |TAMS 0x00000000c4400000, 0x00000000c4400000| Untracked 
|  19|0x00000000c4500000, 0x00000000c4500000, 0x00000000c4600000|  0%| F|  |TAMS 0x00000000c4500000, 0x00000000c4500000| Untracked 
|  20|0x00000000c4600000, 0x00000000c4600000, 0x00000000c4700000|  0%| F|  |TAMS 0x00000000c4600000, 0x00000000c4600000| Untracked 
|  21|0x00000000c4700000, 0x00000000c4700000, 0x00000000c4800000|  0%| F|  |TAMS 0x00000000c4700000, 0x00000000c4700000| Untracked 
|  22|0x00000000c4800000, 0x00000000c4800000, 0x00000000c4900000|  0%| F|  |TAMS 0x00000000c4800000, 0x00000000c4800000| Untracked 
|  23|0x00000000c4900000, 0x00000000c4900000, 0x00000000c4a00000|  0%| F|  |TAMS 0x00000000c4900000, 0x00000000c4900000| Untracked 
|  24|0x00000000c4a00000, 0x00000000c4a00000, 0x00000000c4b00000|  0%| F|  |TAMS 0x00000000c4a00000, 0x00000000c4a00000| Untracked 
|  25|0x00000000c4b00000, 0x00000000c4b00000, 0x00000000c4c00000|  0%| F|  |TAMS 0x00000000c4b00000, 0x00000000c4b00000| Untracked 
|  26|0x00000000c4c00000, 0x00000000c4c00000, 0x00000000c4d00000|  0%| F|  |TAMS 0x00000000c4c00000, 0x00000000c4c00000| Untracked 
|  27|0x00000000c4d00000, 0x00000000c4d00000, 0x00000000c4e00000|  0%| F|  |TAMS 0x00000000c4d00000, 0x00000000c4d00000| Untracked 
|  28|0x00000000c4e00000, 0x00000000c4e00000, 0x00000000c4f00000|  0%| F|  |TAMS 0x00000000c4e00000, 0x00000000c4e00000| Untracked 
|  29|0x00000000c4f00000, 0x00000000c4f00000, 0x00000000c5000000|  0%| F|  |TAMS 0x00000000c4f00000, 0x00000000c4f00000| Untracked 
|  30|0x00000000c5000000, 0x00000000c5000000, 0x00000000c5100000|  0%| F|  |TAMS 0x00000000c5000000, 0x00000000c5000000| Untracked 
|  31|0x00000000c5100000, 0x00000000c5100000, 0x00000000c5200000|  0%| F|  |TAMS 0x00000000c5100000, 0x00000000c5100000| Untracked 
|  32|0x00000000c5200000, 0x00000000c5200000, 0x00000000c5300000|  0%| F|  |TAMS 0x00000000c5200000, 0x00000000c5200000| Untracked 
|  33|0x00000000c5300000, 0x00000000c5300000, 0x00000000c5400000|  0%| F|  |TAMS 0x00000000c5300000, 0x00000000c5300000| Untracked 
|  34|0x00000000c5400000, 0x00000000c5400000, 0x00000000c5500000|  0%| F|  |TAMS 0x00000000c5400000, 0x00000000c5400000| Untracked 
|  35|0x00000000c5500000, 0x00000000c5500000, 0x00000000c5600000|  0%| F|  |TAMS 0x00000000c5500000, 0x00000000c5500000| Untracked 
|  36|0x00000000c5600000, 0x00000000c5600000, 0x00000000c5700000|  0%| F|  |TAMS 0x00000000c5600000, 0x00000000c5600000| Untracked 
|  37|0x00000000c5700000, 0x00000000c5700000, 0x00000000c5800000|  0%| F|  |TAMS 0x00000000c5700000, 0x00000000c5700000| Untracked 
|  38|0x00000000c5800000, 0x00000000c5800000, 0x00000000c5900000|  0%| F|  |TAMS 0x00000000c5800000, 0x00000000c5800000| Untracked 
|  39|0x00000000c5900000, 0x00000000c5900000, 0x00000000c5a00000|  0%| F|  |TAMS 0x00000000c5900000, 0x00000000c5900000| Untracked 
|  40|0x00000000c5a00000, 0x00000000c5a00000, 0x00000000c5b00000|  0%| F|  |TAMS 0x00000000c5a00000, 0x00000000c5a00000| Untracked 
|  41|0x00000000c5b00000, 0x00000000c5b00000, 0x00000000c5c00000|  0%| F|  |TAMS 0x00000000c5b00000, 0x00000000c5b00000| Untracked 
|  42|0x00000000c5c00000, 0x00000000c5c00000, 0x00000000c5d00000|  0%| F|  |TAMS 0x00000000c5c00000, 0x00000000c5c00000| Untracked 
|  43|0x00000000c5d00000, 0x00000000c5d00000, 0x00000000c5e00000|  0%| F|  |TAMS 0x00000000c5d00000, 0x00000000c5d00000| Untracked 
|  44|0x00000000c5e00000, 0x00000000c5e00000, 0x00000000c5f00000|  0%| F|  |TAMS 0x00000000c5e00000, 0x00000000c5e00000| Untracked 
|  45|0x00000000c5f00000, 0x00000000c5f00000, 0x00000000c6000000|  0%| F|  |TAMS 0x00000000c5f00000, 0x00000000c5f00000| Untracked 
|  46|0x00000000c6000000, 0x00000000c6000000, 0x00000000c6100000|  0%| F|  |TAMS 0x00000000c6000000, 0x00000000c6000000| Untracked 
|  47|0x00000000c6100000, 0x00000000c6200000, 0x00000000c6200000|100%| S|CS|TAMS 0x00000000c6100000, 0x00000000c6100000| Complete 
|  48|0x00000000c6200000, 0x00000000c6300000, 0x00000000c6300000|100%| S|CS|TAMS 0x00000000c6200000, 0x00000000c6200000| Complete 
|  49|0x00000000c6300000, 0x00000000c6300000, 0x00000000c6400000|  0%| F|  |TAMS 0x00000000c6300000, 0x00000000c6300000| Untracked 
|  50|0x00000000c6400000, 0x00000000c6400000, 0x00000000c6500000|  0%| F|  |TAMS 0x00000000c6400000, 0x00000000c6400000| Untracked 
|  51|0x00000000c6500000, 0x00000000c6500000, 0x00000000c6600000|  0%| F|  |TAMS 0x00000000c6500000, 0x00000000c6500000| Untracked 
|  52|0x00000000c6600000, 0x00000000c6600000, 0x00000000c6700000|  0%| F|  |TAMS 0x00000000c6600000, 0x00000000c6600000| Untracked 
|  53|0x00000000c6700000, 0x00000000c6700000, 0x00000000c6800000|  0%| F|  |TAMS 0x00000000c6700000, 0x00000000c6700000| Untracked 
|  54|0x00000000c6800000, 0x00000000c6800000, 0x00000000c6900000|  0%| F|  |TAMS 0x00000000c6800000, 0x00000000c6800000| Untracked 
|  55|0x00000000c6900000, 0x00000000c6900000, 0x00000000c6a00000|  0%| F|  |TAMS 0x00000000c6900000, 0x00000000c6900000| Untracked 
|  56|0x00000000c6a00000, 0x00000000c6a00000, 0x00000000c6b00000|  0%| F|  |TAMS 0x00000000c6a00000, 0x00000000c6a00000| Untracked 
|  57|0x00000000c6b00000, 0x00000000c6b00000, 0x00000000c6c00000|  0%| F|  |TAMS 0x00000000c6b00000, 0x00000000c6b00000| Untracked 
|  58|0x00000000c6c00000, 0x00000000c6c00000, 0x00000000c6d00000|  0%| F|  |TAMS 0x00000000c6c00000, 0x00000000c6c00000| Untracked 
|  59|0x00000000c6d00000, 0x00000000c6d00000, 0x00000000c6e00000|  0%| F|  |TAMS 0x00000000c6d00000, 0x00000000c6d00000| Untracked 
|  60|0x00000000c6e00000, 0x00000000c6e00000, 0x00000000c6f00000|  0%| F|  |TAMS 0x00000000c6e00000, 0x00000000c6e00000| Untracked 
|  61|0x00000000c6f00000, 0x00000000c6fbe5d8, 0x00000000c7000000| 74%| E|  |TAMS 0x00000000c6f00000, 0x00000000c6f00000| Complete 

Card table byte_map: [0x000001fbfa370000,0x000001fbfa560000] _byte_map_base: 0x000001fbf9d57000

Marking Bits (Prev, Next): (CMBitMap*) 0x000001fbf226f300, (CMBitMap*) 0x000001fbf226f340
 Prev Bits: [0x000001fbfa750000, 0x000001fbfb688000)
 Next Bits: [0x000001fbfb690000, 0x000001fbfc5c8000)

Polling page: 0x000001fbf01c0000

Metaspace:

Usage:
  Non-class:      8.67 MB used.
      Class:      1.04 MB used.
       Both:      9.71 MB used.

Virtual space:
  Non-class space:       64.00 MB reserved,       8.81 MB ( 14%) committed,  1 nodes.
      Class space:        1.00 GB reserved,       1.19 MB ( <1%) committed,  1 nodes.
             Both:        1.06 GB reserved,      10.00 MB ( <1%) committed. 

Chunk freelists:
   Non-Class:  2.98 MB
       Class:  2.74 MB
        Both:  5.72 MB

MaxMetaspaceSize: unlimited
CompressedClassSpaceSize: 1.00 GB
Initial GC threshold: 21.00 MB
Current GC threshold: 21.00 MB
CDS: on
MetaspaceReclaimPolicy: balanced
 - commit_granule_bytes: 65536.
 - commit_granule_words: 8192.
 - virtual_space_node_default_size: 8388608.
 - enlarge_chunks_in_place: 1.
 - new_chunks_are_fully_committed: 0.
 - uncommit_free_chunks: 1.
 - use_allocation_guard: 0.


Internal statistics:

num_allocs_failed_limit: 0.
num_arena_births: 188.
num_arena_deaths: 0.
num_vsnodes_births: 2.
num_vsnodes_deaths: 0.
num_space_committed: 160.
num_space_uncommitted: 0.
num_chunks_returned_to_freelist: 0.
num_chunks_taken_from_freelist: 221.
num_chunk_merges: 0.
num_chunk_splits: 145.
num_chunks_enlarged: 91.
num_inconsistent_stats: 0.

CodeHeap 'non-profiled nmethods': size=120000Kb used=477Kb max_used=477Kb free=119522Kb
 bounds [0x000001fb87ad0000, 0x000001fb87d40000, 0x000001fb8f000000]
CodeHeap 'profiled nmethods': size=120000Kb used=2640Kb max_used=2640Kb free=117360Kb
 bounds [0x000001fb80000000, 0x000001fb802a0000, 0x000001fb87530000]
CodeHeap 'non-nmethods': size=5760Kb used=1401Kb max_used=1423Kb free=4358Kb
 bounds [0x000001fb87530000, 0x000001fb877a0000, 0x000001fb87ad0000]
 total_blobs=2212 nmethods=1574 adapters=549
 compilation: enabled
              stopped_count=0, restarted_count=0
 full_count=0

Compilation events (20 events):
Event: 8.260 Thread 0x000001fbfea6a770 nmethod 1563 0x000001fb8028c410 code [0x000001fb8028c620, 0x000001fb8028cc78]
Event: 8.260 Thread 0x000001fbfea6a770 1564       3       sun.awt.windows.WWindowPeer::preprocessPostEvent (72 bytes)
Event: 8.260 Thread 0x000001fbfea6a770 nmethod 1564 0x000001fb8028cf10 code [0x000001fb8028d100, 0x000001fb8028d858]
Event: 8.278 Thread 0x000001fbfea6a770 1565       3       java.awt.Toolkit$SelectiveAWTEventListener::eventDispatched (745 bytes)
Event: 8.279 Thread 0x000001fbfea6a770 nmethod 1565 0x000001fb8028d990 code [0x000001fb8028dc00, 0x000001fb8028f168]
Event: 8.288 Thread 0x000001fbfea6a770 1566   !   3       java.awt.Window::getInputContext (36 bytes)
Event: 8.288 Thread 0x000001fbfea6a770 nmethod 1566 0x000001fb8028f590 code [0x000001fb8028f760, 0x000001fb8028fc88]
Event: 8.288 Thread 0x000001fbfea6a770 1567       3       sun.awt.im.InputMethodContext::dispatchEvent (62 bytes)
Event: 8.289 Thread 0x000001fbfea6a770 nmethod 1567 0x000001fb8028fe90 code [0x000001fb80290100, 0x000001fb80290db8]
Event: 8.333 Thread 0x000001fbfea6a770 1569       3       sun.awt.windows.WInputMethod::dispatchEvent (66 bytes)
Event: 8.334 Thread 0x000001fbfea6a770 nmethod 1569 0x000001fb80291090 code [0x000001fb80291280, 0x000001fb80291af8]
Event: 546.933 Thread 0x000001fbfea6a770 1570       3       java.lang.ref.ReferenceQueue::poll0 (65 bytes)
Event: 546.958 Thread 0x000001fbfea6a770 nmethod 1570 0x000001fb80291c90 code [0x000001fb80291e60, 0x000001fb80292398]
Event: 1687.122 Thread 0x000001fbfea6a770 1572   !   3       jdk.internal.ref.PhantomCleanable::isListEmpty (34 bytes)
Event: 1687.138 Thread 0x000001fbfea6a770 nmethod 1572 0x000001fb80292490 code [0x000001fb80292640, 0x000001fb80292898]
Event: 1687.139 Thread 0x000001fbfea6a770 1573       3       jdk.internal.misc.InnocuousThread::eraseThreadLocals (23 bytes)
Event: 1687.145 Thread 0x000001fbfea6a770 nmethod 1573 0x000001fb80292990 code [0x000001fb80292b40, 0x000001fb80292d38]
Event: 1687.145 Thread 0x000001fbfea6a770 1574   !   3       java.lang.ref.ReferenceQueue::remove (61 bytes)
Event: 1687.182 Thread 0x000001fbfea6a770 nmethod 1574 0x000001fb80292e10 code [0x000001fb80293080, 0x000001fb80293c48]
Event: 2342.681 Thread 0x000001fbfea6a770 1575   !   3       java.util.concurrent.ConcurrentHashMap::replaceNode (437 bytes)

GC Heap History (2 events):
Event: 6.853 GC heap before
{Heap before GC invocations=0 (full 0):
 garbage-first heap   total 63488K, used 22528K [0x00000000c3200000, 0x0000000100000000)
  region size 1024K, 13 young (13312K), 0 survivors (0K)
 Metaspace       used 9809K, committed 10112K, reserved 1114112K
  class space    used 1063K, committed 1216K, reserved 1048576K
}
Event: 6.859 GC heap after
{Heap after GC invocations=1 (full 0):
 garbage-first heap   total 63488K, used 12526K [0x00000000c3200000, 0x0000000100000000)
  region size 1024K, 2 young (2048K), 2 survivors (2048K)
 Metaspace       used 9809K, committed 10112K, reserved 1114112K
  class space    used 1063K, committed 1216K, reserved 1048576K
}

Dll operation events (10 events):
Event: 0.007 Loaded shared library C:\Program Files\Java\jdk-19\bin\java.dll
Event: 0.015 Loaded shared library C:\Program Files\Java\jdk-19\bin\jsvml.dll
Event: 0.056 Loaded shared library C:\Program Files\Java\jdk-19\bin\net.dll
Event: 0.057 Loaded shared library C:\Program Files\Java\jdk-19\bin\nio.dll
Event: 0.082 Loaded shared library C:\Program Files\Java\jdk-19\bin\jimage.dll
Event: 0.095 Loaded shared library C:\Program Files\Java\jdk-19\bin\awt.dll
Event: 0.241 Loaded shared library C:\Program Files\Java\jdk-19\bin\zip.dll
Event: 0.288 Loaded shared library C:\Program Files\Java\jdk-19\bin\javajpeg.dll
Event: 0.391 Loaded shared library C:\Program Files\Java\jdk-19\bin\freetype.dll
Event: 0.392 Loaded shared library C:\Program Files\Java\jdk-19\bin\fontmanager.dll

Deoptimization events (20 events):
Event: 6.049 Thread 0x000001fbfea60f90 Uncommon trap: trap_request=0xffffffde fr.pc=0x000001fb87b01ee8 relative=0x0000000000000a48
Event: 6.049 Thread 0x000001fbfea60f90 Uncommon trap: reason=class_check action=maybe_recompile pc=0x000001fb87b01ee8 method=java.util.HashMap.putVal(ILjava/lang/Object;Ljava/lang/Object;ZZ)Ljava/lang/Object; @ 253 c2
Event: 6.049 Thread 0x000001fbfea60f90 DEOPT PACKING pc=0x000001fb87b01ee8 sp=0x0000006f9f0fd8d0
Event: 6.049 Thread 0x000001fbfea60f90 DEOPT UNPACKING pc=0x000001fb8759a5a3 sp=0x0000006f9f0fd7f0 mode 2
Event: 6.049 Thread 0x000001fbfea60f90 Uncommon trap: trap_request=0xffffffde fr.pc=0x000001fb87b01ee8 relative=0x0000000000000a48
Event: 6.049 Thread 0x000001fbfea60f90 Uncommon trap: reason=class_check action=maybe_recompile pc=0x000001fb87b01ee8 method=java.util.HashMap.putVal(ILjava/lang/Object;Ljava/lang/Object;ZZ)Ljava/lang/Object; @ 253 c2
Event: 6.049 Thread 0x000001fbfea60f90 DEOPT PACKING pc=0x000001fb87b01ee8 sp=0x0000006f9f0fd8d0
Event: 6.049 Thread 0x000001fbfea60f90 DEOPT UNPACKING pc=0x000001fb8759a5a3 sp=0x0000006f9f0fd7f0 mode 2
Event: 6.049 Thread 0x000001fbfea60f90 Uncommon trap: trap_request=0xffffffde fr.pc=0x000001fb87b01ee8 relative=0x0000000000000a48
Event: 6.049 Thread 0x000001fbfea60f90 Uncommon trap: reason=class_check action=maybe_recompile pc=0x000001fb87b01ee8 method=java.util.HashMap.putVal(ILjava/lang/Object;Ljava/lang/Object;ZZ)Ljava/lang/Object; @ 253 c2
Event: 6.049 Thread 0x000001fbfea60f90 DEOPT PACKING pc=0x000001fb87b01ee8 sp=0x0000006f9f0fd860
Event: 6.049 Thread 0x000001fbfea60f90 DEOPT UNPACKING pc=0x000001fb8759a5a3 sp=0x0000006f9f0fd780 mode 2
Event: 6.049 Thread 0x000001fbfea60f90 Uncommon trap: trap_request=0xffffffde fr.pc=0x000001fb87b01ee8 relative=0x0000000000000a48
Event: 6.049 Thread 0x000001fbfea60f90 Uncommon trap: reason=class_check action=maybe_recompile pc=0x000001fb87b01ee8 method=java.util.HashMap.putVal(ILjava/lang/Object;Ljava/lang/Object;ZZ)Ljava/lang/Object; @ 253 c2
Event: 6.049 Thread 0x000001fbfea60f90 DEOPT PACKING pc=0x000001fb87b01ee8 sp=0x0000006f9f0fd8d0
Event: 6.049 Thread 0x000001fbfea60f90 DEOPT UNPACKING pc=0x000001fb8759a5a3 sp=0x0000006f9f0fd7f0 mode 2
Event: 12.903 Thread 0x000001fbfea60f90 Uncommon trap: trap_request=0xffffff45 fr.pc=0x000001fb87b2f168 relative=0x00000000000000c8
Event: 12.903 Thread 0x000001fbfea60f90 Uncommon trap: reason=unstable_if action=reinterpret pc=0x000001fb87b2f168 method=java.lang.ref.SoftReference.get()Ljava/lang/Object; @ 17 c2
Event: 12.903 Thread 0x000001fbfea60f90 DEOPT PACKING pc=0x000001fb87b2f168 sp=0x0000006f9f0fd8f0
Event: 12.903 Thread 0x000001fbfea60f90 DEOPT UNPACKING pc=0x000001fb8759a5a3 sp=0x0000006f9f0fd8a0 mode 2

Classes loaded (20 events):
Event: 6.092 Loading class javax/swing/text/ParagraphView$Row
Event: 6.092 Loading class javax/swing/text/ParagraphView$Row done
Event: 6.099 Loading class javax/swing/text/WhitespaceBasedBreakIterator
Event: 6.099 Loading class java/text/BreakIterator
Event: 6.100 Loading class java/text/BreakIterator done
Event: 6.100 Loading class javax/swing/text/WhitespaceBasedBreakIterator done
Event: 6.114 Loading class javax/swing/text/ComponentView
Event: 6.114 Loading class javax/swing/text/ComponentView done
Event: 6.197 Loading class java/awt/LightweightDispatcher$2
Event: 6.197 Loading class java/awt/LightweightDispatcher$2 done
Event: 6.245 Loading class javax/swing/border/BevelBorder
Event: 6.247 Loading class javax/swing/border/BevelBorder done
Event: 6.276 Loading class sun/font/StandardGlyphVector
Event: 6.277 Loading class java/awt/font/GlyphVector
Event: 6.277 Loading class java/awt/font/GlyphVector done
Event: 6.277 Loading class sun/font/StandardGlyphVector done
Event: 6.277 Loading class sun/font/FontSubstitution
Event: 6.278 Loading class sun/font/FontSubstitution done
Event: 6.278 Loading class sun/font/StandardGlyphVector$GlyphStrike
Event: 6.279 Loading class sun/font/StandardGlyphVector$GlyphStrike done

Classes unloaded (0 events):
No events

Classes redefined (0 events):
No events

Internal exceptions (17 events):
Event: 0.059 Thread 0x000001fbf22324e0 Exception <a 'sun/nio/fs/WindowsException'{0x00000000c6e40188}> (0x00000000c6e40188) 
thrown [s\open\src\hotspot\share\prims\jni.cpp, line 517]
Event: 0.059 Thread 0x000001fbf22324e0 Exception <a 'sun/nio/fs/WindowsException'{0x00000000c6e406b8}> (0x00000000c6e406b8) 
thrown [s\open\src\hotspot\share\prims\jni.cpp, line 517]
Event: 0.060 Thread 0x000001fbf22324e0 Exception <a 'sun/nio/fs/WindowsException'{0x00000000c6e429a0}> (0x00000000c6e429a0) 
thrown [s\open\src\hotspot\share\prims\jni.cpp, line 517]
Event: 0.060 Thread 0x000001fbf22324e0 Exception <a 'sun/nio/fs/WindowsException'{0x00000000c6e86040}> (0x00000000c6e86040) 
thrown [s\open\src\hotspot\share\prims\jni.cpp, line 517]
Event: 0.087 Thread 0x000001fbf22324e0 Exception <a 'java/lang/ClassNotFoundException'{0x00000000c6d23f40}: sun/awt/resources/spi/awtProvider> (0x00000000c6d23f40) 
thrown [s\open\src\hotspot\share\classfile\systemDictionary.cpp, line 255]
Event: 0.107 Thread 0x000001fbf22324e0 Exception <a 'java/io/FileNotFoundException'{0x00000000c6d7b728}> (0x00000000c6d7b728) 
thrown [s\open\src\hotspot\share\prims\jni.cpp, line 517]
Event: 0.113 Thread 0x000001fbf22324e0 Exception <a 'java/io/FileNotFoundException'{0x00000000c6da8118}> (0x00000000c6da8118) 
thrown [s\open\src\hotspot\share\prims\jni.cpp, line 517]
Event: 0.145 Thread 0x000001fbf22324e0 Exception <a 'java/lang/NoSuchMethodError'{0x00000000c6decd20}: 'java.lang.Object java.lang.invoke.DirectMethodHandle$Holder.invokeStaticInit(java.lang.Object)'> (0x00000000c6decd20) 
thrown [s\open\src\hotspot\share\interpreter\linkResolver.cpp, line 774]
Event: 0.175 Thread 0x000001fbf22324e0 Exception <a 'java/lang/NoSuchMethodError'{0x00000000c6cc7348}: 'void java.lang.invoke.DirectMethodHandle$Holder.invokeSpecial(java.lang.Object, java.lang.Object, java.lang.Object)'> (0x00000000c6cc7348) 
thrown [s\open\src\hotspot\share\interpreter\linkResolver.cpp, line 774]
Event: 0.181 Thread 0x000001fbf22324e0 Exception <a 'java/lang/NoSuchMethodError'{0x00000000c6b29fc8}: 'java.lang.Object java.lang.invoke.DirectMethodHandle$Holder.newInvokeSpecial(java.lang.Object, java.lang.Object, java.lang.Object, java.lang.Object, java.lang.Object)'> (0x00000000c6b29fc8) 
thrown [s\open\src\hotspot\share\interpreter\linkResolver.cpp, line 774]
Event: 0.187 Thread 0x000001fbf22324e0 Exception <a 'java/lang/NoSuchMethodError'{0x00000000c6b5b8f0}: 'java.lang.Object java.lang.invoke.DirectMethodHandle$Holder.invokeStatic(java.lang.Object, int, java.lang.Object)'> (0x00000000c6b5b8f0) 
thrown [s\open\src\hotspot\share\interpreter\linkResolver.cpp, line 774]
Event: 0.212 Thread 0x000001fbf22324e0 Exception <a 'java/lang/ClassNotFoundException'{0x00000000c6a17ad0}: com/sun/swing/internal/plaf/metal/resources/spi/metalProvider> (0x00000000c6a17ad0) 
thrown [s\open\src\hotspot\share\classfile\systemDictionary.cpp, line 255]
Event: 0.213 Thread 0x000001fbf22324e0 Exception <a 'java/lang/ClassNotFoundException'{0x00000000c6a1baa0}: com/sun/swing/internal/plaf/basic/resources/spi/basicProvider> (0x00000000c6a1baa0) 
thrown [s\open\src\hotspot\share\classfile\systemDictionary.cpp, line 255]
Event: 0.220 Thread 0x000001fbf22324e0 Exception <a 'java/lang/NoSuchMethodError'{0x00000000c6a3b948}: 'int java.lang.invoke.Invokers$Holder.invokeExact_MT(java.lang.Object, java.lang.Object)'> (0x00000000c6a3b948) 
thrown [s\open\src\hotspot\share\interpreter\linkResolver.cpp, line 774]
Event: 0.291 Thread 0x000001fbfea5ffa0 Exception <a 'java/lang/NoSuchMethodError'{0x00000000c69db5f8}: 'java.lang.Object java.lang.invoke.DirectMethodHandle$Holder.newInvokeSpecial(java.lang.Object, java.lang.Object, java.lang.Object, int, int, int, int, int)'> (0x00000000c69db5f8) 
thrown [s\open\src\hotspot\share\interpreter\linkResolver.cpp, line 774]
Event: 0.372 Thread 0x000001fbfea60a40 Exception <a 'java/lang/NoSuchMethodError'{0x00000000c6c52e40}: 'void java.lang.invoke.DirectMethodHandle$Holder.invokeVirtual(java.lang.Object, java.lang.Object)'> (0x00000000c6c52e40) 
thrown [s\open\src\hotspot\share\interpreter\linkResolver.cpp, line 774]
Event: 0.386 Thread 0x000001fbf22324e0 Exception <a 'java/lang/NoSuchMethodError'{0x00000000c67cb150}: 'void java.lang.invoke.DirectMethodHandle$Holder.invokeStaticInit(java.lang.Object)'> (0x00000000c67cb150) 
thrown [s\open\src\hotspot\share\interpreter\linkResolver.cpp, line 774]

VM Operations (20 events):
Event: 1.492 Executing VM operation: Cleanup
Event: 1.493 Executing VM operation: Cleanup done
Event: 2.504 Executing VM operation: Cleanup
Event: 2.504 Executing VM operation: Cleanup done
Event: 3.506 Executing VM operation: Cleanup
Event: 3.506 Executing VM operation: Cleanup done
Event: 4.518 Executing VM operation: Cleanup
Event: 4.519 Executing VM operation: Cleanup done
Event: 5.530 Executing VM operation: Cleanup
Event: 5.530 Executing VM operation: Cleanup done
Event: 6.532 Executing VM operation: Cleanup
Event: 6.532 Executing VM operation: Cleanup done
Event: 6.853 Executing VM operation: G1CollectForAllocation
Event: 6.859 Executing VM operation: G1CollectForAllocation done
Event: 7.861 Executing VM operation: Cleanup
Event: 7.861 Executing VM operation: Cleanup done
Event: 8.865 Executing VM operation: Cleanup
Event: 8.865 Executing VM operation: Cleanup done
Event: 13.890 Executing VM operation: Cleanup
Event: 13.890 Executing VM operation: Cleanup done

Events (20 events):
Event: 0.027 Thread 0x000001fbfea539b0 Thread added: 0x000001fbfea539b0
Event: 0.027 Thread 0x000001fbfea54650 Thread added: 0x000001fbfea54650
Event: 0.027 Thread 0x000001fbfea57820 Thread added: 0x000001fbfea57820
Event: 0.027 Thread 0x000001fbfea604f0 Thread added: 0x000001fbfea604f0
Event: 0.027 Thread 0x000001fbfea69e00 Thread added: 0x000001fbfea69e00
Event: 0.027 Thread 0x000001fbfea6a770 Thread added: 0x000001fbfea6a770
Event: 0.027 Thread 0x000001fbfea5efb0 Thread added: 0x000001fbfea5efb0
Event: 0.046 Thread 0x000001fbfea5f500 Thread added: 0x000001fbfea5f500
Event: 0.072 Thread 0x000001fbfea61f80 Thread added: 0x000001fbfea61f80
Event: 0.146 Thread 0x000001fbfea5fa50 Thread added: 0x000001fbfea5fa50
Event: 0.146 Thread 0x000001fbfea61a30 Thread added: 0x000001fbfea61a30
Event: 0.148 Thread 0x000001fbfea60a40 Thread added: 0x000001fbfea60a40
Event: 0.225 Thread 0x000001fbfea5ffa0 Thread added: 0x000001fbfea5ffa0
Event: 0.371 Thread 0x000001fbfea60f90 Thread added: 0x000001fbfea60f90
Event: 0.463 Thread 0x000001fbf22324e0 Thread exited: 0x000001fbf22324e0
Event: 0.463 Thread 0x000001fbfea614e0 Thread added: 0x000001fbfea614e0
Event: 0.602 Thread 0x000001fbfea5ea60 Thread added: 0x000001fbfea5ea60
Event: 5.317 Thread 0x000001fbfea5ffa0 Thread exited: 0x000001fbfea5ffa0
Event: 6.127 Thread 0x000001fb93216ee0 Thread added: 0x000001fb93216ee0
Event: 6.375 Thread 0x000001fb93216ee0 Thread exited: 0x000001fb93216ee0


Dynamic libraries:
0x00007ff6a6410000 - 0x00007ff6a6420000 	C:\Program Files\Java\jdk-19\bin\java.exe
0x00007ffe167a0000 - 0x00007ffe169a9000 	C:\WINDOWS\SYSTEM32\ntdll.dll
0x00007ffe15a90000 - 0x00007ffe15b4e000 	C:\WINDOWS\System32\KERNEL32.DLL
0x00007ffe13c70000 - 0x00007ffe13feb000 	C:\WINDOWS\System32\KERNELBASE.dll
0x00007ffe10eb0000 - 0x00007ffe10f42000 	C:\WINDOWS\SYSTEM32\apphelp.dll
0x00007ffe140b0000 - 0x00007ffe141c1000 	C:\WINDOWS\System32\ucrtbase.dll
0x00007ffe0f870000 - 0x00007ffe0f88b000 	C:\Program Files\Java\jdk-19\bin\VCRUNTIME140.dll
0x00007ffe02e20000 - 0x00007ffe02e38000 	C:\Program Files\Java\jdk-19\bin\jli.dll
0x00007ffe158d0000 - 0x00007ffe1597e000 	C:\WINDOWS\System32\ADVAPI32.dll
0x00007ffe156e0000 - 0x00007ffe15783000 	C:\WINDOWS\System32\msvcrt.dll
0x00007ffe15980000 - 0x00007ffe15a1e000 	C:\WINDOWS\System32\sechost.dll
0x00007ffe14620000 - 0x00007ffe14740000 	C:\WINDOWS\System32\RPCRT4.dll
0x00007ffe14ac0000 - 0x00007ffe14c6d000 	C:\WINDOWS\System32\USER32.dll
0x00007ffe14460000 - 0x00007ffe14486000 	C:\WINDOWS\System32\win32u.dll
0x00007ffe14ce0000 - 0x00007ffe14d09000 	C:\WINDOWS\System32\GDI32.dll
0x00007ffe14340000 - 0x00007ffe14458000 	C:\WINDOWS\System32\gdi32full.dll
0x00007ffe14580000 - 0x00007ffe1461d000 	C:\WINDOWS\System32\msvcp_win.dll
0x00007ffdfe6d0000 - 0x00007ffdfe975000 	C:\WINDOWS\WinSxS\amd64_microsoft.windows.common-controls_6595b64144ccf1df_6.0.22000.120_none_9d947278b86cc467\COMCTL32.dll
0x00007ffe0e880000 - 0x00007ffe0e88a000 	C:\WINDOWS\SYSTEM32\VERSION.dll
0x00007ffe154d0000 - 0x00007ffe15502000 	C:\WINDOWS\System32\IMM32.DLL
0x00007ffe0f860000 - 0x00007ffe0f86c000 	C:\Program Files\Java\jdk-19\bin\vcruntime140_1.dll
0x00007ffda3070000 - 0x00007ffda30fe000 	C:\Program Files\Java\jdk-19\bin\msvcp140.dll
0x00007ffd8abd0000 - 0x00007ffd8b890000 	C:\Program Files\Java\jdk-19\bin\server\jvm.dll
0x00007ffdf5330000 - 0x00007ffdf5339000 	C:\WINDOWS\SYSTEM32\WSOCK32.dll
0x00007ffe0ead0000 - 0x00007ffe0eb03000 	C:\WINDOWS\SYSTEM32\WINMM.dll
0x00007ffe14c70000 - 0x00007ffe14cdf000 	C:\WINDOWS\System32\WS2_32.dll
0x00007ffe12cf0000 - 0x00007ffe12d08000 	C:\WINDOWS\SYSTEM32\kernel.appcore.dll
0x00007ffe0f850000 - 0x00007ffe0f85a000 	C:\Program Files\Java\jdk-19\bin\jimage.dll
0x00007ffe118d0000 - 0x00007ffe11af1000 	C:\WINDOWS\SYSTEM32\DBGHELP.DLL
0x00007ffdfeb00000 - 0x00007ffdfeb31000 	C:\WINDOWS\SYSTEM32\dbgcore.DLL
0x00007ffe14500000 - 0x00007ffe1457f000 	C:\WINDOWS\System32\bcryptPrimitives.dll
0x00007ffe0ef30000 - 0x00007ffe0ef56000 	C:\Program Files\Java\jdk-19\bin\java.dll
0x00007ffdc3470000 - 0x00007ffdc3547000 	C:\Program Files\Java\jdk-19\bin\jsvml.dll
0x00007ffe14d10000 - 0x00007ffe154c8000 	C:\WINDOWS\System32\SHELL32.dll
0x00007ffe11d60000 - 0x00007ffe125c5000 	C:\WINDOWS\SYSTEM32\windows.storage.dll
0x00007ffe16270000 - 0x00007ffe165e8000 	C:\WINDOWS\System32\combase.dll
0x00007ffe11bf0000 - 0x00007ffe11d56000 	C:\WINDOWS\SYSTEM32\wintypes.dll
0x00007ffe165f0000 - 0x00007ffe166da000 	C:\WINDOWS\System32\SHCORE.dll
0x00007ffe15c00000 - 0x00007ffe15c5d000 	C:\WINDOWS\System32\shlwapi.dll
0x00007ffe13ba0000 - 0x00007ffe13bc1000 	C:\WINDOWS\SYSTEM32\profapi.dll
0x00007ffe01f40000 - 0x00007ffe01f53000 	C:\Program Files\Java\jdk-19\bin\net.dll
0x00007ffe0dd10000 - 0x00007ffe0de24000 	C:\WINDOWS\SYSTEM32\WINHTTP.dll
0x00007ffe13190000 - 0x00007ffe131f7000 	C:\WINDOWS\system32\mswsock.dll
0x00007ffdf8e40000 - 0x00007ffdf8e56000 	C:\Program Files\Java\jdk-19\bin\nio.dll
0x00007ffdbce60000 - 0x00007ffdbcff1000 	C:\Program Files\Java\jdk-19\bin\awt.dll
0x00007ffe14740000 - 0x00007ffe14816000 	C:\WINDOWS\System32\OLEAUT32.dll
0x00007ffe11430000 - 0x00007ffe1145f000 	C:\WINDOWS\system32\DWMAPI.DLL
0x00007ffe10fb0000 - 0x00007ffe1105c000 	C:\WINDOWS\system32\uxtheme.dll
0x00007ffded670000 - 0x00007ffded771000 	C:\WINDOWS\system32\opengl32.dll
0x00007ffdf0da0000 - 0x00007ffdf0dcd000 	C:\WINDOWS\SYSTEM32\GLU32.dll
0x00007ffe110b0000 - 0x00007ffe110e8000 	C:\WINDOWS\SYSTEM32\dxcore.dll
0x00007ffe149a0000 - 0x00007ffe14abd000 	C:\WINDOWS\System32\MSCTF.dll
0x00007ffe160d0000 - 0x00007ffe1626a000 	C:\WINDOWS\System32\ole32.dll
0x00007ffdf4020000 - 0x00007ffdf4038000 	C:\Program Files\Java\jdk-19\bin\zip.dll
0x00007ffe0f2c0000 - 0x00007ffe0f2ee000 	C:\Program Files\Java\jdk-19\bin\javajpeg.dll
0x00007ffda2ee0000 - 0x00007ffda2f66000 	C:\Program Files\Java\jdk-19\bin\freetype.dll
0x00007ffda2e30000 - 0x00007ffda2ed9000 	C:\Program Files\Java\jdk-19\bin\fontmanager.dll
0x00007ffe157f0000 - 0x00007ffe158a5000 	C:\WINDOWS\System32\clbcatq.dll
0x00007ffe0ba80000 - 0x00007ffe0bc2e000 	C:\WINDOWS\SYSTEM32\WindowsCodecs.dll
0x00007ffdf0520000 - 0x00007ffdf057d000 	C:\WINDOWS\system32\dataexchange.dll
0x00007ffe0b400000 - 0x00007ffe0b666000 	C:\WINDOWS\system32\twinapi.appcore.dll
0x00007ffdf98c0000 - 0x00007ffdf99ed000 	C:\WINDOWS\SYSTEM32\textinputframework.dll
0x00007ffe10b40000 - 0x00007ffe10c71000 	C:\WINDOWS\SYSTEM32\CoreMessaging.dll
0x00007ffe0d730000 - 0x00007ffe0da9d000 	C:\WINDOWS\SYSTEM32\CoreUIComponents.dll
0x00007ffe133f0000 - 0x00007ffe133fc000 	C:\WINDOWS\SYSTEM32\CRYPTBASE.DLL

dbghelp: loaded successfully - version: 4.0.5 - missing functions: none
symbol engine: initialized successfully - sym options: 0x614 - pdb path: .;C:\Program Files\Java\jdk-19\bin;C:\WINDOWS\SYSTEM32;C:\WINDOWS\WinSxS\amd64_microsoft.windows.common-controls_6595b64144ccf1df_6.0.22000.120_none_9d947278b86cc467;C:\Program Files\Java\jdk-19\bin\server

VM Arguments:
jvm_args: -Dfile.encoding=UTF-8 --module-path=D:\QuizApplication\Quiz-Application-Using-Java-master\build\classes 
java_command: quiz.application.Login
java_class_path (initial): D:\QuizApplication\Quiz-Application-Using-Java-master\build\classes
Launcher Type: SUN_STANDARD

[Global flags]
     intx CICompilerCount                          = 3                                         {product} {ergonomic}
     uint ConcGCThreads                            = 1                                         {product} {ergonomic}
     uint G1ConcRefinementThreads                  = 4                                         {product} {ergonomic}
   size_t G1HeapRegionSize                         = 1048576                                   {product} {ergonomic}
    uintx GCDrainStackTargetSize                   = 64                                        {product} {ergonomic}
   size_t InitialHeapSize                          = 65011712                                  {product} {ergonomic}
   size_t MarkStackSize                            = 4194304                                   {product} {ergonomic}
   size_t MaxHeapSize                              = 1021313024                                {product} {ergonomic}
   size_t MaxNewSize                               = 612368384                                 {product} {ergonomic}
   size_t MinHeapDeltaBytes                        = 1048576                                   {product} {ergonomic}
   size_t MinHeapSize                              = 8388608                                   {product} {ergonomic}
    uintx NonNMethodCodeHeapSize                   = 5832780                                {pd product} {ergonomic}
    uintx NonProfiledCodeHeapSize                  = 122912730                              {pd product} {ergonomic}
    uintx ProfiledCodeHeapSize                     = 122912730                              {pd product} {ergonomic}
    uintx ReservedCodeCacheSize                    = 251658240                              {pd product} {ergonomic}
     bool SegmentedCodeCache                       = true                                      {product} {ergonomic}
   size_t SoftMaxHeapSize                          = 1021313024                             {manageable} {ergonomic}
     bool UseCompressedClassPointers               = true                           {product lp64_product} {ergonomic}
     bool UseCompressedOops                        = true                           {product lp64_product} {ergonomic}
     bool UseG1GC                                  = true                                      {product} {ergonomic}
     bool UseLargePagesIndividualAllocation        = false                                  {pd product} {ergonomic}

Logging:
Log output configuration:
 #0: stdout all=warning uptime,level,tags foldmultilines=false
 #1: stderr all=off uptime,level,tags foldmultilines=false

Environment Variables:
JAVA_HOME=C:\Users\Lenovo\AppData\Local\Programs\Eclipse Adoptium\jdk-17.0.4.101-hotspot\
PATH=C:\Program Files\Common Files\Oracle\Java\javapath;C:\Program Files (x86)\Common Files\Oracle\Java\javapath;C:\WINDOWS\system32;C:\WINDOWS;C:\WINDOWS\System32\Wbem;C:\WINDOWS\System32\WindowsPowerShell\v1.0\;C:\WINDOWS\System32\OpenSSH\;C:\MinGW\bin;C:\Program Files\Java\jdk-19\bin;C:\Users\Lenovo\AppData\Local\Programs\Eclipse Adoptium\jdk-17.0.4.101-hotspot\bin;C:\Users\Lenovo\AppData\Local\Microsoft\WindowsApps;;C:\Users\Lenovo\AppData\Local\Programs\Microsoft VS Code\bin;C:\Program Files\Microsoft Office\root\Client
USERNAME=Lenovo
OS=Windows_NT
PROCESSOR_IDENTIFIER=Intel64 Family 6 Model 126 Stepping 5, GenuineIntel
TMP=C:\Users\Lenovo\AppData\Local\Temp
TEMP=C:\Users\Lenovo\AppData\Local\Temp



---------------  S Y S T E M  ---------------

OS:
 Windows 11 , 64 bit Build 22000 (10.0.22000.1219)
OS uptime: 0 days 4:29 hours

CPU: total 4 (initial active 4) (2 cores per cpu, 2 threads per core) family 6 model 126 stepping 5 microcode 0x86, cx8, cmov, fxsr, ht, mmx, 3dnowpref, sse, sse2, sse3, ssse3, sse4.1, sse4.2, popcnt, lzcnt, tsc, tscinvbit, avx, avx2, aes, erms, clmul, bmi1, bmi2, adx, avx512f, avx512dq, avx512cd, avx512bw, avx512vl, sha, fma, vzeroupper, avx512_vpopcntdq, avx512_vpclmulqdq, avx512_vaes, avx512_vnni, clflush, clflushopt, avx512_vbmi2, avx512_vbmi, rdtscp, rdpid, fsrm, gfni, avx512_bitalg

Memory: 4k page, system-wide physical 3891M (338M free)
TotalPageFile size 15667M (AvailPageFile size 0M)
current process WorkingSet (physical memory assigned to process): 10M, peak: 96M
current process commit charge ("private bytes"): 159M, peak: 164M

vm_info: Java HotSpot(TM) 64-Bit Server VM (19+36-2238) for windows-amd64 JRE (19+36-2238), built on 2022-08-12T20:29:01Z by "mach5one" with MS VC++ 17.1 (VS2022)

END.
