#
# There is insufficient memory for the Java Runtime Environment to continue.
# Native memory allocation (malloc) failed to allocate 32744 bytes for Chunk::new
# Possible reasons:
#   The system is out of physical RAM or swap space
#   The process is running with CompressedOops enabled, and the Java Heap may be blocking the growth of the native heap
# Possible solutions:
#   Reduce memory load on the system
#   Increase physical memory or swap space
#   Check if swap backing store is full
#   Decrease Java heap size (-Xmx/-Xms)
#   Decrease number of Java threads
#   Decrease Java thread stack sizes (-Xss)
#   Set larger code cache with -XX:ReservedCodeCacheSize=
#   JVM is running with Unscaled Compressed Oops mode in which the Java heap is
#     placed in the first 4GB address space. The Java Heap base address is the
#     maximum limit for the native heap growth. Please use -XX:HeapBaseMinAddress
#     to set the Java Heap base and to place the Java Heap above 4GB virtual address.
# This output file may be truncated or incomplete.
#
#  Out of Memory Error (arena.cpp:184), pid=23776, tid=12868
#
# JRE version: Java(TM) SE Runtime Environment (19.0+36) (build 19+36-2238)
# Java VM: Java HotSpot(TM) 64-Bit Server VM (19+36-2238, mixed mode, sharing, tiered, compressed oops, compressed class ptrs, g1 gc, windows-amd64)
# No core dump will be written. Minidumps are not enabled by default on client versions of Windows
#

---------------  S U M M A R Y ------------

Command Line: -Dfile.encoding=UTF-8 --module-path=D:\QuizApplication\Quiz-Application-Using-Java-master\build\classes quiz.application.Login

Host: Intel(R) Core(TM) i3-1005G1 CPU @ 1.20GHz, 4 cores, 3G,  Windows 11 , 64 bit Build 22000 (10.0.22000.1219)
Time: Sat Nov 26 16:04:23 2022 India Standard Time elapsed time: 1440.376915 seconds (0d 0h 24m 0s)

---------------  T H R E A D  ---------------

Current thread (0x000001877777acf0):  JavaThread "AWT-EventQueue-0" [_thread_in_vm, id=12868, stack(0x000000545bb00000,0x000000545bc00000)]

Stack: [0x000000545bb00000,0x000000545bc00000]
Native frames: (J=compiled Java code, j=interpreted, Vv=VM code, C=native code)
V  [jvm.dll+0x6ee8fa]
V  [jvm.dll+0x857a1e]
V  [jvm.dll+0x85940e]
V  [jvm.dll+0x859ac3]
V  [jvm.dll+0x28291f]
V  [jvm.dll+0xc9b5f]
V  [jvm.dll+0xc9ee5]
V  [jvm.dll+0x84da18]
V  [jvm.dll+0x84d01a]
V  [jvm.dll+0x47a5df]
C  0x000001876744989c

Java frames: (J=compiled Java code, j=interpreted, Vv=VM code)
J 1019  java.security.AccessController.getStackAccessControlContext()Ljava/security/AccessControlContext; java.base@19 (0 bytes) @ 0x0000018767449806 [0x00000187674497c0+0x0000000000000046]
J 1018 c1 java.security.AccessController.getContext()Ljava/security/AccessControlContext; java.base@19 (23 bytes) @ 0x000001875faad1ac [0x000001875faad160+0x000000000000004c]
J 1082 c1 java.awt.AWTEvent.<init>(Ljava/lang/Object;I)V java.desktop@19 (81 bytes) @ 0x000001875fac5dbc [0x000001875fac5c60+0x000000000000015c]
J 1189 c1 java.awt.event.InvocationEvent.<init>(Ljava/lang/Object;ILjava/lang/Runnable;Ljava/lang/Object;Ljava/lang/Runnable;Z)V java.desktop@19 (47 bytes) @ 0x000001875faff74c [0x000001875faff6c0+0x000000000000008c]
j  java.awt.event.InvocationEvent.<init>(Ljava/lang/Object;Ljava/lang/Runnable;Ljava/lang/Object;Z)V+10 java.desktop@19
j  sun.awt.PeerEvent.<init>(Ljava/lang/Object;Ljava/lang/Runnable;Ljava/lang/Object;ZJ)V+6 java.desktop@19
j  sun.awt.PeerEvent.<init>(Ljava/lang/Object;Ljava/lang/Runnable;J)V+6 java.desktop@19
j  sun.awt.SunToolkit.executeOnEventHandlerThread(Ljava/lang/Object;Ljava/lang/Runnable;)V+7 java.desktop@19
j  sun.awt.windows.WWindowPeer.displayChanged()V+10 java.desktop@19
j  sun.awt.SunDisplayChanger.notifyListeners()V+108 java.desktop@19
j  sun.awt.Win32GraphicsDevice.displayChanged()V+39 java.desktop@19
j  sun.awt.Win32GraphicsEnvironment.displayChanged()V+198 java.desktop@19
j  sun.awt.windows.WToolkit.lambda$displayChanged$4()V+15 java.desktop@19
j  sun.awt.windows.WToolkit$$Lambda$158+0x000000080109d9b0.run()V+0 java.desktop@19
J 1198 c1 java.awt.event.InvocationEvent.dispatch()V java.desktop@19 (69 bytes) @ 0x000001875fb02b9c [0x000001875fb02980+0x000000000000021c]
J 1145 c1 java.awt.EventQueue.dispatchEventImpl(Ljava/awt/AWTEvent;Ljava/lang/Object;)V java.desktop@19 (139 bytes) @ 0x000001875fae9684 [0x000001875fae7c40+0x0000000000001a44]
J 1148 c1 java.awt.EventQueue$4.run()Ljava/lang/Void; java.desktop@19 (60 bytes) @ 0x000001875faec6ac [0x000001875faec580+0x000000000000012c]
J 1091 c1 java.awt.EventQueue.dispatchEvent(Ljava/awt/AWTEvent;)V java.desktop@19 (80 bytes) @ 0x000001875faca90c [0x000001875faca360+0x00000000000005ac]
J 1150 c1 java.awt.EventDispatchThread.pumpOneEventForFilters(I)V java.desktop@19 (116 bytes) @ 0x000001875faed494 [0x000001875faeccc0+0x00000000000007d4]
j  java.awt.EventDispatchThread.pumpEventsForFilter(ILjava/awt/Conditional;Ljava/awt/EventFilter;)V+35 java.desktop@19
j  java.awt.EventDispatchThread.pumpEventsForHierarchy(ILjava/awt/Conditional;Ljava/awt/Component;)V+11 java.desktop@19
j  java.awt.EventDispatchThread.pumpEvents(ILjava/awt/Conditional;)V+4 java.desktop@19
j  java.awt.EventDispatchThread.pumpEvents(Ljava/awt/Conditional;)V+3 java.desktop@19
j  java.awt.EventDispatchThread.run()V+9 java.desktop@19
v  ~StubRoutines::call_stub 0x0000018766e610e8

Compiled method (n/a) 1441340 1019     n 0       java.security.AccessController::getStackAccessControlContext (native)
 total in heap  [0x0000018767449610,0x0000018767449ce0] = 1744
 relocation     [0x0000018767449770,0x00000187674497a8] = 56
 main code      [0x00000187674497c0,0x0000018767449cdd] = 1309
 stub code      [0x0000018767449cdd,0x0000018767449ce0] = 3

[Constant Pool (empty)]

[MachCode]
[Entry Point]
  # {method} {0x0000000800063838} 'getStackAccessControlContext' '()Ljava/security/AccessControlContext;' in 'java/security/AccessController'
  #           [sp+0x70]  (sp of caller)
  0x00000187674497c0: 448b 5208 | 49bb 0000 | 0000 0800 | 0000 4d03 | d349 3bc2 | 0f84 0600 

  0x00000187674497d8: ;   {runtime_call ic_miss_stub}
  0x00000187674497d8: 0000 e9a1 | 87a7 ff90 
[Verified Entry Point]
  0x00000187674497e0: 8984 2400 | 90ff ff55 | 488b ec48 

  0x00000187674497ec: ;   {oop(a 'java/lang/Class'{0x00000000c6f02068} = 'java/security/AccessController')}
  0x00000187674497ec: 83ec 6049 | be68 20f0 | c600 0000 | 004c 8974 | 2450 4c8d | 7424 5049 | 8bd6 c5f8 

  0x0000018767449808: ;   {internal_word}
  0x0000018767449808: 7749 ba06 | 9844 6787 | 0100 004d | 8997 c802 | 0000 4989 | a7c0 0200 

  0x0000018767449820: ;   {external_word}
  0x0000018767449820: 0049 bad9 | 847a 8bfd | 7f00 0041 | 803a 000f | 8448 0000 

  0x0000018767449834: ;   {metadata({method} {0x0000000800063838} 'getStackAccessControlContext' '()Ljava/security/AccessControlContext;' in 'java/security/AccessController')}
  0x0000018767449834: 0052 48ba | 3038 0600 | 0800 0000 | 498b cf48 | 83ec 2040 | f6c4 0f0f | 841a 0000 | 0048 83ec 
  0x0000018767449854: ;   {runtime_call}
  0x0000018767449854: 0849 ba90 | 2b32 8bfd | 7f00 0041 | ffd2 4883 | c408 e90d 

  0x0000018767449868: ;   {runtime_call}
  0x0000018767449868: 0000 0049 | ba90 2b32 | 8bfd 7f00 | 0041 ffd2 | 4883 c420 | 5a49 8d8f | e002 0000 | 41c7 8774 
  0x0000018767449888: 0300 0004 

  0x000001876744988c: ;   {runtime_call}
  0x000001876744988c: 0000 0049 | ba14 10f3 | 0efe 7f00 | 0041 ffd2 | c5f8 7741 | c787 7403 | 0000 0500 | 0000 f083 
  0x00000187674498ac: 4424 c000 | 493b af78 | 0300 000f | 8711 0000 | 0041 81bf | 7003 0000 | 0000 0000 | 0f84 2c00 
  0x00000187674498cc: 0000 c5f8 | 7748 8945 | f849 8bcf | 4c8b e448 | 83ec 2048 

  0x00000187674498e0: ;   {runtime_call}
  0x00000187674498e0: 83e4 f049 | baa0 183d | 8bfd 7f00 | 0041 ffd2 | 498b e44d | 33e4 488b | 45f8 41c7 | 8774 0300 
  0x0000018767449900: 0008 0000 | 0041 81bf | e803 0000 | 0200 0000 | 0f84 9903 

  0x0000018767449914: ;   {external_word}
  0x0000018767449914: 0000 49ba | d984 7a8b | fd7f 0000 | 4180 3a00 | 0f84 4e00 | 0000 4889 

  0x000001876744992c: ;   {metadata({method} {0x0000000800063838} 'getStackAccessControlContext' '()Ljava/security/AccessControlContext;' in 'java/security/AccessController')}
  0x000001876744992c: 45f8 48ba | 3038 0600 | 0800 0000 | 498b cf48 | 83ec 2040 | f6c4 0f0f | 841a 0000 | 0048 83ec 
  0x000001876744994c: ;   {runtime_call}
  0x000001876744994c: 0849 ba90 | 2b32 8bfd | 7f00 0041 | ffd2 4883 | c408 e90d 

  0x0000018767449960: ;   {runtime_call}
  0x0000018767449960: 0000 0049 | ba90 2b32 | 8bfd 7f00 | 0041 ffd2 | 4883 c420 | 488b 45f8 | 49c7 87c0 | 0200 0000 
  0x0000018767449980: 0000 0049 | c787 c802 | 0000 0000 | 0000 c5f8 | 7748 85c0 | 0f84 ef02 | 0000 a801 | 0f84 e402 
  0x00000187674499a0: 0000 488b | 40ff 4180 | 7f40 000f | 84d0 0200 | 0048 83f8 | 000f 84c6 | 0200 0049 | 8b4f 2848 
  0x00000187674499c0: 83f9 000f | 8414 0000 | 0048 83e9 | 0849 894f | 2849 034f | 3848 8901 | e9a4 0200 | 0048 81ec 
  0x00000187674499e0: 5001 0000 | 4889 0424 | 4889 4c24 | 0848 8954 | 2410 4889 | 7424 1848 | 897c 2420 | 4c89 4424 
  0x0000018767449a00: 284c 894c | 2430 4c89 | 5424 384c | 895c 2440 | c5fb 1144 | 2450 c5fb | 114c 2458 | c5fb 1154 
  0x0000018767449a20: 2460 c5fb | 115c 2468 | c5fb 1164 | 2470 c5fb | 116c 2478 | c5fb 11b4 | 2480 0000 | 00c5 fb11 
  0x0000018767449a40: bc24 8800 | 0000 c57b | 1184 2490 | 0000 00c5 | 7b11 8c24 | 9800 0000 | c57b 1194 | 24a0 0000 
  0x0000018767449a60: 00c5 7b11 | 9c24 a800 | 0000 c57b | 11a4 24b0 | 0000 00c5 | 7b11 ac24 | b800 0000 | c57b 11b4 
  0x0000018767449a80: 24c0 0000 | 00c5 7b11 | bc24 c800 | 0000 62e1 | ff08 1144 | 241a 62e1 | ff08 114c | 241b 62e1 
  0x0000018767449aa0: ff08 1154 | 241c 62e1 | ff08 115c | 241d 62e1 | ff08 1164 | 241e 62e1 | ff08 116c | 241f 62e1 
  0x0000018767449ac0: ff08 1174 | 2420 62e1 | ff08 117c | 2421 6261 | ff08 1144 | 2422 6261 | ff08 114c | 2423 6261 
  0x0000018767449ae0: ff08 1154 | 2424 6261 | ff08 115c | 2425 6261 | ff08 1164 | 2426 6261 | ff08 116c | 2427 6261 
  0x0000018767449b00: ff08 1174 | 2428 6261 | ff08 117c | 2429 498b | d748 8bc8 | 4883 ec20 | 40f6 c40f | 0f84 1a00 
  0x0000018767449b20: 0000 4883 

  0x0000018767449b24: ;   {runtime_call}
  0x0000018767449b24: ec08 49ba | b01b ef8a | fd7f 0000 | 41ff d248 | 83c4 08e9 | 0d00 0000 

  0x0000018767449b3c: ;   {runtime_call}
  0x0000018767449b3c: 49ba b01b | ef8a fd7f | 0000 41ff | d248 83c4 | 2062 61ff | 0810 7c24 | 2962 61ff | 0810 7424 
  0x0000018767449b5c: 2862 61ff | 0810 6c24 | 2762 61ff | 0810 6424 | 2662 61ff | 0810 5c24 | 2562 61ff | 0810 5424 
  0x0000018767449b7c: 2462 61ff | 0810 4c24 | 2362 61ff | 0810 4424 | 2262 e1ff | 0810 7c24 | 2162 e1ff | 0810 7424 
  0x0000018767449b9c: 2062 e1ff | 0810 6c24 | 1f62 e1ff | 0810 6424 | 1e62 e1ff | 0810 5c24 | 1d62 e1ff | 0810 5424 
  0x0000018767449bbc: 1c62 e1ff | 0810 4c24 | 1b62 e1ff | 0810 4424 | 1ac5 7b10 | bc24 c800 | 0000 c57b | 10b4 24c0 
  0x0000018767449bdc: 0000 00c5 | 7b10 ac24 | b800 0000 | c57b 10a4 | 24b0 0000 | 00c5 7b10 | 9c24 a800 | 0000 c57b 
  0x0000018767449bfc: 1094 24a0 | 0000 00c5 | 7b10 8c24 | 9800 0000 | c57b 1084 | 2490 0000 | 00c5 fb10 | bc24 8800 
  0x0000018767449c1c: 0000 c5fb | 10b4 2480 | 0000 00c5 | fb10 6c24 | 78c5 fb10 | 6424 70c5 | fb10 5c24 | 68c5 fb10 
  0x0000018767449c3c: 5424 60c5 | fb10 4c24 | 58c5 fb10 | 4424 504c | 8b5c 2440 | 4c8b 5424 | 384c 8b4c | 2430 4c8b 
  0x0000018767449c5c: 4424 2848 | 8b7c 2420 | 488b 7424 | 1848 8b54 | 2410 488b | 4c24 0848 | 8b04 2448 | 81c4 5001 
  0x0000018767449c7c: 0000 c5f8 | 77e9 0300 | 0000 488b | 0049 8b8f | 5003 0000 | c781 0001 | 0000 0000 | 0000 c949 
  0x0000018767449c9c: 817f 0800 | 0000 000f | 8501 0000 

  0x0000018767449ca8: ;   {runtime_call StubRoutines (1)}
  0x0000018767449ca8: 00c3 e951 | 72a1 ffc5 | f877 4889 | 45f8 4c8b | e448 83ec | 2048 83e4 

  0x0000018767449cc0: ;   {runtime_call}
  0x0000018767449cc0: f049 bad0 | 5f32 8bfd | 7f00 0041 | ffd2 498b | e44d 33e4 | 488b 45f8 | e939 fcff | fff4 f4f4 
[/MachCode]


Compiled method (c1) 1441392 1018       3       java.security.AccessController::getContext (23 bytes)
 total in heap  [0x000001875faacf90,0x000001875faad538] = 1448
 relocation     [0x000001875faad0f0,0x000001875faad158] = 104
 main code      [0x000001875faad160,0x000001875faad3e0] = 640
 stub code      [0x000001875faad3e0,0x000001875faad438] = 88
 metadata       [0x000001875faad438,0x000001875faad450] = 24
 scopes data    [0x000001875faad450,0x000001875faad490] = 64
 scopes pcs     [0x000001875faad490,0x000001875faad520] = 144
 dependencies   [0x000001875faad520,0x000001875faad528] = 8
 nul chk table  [0x000001875faad528,0x000001875faad538] = 16

[Constant Pool (empty)]

[MachCode]
[Verified Entry Point]
  # {method} {0x0000000800063720} 'getContext' '()Ljava/security/AccessControlContext;' in 'java/security/AccessController'
  #           [sp+0x60]  (sp of caller)
  0x000001875faad160: 8984 2400 | 90ff ff55 | 4883 ec50 

  0x000001875faad16c: ;   {metadata(method data for {method} {0x0000000800063720} 'getContext' '()Ljava/security/AccessControlContext;' in 'java/security/AccessController')}
  0x000001875faad16c: 48be d062 | bb73 8701 | 0000 8bbe | cc00 0000 | 83c7 0289 | becc 0000 | 0081 e7fe | 0700 0083 
  0x000001875faad18c: ff00 0f84 | 7301 0000 

  0x000001875faad194: ;   {metadata(method data for {method} {0x0000000800063720} 'getContext' '()Ljava/security/AccessControlContext;' in 'java/security/AccessController')}
  0x000001875faad194: 48be d062 | bb73 8701 | 0000 4883 | 8610 0100 

  0x000001875faad1a4: ;   {static_call}
  0x000001875faad1a4: 0001 90e8 

  0x000001875faad1a8: ; ImmutableOopMap {}
                      ;*invokestatic getStackAccessControlContext {reexecute=0 rethrow=0 return_oop=0}
                      ; - java.security.AccessController::getContext@0 (line 1003)
  0x000001875faad1a8: 34c6 9907 | 4883 f800 

  0x000001875faad1b0: ;   {metadata(method data for {method} {0x0000000800063720} 'getContext' '()Ljava/security/AccessControlContext;' in 'java/security/AccessController')}
  0x000001875faad1b0: 48ba d062 | bb73 8701 | 0000 48be | 2001 0000 | 0000 0000 | 0f85 0a00 | 0000 48be | 3001 0000 
  0x000001875faad1d0: 0000 0000 | 488b 3c32 | 488d 7f01 | 4889 3c32 | 0f85 ed00 

  0x000001875faad1e4: ;   {metadata('java/security/AccessControlContext')}
  0x000001875faad1e4: 0000 48ba | f80d 0600 | 0800 0000 | 498b 87f8 | 0000 0048 | 8d78 2849 | 3bbf 0801 | 0000 0f87 
  0x000001875faad204: 2001 0000 | 4989 bff8 | 0000 0048 | c700 0100 | 0000 488b | ca49 ba00 | 0000 0008 | 0000 0049 
  0x000001875faad224: 2bca 8948 | 0848 33c9 | 8948 0c48 | 33c9 4889 | 4810 4889 | 4818 4889 | 4820 488b 

  0x000001875faad240: ;   {metadata(method data for {method} {0x0000000800063720} 'getContext' '()Ljava/security/AccessControlContext;' in 'java/security/AccessController')}
  0x000001875faad240: d048 bed0 | 62bb 7387 | 0100 0048 | 8386 4001 

  0x000001875faad250: ;   {metadata(method data for {method} {0x0000000800061d38} '<init>' '([Ljava/security/ProtectionDomain;Z)V' in 'java/security/AccessControlContext')}
  0x000001875faad250: 0000 0148 | ba90 64bb | 7387 0100 | 008b b2cc | 0000 0083 | c602 89b2 | cc00 0000 | 81e6 feff 
  0x000001875faad270: 1f00 83fe | 000f 84ba | 0000 0048 

  0x000001875faad27c: ;   {metadata(method data for {method} {0x0000000800061d38} '<init>' '([Ljava/security/ProtectionDomain;Z)V' in 'java/security/AccessControlContext')}
  0x000001875faad27c: 8bd0 48be | 9064 bb73 | 8701 0000 | 4883 8610 | 0100 0001 

  0x000001875faad290: ;   {metadata(method data for {method} {0x00000008004618d8} '<init>' '()V' in 'java/lang/Object')}
  0x000001875faad290: 48ba 7877 | 4073 8701 | 0000 8bb2 | cc00 0000 | 83c6 0289 | b2cc 0000 | 0081 e6fe | ff1f 0083 
  0x000001875faad2b0: fe00 0f84 | 9e00 0000 | c640 0c01 | c640 0d01 | 4883 c450 

  0x000001875faad2c4: ;   {poll_return}
  0x000001875faad2c4: 5d49 3ba7 | 7803 0000 | 0f87 a500 | 0000 c348 | 3b00 488b 

  0x000001875faad2d8: ;   {metadata(method data for {method} {0x0000000800063720} 'getContext' '()Ljava/security/AccessControlContext;' in 'java/security/AccessController')}
  0x000001875faad2d8: d048 bed0 | 62bb 7387 | 0100 0048 | 8386 5001 | 0000 0148 

  0x000001875faad2ec: ;   {optimized virtual_call}
  0x000001875faad2ec: 8bd0 90e8 

  0x000001875faad2f0: ; ImmutableOopMap {}
                      ;*invokevirtual optimize {reexecute=0 rethrow=0 return_oop=0}
                      ; - java.security.AccessController::getContext@19 (line 1009)
  0x000001875faad2f0: cc14 ffff | 4883 c450 

  0x000001875faad2f8: ;   {poll_return}
  0x000001875faad2f8: 5d49 3ba7 | 7803 0000 | 0f87 8c00 

  0x000001875faad304: ;   {metadata({method} {0x0000000800063720} 'getContext' '()Ljava/security/AccessControlContext;' in 'java/security/AccessController')}
  0x000001875faad304: 0000 c349 | ba18 3706 | 0008 0000 | 004c 8954 | 2408 48c7 | 0424 ffff 

  0x000001875faad31c: ;   {runtime_call counter_overflow Runtime1 stub}
  0x000001875faad31c: ffff e85d 

  0x000001875faad320: ; ImmutableOopMap {}
                      ;*synchronization entry
                      ; - java.security.AccessController::getContext@-1 (line 1003)
  0x000001875faad320: 764c 07e9 | 6cfe ffff 

  0x000001875faad328: ;   {runtime_call fast_new_instance Runtime1 stub}
  0x000001875faad328: 488b d2e8 

  0x000001875faad32c: ; ImmutableOopMap {}
                      ;*new {reexecute=0 rethrow=0 return_oop=0}
                      ; - java.security.AccessController::getContext@8 (line 1007)
  0x000001875faad32c: d00c 4c07 | e909 ffff 

  0x000001875faad334: ;   {metadata({method} {0x0000000800061d38} '<init>' '([Ljava/security/ProtectionDomain;Z)V' in 'java/security/AccessControlContext')}
  0x000001875faad334: ff49 ba30 | 1d06 0008 | 0000 004c | 8954 2408 | 48c7 0424 | ffff ffff 

  0x000001875faad34c: ;   {runtime_call counter_overflow Runtime1 stub}
  0x000001875faad34c: e82f 764c 

  0x000001875faad350: ; ImmutableOopMap {rax=Oop }
                      ;*synchronization entry
                      ; - java.security.AccessControlContext::<init>@-1 (line 300)
                      ; - java.security.AccessController::getContext@14 (line 1007)
  0x000001875faad350: 07e9 25ff 

  0x000001875faad354: ;   {metadata({method} {0x00000008004618d8} '<init>' '()V' in 'java/lang/Object')}
  0x000001875faad354: ffff 49ba | d018 4600 | 0800 0000 | 4c89 5424 | 0848 c704 | 24ff ffff 

  0x000001875faad36c: ;   {runtime_call counter_overflow Runtime1 stub}
  0x000001875faad36c: ffe8 0e76 

  0x000001875faad370: ; ImmutableOopMap {rax=Oop }
                      ;*synchronization entry
                      ; - java.lang.Object::<init>@-1 (line 45)
                      ; - java.security.AccessControlContext::<init>@1 (line 300)
                      ; - java.security.AccessController::getContext@14 (line 1007)
  0x000001875faad370: 4c07 e941 

  0x000001875faad374: ;   {internal_word}
  0x000001875faad374: ffff ff49 | bac5 d2aa | 5f87 0100 | 004d 8997 | 9003 0000 

  0x000001875faad388: ;   {runtime_call SafepointBlob}
  0x000001875faad388: e9f3 bf41 

  0x000001875faad38c: ;   {runtime_call throw_null_pointer_exception Runtime1 stub}
  0x000001875faad38c: 07e8 8efb 

  0x000001875faad390: ; ImmutableOopMap {rax=Oop }
                      ;*invokevirtual optimize {reexecute=0 rethrow=0 return_oop=0}
                      ; - java.security.AccessController::getContext@19 (line 1009)
                      ;   {internal_word}
  0x000001875faad390: 4b07 49ba | f9d2 aa5f | 8701 0000 | 4d89 9790 

  0x000001875faad3a0: ;   {runtime_call SafepointBlob}
  0x000001875faad3a0: 0300 00e9 | d8bf 4107 | 498b 8720 | 0400 0049 | c787 2004 | 0000 0000 | 0000 49c7 | 8728 0400 
  0x000001875faad3c0: 0000 0000 | 0048 83c4 

  0x000001875faad3c8: ;   {runtime_call unwind_exception Runtime1 stub}
  0x000001875faad3c8: 505d e931 | ec4b 07f4 | f4f4 f4f4 | f4f4 f4f4 | f4f4 f4f4 | f4f4 f4f4 
[Stub Code]
  0x000001875faad3e0: ;   {no_reloc}
  0x000001875faad3e0: 0f1f 4400 

  0x000001875faad3e4: ;   {static_stub}
  0x000001875faad3e4: 0048 bb00 | 0000 0000 

  0x000001875faad3ec: ;   {runtime_call}
  0x000001875faad3ec: 0000 00e9 | fbff ffff 

  0x000001875faad3f4: ;   {static_stub}
  0x000001875faad3f4: 9048 bb00 | 0000 0000 

  0x000001875faad3fc: ;   {runtime_call}
  0x000001875faad3fc: 0000 00e9 | fbff ffff 
[Exception Handler]
  0x000001875faad404: ;   {runtime_call handle_exception_from_callee Runtime1 stub}
  0x000001875faad404: e8f7 324c 

  0x000001875faad408: ;   {external_word}
  0x000001875faad408: 0748 b938 | 4953 8bfd | 7f00 0048 

  0x000001875faad414: ;   {runtime_call}
  0x000001875faad414: 83e4 f049 | ba00 fe1e | 8bfd 7f00 | 0041 ffd2 

  0x000001875faad424: ;   {section_word}
  0x000001875faad424: f449 ba25 | d4aa 5f87 | 0100 0041 

  0x000001875faad430: ;   {runtime_call DeoptimizationBlob}
  0x000001875faad430: 52e9 ead3 | 4107 f4f4 
[/MachCode]


Compiled method (c1) 1441419 1082       3       java.awt.AWTEvent::<init> (81 bytes)
 total in heap  [0x000001875fac5a90,0x000001875fac6238] = 1960
 relocation     [0x000001875fac5bf0,0x000001875fac5c60] = 112
 main code      [0x000001875fac5c60,0x000001875fac60c0] = 1120
 stub code      [0x000001875fac60c0,0x000001875fac6118] = 88
 metadata       [0x000001875fac6118,0x000001875fac6138] = 32
 scopes data    [0x000001875fac6138,0x000001875fac61a0] = 104
 scopes pcs     [0x000001875fac61a0,0x000001875fac6230] = 144
 dependencies   [0x000001875fac6230,0x000001875fac6238] = 8

[Constant Pool (empty)]

[MachCode]
[Entry Point]
  # {method} {0x00000187734d0cc0} '<init>' '(Ljava/lang/Object;I)V' in 'java/awt/AWTEvent'
  # this:     rdx:rdx   = 'java/awt/AWTEvent'
  # parm0:    r8:r8     = 'java/lang/Object'
  # parm1:    r9        = int
  #           [sp+0x70]  (sp of caller)
  0x000001875fac5c60: 448b 5208 | 49bb 0000 | 0000 0800 | 0000 4d03 | d34c 3bd0 

  0x000001875fac5c74: ;   {runtime_call ic_miss_stub}
  0x000001875fac5c74: 0f85 06c3 | 3f07 660f | 1f44 0000 
[Verified Entry Point]
  0x000001875fac5c80: 8984 2400 | 90ff ff55 | 4883 ec60 | 4889 5424 | 4044 894c 

  0x000001875fac5c94: ;   {metadata(method data for {method} {0x00000187734d0cc0} '<init>' '(Ljava/lang/Object;I)V' in 'java/awt/AWTEvent')}
  0x000001875fac5c94: 2448 48be | 00fa bb73 | 8701 0000 | 8bbe cc00 | 0000 83c7 | 0289 becc | 0000 0081 | e7fe 0700 
  0x000001875fac5cb4: 0083 ff00 | 0f84 b802 | 0000 488b 

  0x000001875fac5cc0: ;   {metadata(method data for {method} {0x00000187734d0cc0} '<init>' '(Ljava/lang/Object;I)V' in 'java/awt/AWTEvent')}
  0x000001875fac5cc0: f248 bf00 | fabb 7387 | 0100 0048 | 8387 1001 

  0x000001875fac5cd0: ;   {metadata(method data for {method} {0x00000187734d1dc8} '<init>' '(Ljava/lang/Object;)V' in 'java/util/EventObject')}
  0x000001875fac5cd0: 0000 0148 | bed0 66bb | 7387 0100 | 008b becc | 0000 0083 | c702 89be | cc00 0000 | 81e7 feff 
  0x000001875fac5cf0: 1f00 83ff | 000f 849c | 0200 0048 

  0x000001875fac5cfc: ;   {metadata(method data for {method} {0x00000187734d1dc8} '<init>' '(Ljava/lang/Object;)V' in 'java/util/EventObject')}
  0x000001875fac5cfc: 8bf2 48bf | d066 bb73 | 8701 0000 | 4883 8710 | 0100 0001 

  0x000001875fac5d10: ;   {metadata(method data for {method} {0x00000008004618d8} '<init>' '()V' in 'java/lang/Object')}
  0x000001875fac5d10: 48be 7877 | 4073 8701 | 0000 8bbe | cc00 0000 | 83c7 0289 | becc 0000 | 0081 e7fe | ff1f 0083 
  0x000001875fac5d30: ff00 0f84 | 8002 0000 | 4983 f800 

  0x000001875fac5d3c: ;   {metadata(method data for {method} {0x00000187734d1dc8} '<init>' '(Ljava/lang/Object;)V' in 'java/util/EventObject')}
  0x000001875fac5d3c: 48be d066 | bb73 8701 | 0000 48bf | 3001 0000 | 0000 0000 | 0f84 0a00 | 0000 48bf | 2001 0000 
  0x000001875fac5d5c: 0000 0000 | 488b 1c3e | 488d 5b01 | 4889 1c3e | 0f84 6f01 | 0000 410f | be77 4083 | fe00 0f85 
  0x000001875fac5d7c: 5902 0000 | 4d8b d044 | 8952 0c48 | 8bf2 4933 | f048 c1ee | 1448 83fe | 000f 8559 | 0200 00c6 
  0x000001875fac5d9c: ;   {metadata(method data for {method} {0x00000187734d0cc0} '<init>' '(Ljava/lang/Object;I)V' in 'java/awt/AWTEvent')}
  0x000001875fac5d9c: 4214 0048 | be00 fabb | 7387 0100 | 0048 8386 | 2001 0000 | 0166 0f1f 

  0x000001875fac5db4: ;   {static_call}
  0x000001875fac5db4: 4400 00e8 

  0x000001875fac5db8: ; ImmutableOopMap {[64]=Oop }
                      ;*invokestatic getContext {reexecute=0 rethrow=0 return_oop=0}
                      ; - java.awt.AWTEvent::<init>@11 (line 120)
  0x000001875fac5db8: a473 feff | 410f be57 | 4083 fa00 | 488b 5424 | 400f 853d | 0200 004c | 8bd0 4489 | 521c f083 
  0x000001875fac5dd8: 4424 c000 | 488b f248 | 33f0 48c1 | ee14 4883 | fe00 0f85 | 3702 0000 | c642 1500 | 448b 4c24 
  0x000001875fac5df8: 4844 894a 

  0x000001875fac5dfc: ;   {metadata(method data for {method} {0x00000187734d0cc0} '<init>' '(Ljava/lang/Object;I)V' in 'java/awt/AWTEvent')}
  0x000001875fac5dfc: 1048 be00 | fabb 7387 | 0100 0048 | bf38 0100 | 0000 0000 | 0041 81f9 | 5902 0000 | 488b c748 
  0x000001875fac5e1c: bf48 0100 | 0000 0000 | 0048 0f45 | f841 81f9 | bd02 0000 | 488b c748 | bf58 0100 | 0000 0000 
  0x000001875fac5e3c: 0048 0f45 | f841 81f9 | 8403 0000 | 488b c748 | bf68 0100 | 0000 0000 | 0048 0f45 | f841 81f9 
  0x000001875fac5e5c: e903 0000 | 488b c748 | bf78 0100 | 0000 0000 | 0048 0f45 | f848 8b04 | 3e49 ba01 | 0000 0000 
  0x000001875fac5e7c: 0000 0049 | 03c2 4889 | 043e 4181 | f959 0200 | 000f 8427 | 0000 0041 | 81f9 bd02 | 0000 0f84 
  0x000001875fac5e9c: 1a00 0000 | 4181 f984 | 0300 000f | 840d 0000 | 0041 81f9 | e903 0000 | 0f85 1400 | 0000 c642 
  0x000001875fac5ebc: ;   {metadata(method data for {method} {0x00000187734d0cc0} '<init>' '(Ljava/lang/Object;I)V' in 'java/awt/AWTEvent')}
  0x000001875fac5ebc: 1401 48ba | 00fa bb73 | 8701 0000 | ff82 9001 | 0000 4883 

  0x000001875fac5ed0: ;   {poll_return}
  0x000001875fac5ed0: c460 5d49 | 3ba7 7803 | 0000 0f87 | 5f01 0000 | c30f 1f80 | 0000 0000 

  0x000001875fac5ee8: ;   {no_reloc}
  0x000001875fac5ee8: e977 0100 | 0000 0000 | 0000 498b | 87f8 0000 | 0048 8d78 | 2849 3bbf | 0801 0000 | 0f87 6401 
  0x000001875fac5f08: 0000 4989 | bff8 0000 | 0048 c700 | 0100 0000 | 488b ca49 | ba00 0000 | 0008 0000 | 0049 2bca 
  0x000001875fac5f28: 8948 0848 | 33c9 8948 | 0c48 33c9 | 4889 4810 | 4889 4818 | 4889 4820 

  0x000001875fac5f40: ;   {metadata(method data for {method} {0x00000187734d1dc8} '<init>' '(Ljava/lang/Object;)V' in 'java/util/EventObject')}
  0x000001875fac5f40: 4c8b c048 | bad0 66bb | 7387 0100 | 0048 8382 | 4001 0000 

  0x000001875fac5f54: ;   {oop("null source"{0x00000000c6943500})}
  0x000001875fac5f54: 0149 b800 | 3594 c600 | 0000 0048 | 8bd0 4889 

  0x000001875fac5f64: ;   {optimized virtual_call}
  0x000001875fac5f64: 4424 50e8 

  0x000001875fac5f68: ; ImmutableOopMap {[64]=Oop [80]=Oop }
                      ;*invokespecial <init> {reexecute=0 rethrow=0 return_oop=0}
                      ; - java.util.EventObject::<init>@14 (line 57)
                      ; - java.awt.AWTEvent::<init>@2 (line 325)
  0x000001875fac5f68: 94c5 3f07 | 488b 4424 | 50e9 2201 

  0x000001875fac5f74: ;   {metadata({method} {0x00000187734d0cc0} '<init>' '(Ljava/lang/Object;I)V' in 'java/awt/AWTEvent')}
  0x000001875fac5f74: 0000 49ba | b80c 4d73 | 8701 0000 | 4c89 5424 | 0848 c704 | 24ff ffff 

  0x000001875fac5f8c: ;   {runtime_call counter_overflow Runtime1 stub}
  0x000001875fac5f8c: ffe8 eee9 

  0x000001875fac5f90: ; ImmutableOopMap {rdx=Oop r8=Oop [64]=Oop }
                      ;*synchronization entry
                      ; - java.awt.AWTEvent::<init>@-1 (line 325)
  0x000001875fac5f90: 4a07 e927 

  0x000001875fac5f94: ;   {metadata({method} {0x00000187734d1dc8} '<init>' '(Ljava/lang/Object;)V' in 'java/util/EventObject')}
  0x000001875fac5f94: fdff ff49 | bac0 1d4d | 7387 0100 | 004c 8954 | 2408 48c7 | 0424 ffff 

  0x000001875fac5fac: ;   {runtime_call counter_overflow Runtime1 stub}
  0x000001875fac5fac: ffff e8cd 

  0x000001875fac5fb0: ; ImmutableOopMap {rdx=Oop r8=Oop [64]=Oop }
                      ;*synchronization entry
                      ; - java.util.EventObject::<init>@-1 (line 55)
                      ; - java.awt.AWTEvent::<init>@2 (line 325)
  0x000001875fac5fb0: e94a 07e9 | 43fd ffff 

  0x000001875fac5fb8: ;   {metadata({method} {0x00000008004618d8} '<init>' '()V' in 'java/lang/Object')}
  0x000001875fac5fb8: 49ba d018 | 4600 0800 | 0000 4c89 | 5424 0848 | c704 24ff 

  0x000001875fac5fcc: ;   {runtime_call counter_overflow Runtime1 stub}
  0x000001875fac5fcc: ffff ffe8 

  0x000001875fac5fd0: ; ImmutableOopMap {rdx=Oop r8=Oop [64]=Oop }
                      ;*synchronization entry
                      ; - java.lang.Object::<init>@-1 (line 45)
                      ; - java.util.EventObject::<init>@1 (line 55)
                      ; - java.awt.AWTEvent::<init>@2 (line 325)
  0x000001875fac5fd0: ace9 4a07 | e95f fdff | ff8b 720c | 4883 fe00 | 0f84 9afd | ffff 4889 

  0x000001875fac5fe8: ;   {runtime_call g1_pre_barrier_slow}
  0x000001875fac5fe8: 3424 e891 | f04a 07e9 | 8cfd ffff | 4983 f800 | 0f84 9dfd | ffff 4889 

  0x000001875fac6000: ;   {runtime_call g1_post_barrier_slow}
  0x000001875fac6000: 1424 e8f9 | f34a 07e9 | 8ffd ffff | 8b72 1c48 | 83fe 000f | 84b6 fdff | ff48 8934 

  0x000001875fac601c: ;   {runtime_call g1_pre_barrier_slow}
  0x000001875fac601c: 24e8 5ef0 | 4a07 e9a8 | fdff ff48 | 83f8 000f | 84bf fdff | ff48 8914 

  0x000001875fac6034: ;   {runtime_call g1_post_barrier_slow}
  0x000001875fac6034: 24e8 c6f3 | 4a07 e9b1 

  0x000001875fac603c: ;   {internal_word}
  0x000001875fac603c: fdff ff49 | bad3 5eac | 5f87 0100 | 004d 8997 | 9003 0000 

  0x000001875fac6050: ;   {runtime_call SafepointBlob}
  0x000001875fac6050: e92b 3340 

  0x000001875fac6054: ;   {metadata(NULL)}
  0x000001875fac6054: 0748 ba00 | 0000 0000 | 0000 00b8 | 000f 050a 

  0x000001875fac6064: ;   {runtime_call load_klass_patching Runtime1 stub}
  0x000001875fac6064: e897 d24a 

  0x000001875fac6068: ; ImmutableOopMap {[64]=Oop }
                      ;*new {reexecute=1 rethrow=0 return_oop=0}
                      ; - (reexecute) java.util.EventObject::<init>@8 (line 57)
                      ; - java.awt.AWTEvent::<init>@2 (line 325)
  0x000001875fac6068: 07e9 7afe | ffff 488b 

  0x000001875fac6070: ;   {runtime_call fast_new_instance Runtime1 stub}
  0x000001875fac6070: d2e8 8a7f 

  0x000001875fac6074: ; ImmutableOopMap {[64]=Oop }
                      ;*new {reexecute=0 rethrow=0 return_oop=0}
                      ; - java.util.EventObject::<init>@8 (line 57)
                      ; - java.awt.AWTEvent::<init>@2 (line 325)
  0x000001875fac6074: 4a07 e9c5 | feff ff49 | 8b87 2004 | 0000 49c7 | 8720 0400 | 0000 0000 | 0049 c787 | 2804 0000 
  0x000001875fac6094: 0000 0000 | 4883 c460 

  0x000001875fac609c: ;   {runtime_call unwind_exception Runtime1 stub}
  0x000001875fac609c: 5de9 5e5f | 4a07 f4f4 | f4f4 f4f4 | f4f4 f4f4 | f4f4 f4f4 | f4f4 f4f4 | f4f4 f4f4 | f4f4 f4f4 
  0x000001875fac60bc: f4f4 f4f4 
[Stub Code]
  0x000001875fac60c0: ;   {no_reloc}
  0x000001875fac60c0: 0f1f 4400 

  0x000001875fac60c4: ;   {static_stub}
  0x000001875fac60c4: 0048 bb00 | 0000 0000 

  0x000001875fac60cc: ;   {runtime_call}
  0x000001875fac60cc: 0000 00e9 | fbff ffff 

  0x000001875fac60d4: ;   {static_stub}
  0x000001875fac60d4: 9048 bb00 | 0000 0000 

  0x000001875fac60dc: ;   {runtime_call}
  0x000001875fac60dc: 0000 00e9 | fbff ffff 
[Exception Handler]
  0x000001875fac60e4: ;   {runtime_call handle_exception_from_callee Runtime1 stub}
  0x000001875fac60e4: e817 a64a 

  0x000001875fac60e8: ;   {external_word}
  0x000001875fac60e8: 0748 b938 | 4953 8bfd | 7f00 0048 

  0x000001875fac60f4: ;   {runtime_call}
  0x000001875fac60f4: 83e4 f049 | ba00 fe1e | 8bfd 7f00 | 0041 ffd2 

  0x000001875fac6104: ;   {section_word}
  0x000001875fac6104: f449 ba05 | 61ac 5f87 | 0100 0041 

  0x000001875fac6110: ;   {runtime_call DeoptimizationBlob}
  0x000001875fac6110: 52e9 0a47 | 4007 f4f4 
[/MachCode]


---------------  P R O C E S S  ---------------

Threads class SMR info:
_java_thread_list=0x0000018778495700, length=17, elements={
0x00000187731fba30, 0x00000187731fc450, 0x0000018773200040, 0x0000018773200a60,
0x0000018773201480, 0x0000018773204650, 0x0000018773208300, 0x0000018773213170,
0x0000018773213ae0, 0x0000018757a8e410, 0x0000018777507ec0, 0x0000018777695d00,
0x0000018777698d00, 0x000001877769bd00, 0x000001877777acf0, 0x00000187579dd710,
0x000001877847c8a0
}

Java Threads: ( => current thread )
  0x00000187731fba30 JavaThread "Reference Handler" daemon [_thread_blocked, id=3084, stack(0x000000545ab00000,0x000000545ac00000)]
  0x00000187731fc450 JavaThread "Finalizer" daemon [_thread_blocked, id=11952, stack(0x000000545ac00000,0x000000545ad00000)]
  0x0000018773200040 JavaThread "Signal Dispatcher" daemon [_thread_blocked, id=7164, stack(0x000000545ad00000,0x000000545ae00000)]
  0x0000018773200a60 JavaThread "Attach Listener" daemon [_thread_blocked, id=24280, stack(0x000000545ae00000,0x000000545af00000)]
  0x0000018773201480 JavaThread "Service Thread" daemon [_thread_blocked, id=18504, stack(0x000000545af00000,0x000000545b000000)]
  0x0000018773204650 JavaThread "Monitor Deflation Thread" daemon [_thread_blocked, id=23688, stack(0x000000545b000000,0x000000545b100000)]
  0x0000018773208300 JavaThread "C2 CompilerThread0" daemon [_thread_in_native, id=22408, stack(0x000000545b100000,0x000000545b200000)]
  0x0000018773213170 JavaThread "C1 CompilerThread0" daemon [_thread_blocked, id=22524, stack(0x000000545b200000,0x000000545b300000)]
  0x0000018773213ae0 JavaThread "Sweeper thread" daemon [_thread_blocked, id=21180, stack(0x000000545b300000,0x000000545b400000)]
  0x0000018757a8e410 JavaThread "Common-Cleaner" daemon [_thread_blocked, id=23500, stack(0x000000545b400000,0x000000545b500000)]
  0x0000018777507ec0 JavaThread "Notification Thread" daemon [_thread_blocked, id=3276, stack(0x000000545b500000,0x000000545b600000)]
  0x0000018777695d00 JavaThread "Java2D Disposer" daemon [_thread_blocked, id=22460, stack(0x000000545b700000,0x000000545b800000)]
  0x0000018777698d00 JavaThread "AWT-Shutdown" [_thread_blocked, id=22268, stack(0x000000545b800000,0x000000545b900000)]
  0x000001877769bd00 JavaThread "AWT-Windows" daemon [_thread_in_native, id=23424, stack(0x000000545b900000,0x000000545ba00000)]
=>0x000001877777acf0 JavaThread "AWT-EventQueue-0" [_thread_in_vm, id=12868, stack(0x000000545bb00000,0x000000545bc00000)]
  0x00000187579dd710 JavaThread "DestroyJavaVM" [_thread_blocked, id=22576, stack(0x000000545a400000,0x000000545a500000)]
  0x000001877847c8a0 JavaThread "TimerQueue" daemon [_thread_blocked, id=22004, stack(0x000000545bf00000,0x000000545c000000)]

Other Threads:
  0x0000018757a9e1f0 VMThread "VM Thread" [stack: 0x000000545aa00000,0x000000545ab00000] [id=644]
  0x00000187774afce0 WatcherThread "VM Periodic Task Thread" [stack: 0x000000545b600000,0x000000545b700000] [id=19616]
  0x0000018757a1b080 WorkerThread "GC Thread#0" [stack: 0x000000545a500000,0x000000545a600000] [id=21472]
  0x0000018757a23ca0 ConcurrentGCThread "G1 Main Marker" [stack: 0x000000545a600000,0x000000545a700000] [id=24368]
  0x0000018757a246d0 WorkerThread "G1 Conc#0" [stack: 0x000000545a700000,0x000000545a800000] [id=21300]
  0x0000018757a7b340 ConcurrentGCThread "G1 Refine#0" [stack: 0x000000545a800000,0x000000545a900000] [id=23924]
  0x0000018757a7bd20 ConcurrentGCThread "G1 Service" [stack: 0x000000545a900000,0x000000545aa00000] [id=24304]

Threads with active compile tasks:
C2 CompilerThread0  1441482 1268       4       java.util.Arrays::binarySearch0 (95 bytes)

VM state: not at safepoint (normal execution)

VM Mutex/Monitor currently owned by a thread: None

Heap address: 0x00000000c3200000, size: 974 MB, Compressed Oops mode: 32-bit

CDS archive(s) mapped at: [0x0000000800000000-0x0000000800c40000-0x0000000800c40000), size 12845056, SharedBaseAddress: 0x0000000800000000, ArchiveRelocationMode: 0.
Compressed class space mapped at: 0x0000000801000000-0x0000000841000000, reserved size: 1073741824
Narrow klass base: 0x0000000800000000, Narrow klass shift: 0, Narrow klass range: 0x100000000

GC Precious Log:
 CardTable entry size: 512
 Card Set container configuration: InlinePtr #cards 5 size 8 Array Of Cards #cards 12 size 40 Howl #buckets 4 coarsen threshold 1843 Howl Bitmap #cards 512 size 80 coarsen threshold 460 Card regions per heap region 1 cards per card region 2048
 CPUs: 4 total, 4 available
 Memory: 3891M
 Large Page Support: Disabled
 NUMA Support: Disabled
 Compressed Oops: Enabled (32-bit)
 Heap Region Size: 1M
 Heap Min Capacity: 8M
 Heap Initial Capacity: 62M
 Heap Max Capacity: 974M
 Pre-touch: Disabled
 Parallel Workers: 4
 Concurrent Workers: 1
 Concurrent Refinement Workers: 4
 Periodic GC: Disabled

Heap:
 garbage-first heap   total 63488K, used 16384K [0x00000000c3200000, 0x0000000100000000)
  region size 1024K, 11 young (11264K), 0 survivors (0K)
 Metaspace       used 8584K, committed 8832K, reserved 1114112K
  class space    used 929K, committed 1024K, reserved 1048576K

Heap Regions: E=young(eden), S=young(survivor), O=old, HS=humongous(starts), HC=humongous(continues), CS=collection set, F=free, OA=open archive, CA=closed archive, TAMS=top-at-mark-start (previous, next)
|   0|0x00000000c3200000, 0x00000000c3300000, 0x00000000c3300000|100%|HS|  |TAMS 0x00000000c3200000, 0x00000000c3200000| Complete 
|   1|0x00000000c3300000, 0x00000000c3400000, 0x00000000c3400000|100%|HC|  |TAMS 0x00000000c3300000, 0x00000000c3300000| Complete 
|   2|0x00000000c3400000, 0x00000000c3500000, 0x00000000c3500000|100%|HS|  |TAMS 0x00000000c3400000, 0x00000000c3400000| Complete 
|   3|0x00000000c3500000, 0x00000000c3600000, 0x00000000c3600000|100%|HC|  |TAMS 0x00000000c3500000, 0x00000000c3500000| Complete 
|   4|0x00000000c3600000, 0x00000000c3700000, 0x00000000c3700000|100%|HC|  |TAMS 0x00000000c3600000, 0x00000000c3600000| Complete 
|   5|0x00000000c3700000, 0x00000000c3800000, 0x00000000c3800000|100%|HC|  |TAMS 0x00000000c3700000, 0x00000000c3700000| Complete 
|   6|0x00000000c3800000, 0x00000000c3800000, 0x00000000c3900000|  0%| F|  |TAMS 0x00000000c3800000, 0x00000000c3800000| Untracked 
|   7|0x00000000c3900000, 0x00000000c3900000, 0x00000000c3a00000|  0%| F|  |TAMS 0x00000000c3900000, 0x00000000c3900000| Untracked 
|   8|0x00000000c3a00000, 0x00000000c3a00000, 0x00000000c3b00000|  0%| F|  |TAMS 0x00000000c3a00000, 0x00000000c3a00000| Untracked 
|   9|0x00000000c3b00000, 0x00000000c3b00000, 0x00000000c3c00000|  0%| F|  |TAMS 0x00000000c3b00000, 0x00000000c3b00000| Untracked 
|  10|0x00000000c3c00000, 0x00000000c3c00000, 0x00000000c3d00000|  0%| F|  |TAMS 0x00000000c3c00000, 0x00000000c3c00000| Untracked 
|  11|0x00000000c3d00000, 0x00000000c3d00000, 0x00000000c3e00000|  0%| F|  |TAMS 0x00000000c3d00000, 0x00000000c3d00000| Untracked 
|  12|0x00000000c3e00000, 0x00000000c3e00000, 0x00000000c3f00000|  0%| F|  |TAMS 0x00000000c3e00000, 0x00000000c3e00000| Untracked 
|  13|0x00000000c3f00000, 0x00000000c3f00000, 0x00000000c4000000|  0%| F|  |TAMS 0x00000000c3f00000, 0x00000000c3f00000| Untracked 
|  14|0x00000000c4000000, 0x00000000c4000000, 0x00000000c4100000|  0%| F|  |TAMS 0x00000000c4000000, 0x00000000c4000000| Untracked 
|  15|0x00000000c4100000, 0x00000000c4100000, 0x00000000c4200000|  0%| F|  |TAMS 0x00000000c4100000, 0x00000000c4100000| Untracked 
|  16|0x00000000c4200000, 0x00000000c4200000, 0x00000000c4300000|  0%| F|  |TAMS 0x00000000c4200000, 0x00000000c4200000| Untracked 
|  17|0x00000000c4300000, 0x00000000c4300000, 0x00000000c4400000|  0%| F|  |TAMS 0x00000000c4300000, 0x00000000c4300000| Untracked 
|  18|0x00000000c4400000, 0x00000000c4400000, 0x00000000c4500000|  0%| F|  |TAMS 0x00000000c4400000, 0x00000000c4400000| Untracked 
|  19|0x00000000c4500000, 0x00000000c4500000, 0x00000000c4600000|  0%| F|  |TAMS 0x00000000c4500000, 0x00000000c4500000| Untracked 
|  20|0x00000000c4600000, 0x00000000c4600000, 0x00000000c4700000|  0%| F|  |TAMS 0x00000000c4600000, 0x00000000c4600000| Untracked 
|  21|0x00000000c4700000, 0x00000000c4700000, 0x00000000c4800000|  0%| F|  |TAMS 0x00000000c4700000, 0x00000000c4700000| Untracked 
|  22|0x00000000c4800000, 0x00000000c4800000, 0x00000000c4900000|  0%| F|  |TAMS 0x00000000c4800000, 0x00000000c4800000| Untracked 
|  23|0x00000000c4900000, 0x00000000c4900000, 0x00000000c4a00000|  0%| F|  |TAMS 0x00000000c4900000, 0x00000000c4900000| Untracked 
|  24|0x00000000c4a00000, 0x00000000c4a00000, 0x00000000c4b00000|  0%| F|  |TAMS 0x00000000c4a00000, 0x00000000c4a00000| Untracked 
|  25|0x00000000c4b00000, 0x00000000c4b00000, 0x00000000c4c00000|  0%| F|  |TAMS 0x00000000c4b00000, 0x00000000c4b00000| Untracked 
|  26|0x00000000c4c00000, 0x00000000c4c00000, 0x00000000c4d00000|  0%| F|  |TAMS 0x00000000c4c00000, 0x00000000c4c00000| Untracked 
|  27|0x00000000c4d00000, 0x00000000c4d00000, 0x00000000c4e00000|  0%| F|  |TAMS 0x00000000c4d00000, 0x00000000c4d00000| Untracked 
|  28|0x00000000c4e00000, 0x00000000c4e00000, 0x00000000c4f00000|  0%| F|  |TAMS 0x00000000c4e00000, 0x00000000c4e00000| Untracked 
|  29|0x00000000c4f00000, 0x00000000c4f00000, 0x00000000c5000000|  0%| F|  |TAMS 0x00000000c4f00000, 0x00000000c4f00000| Untracked 
|  30|0x00000000c5000000, 0x00000000c5000000, 0x00000000c5100000|  0%| F|  |TAMS 0x00000000c5000000, 0x00000000c5000000| Untracked 
|  31|0x00000000c5100000, 0x00000000c5100000, 0x00000000c5200000|  0%| F|  |TAMS 0x00000000c5100000, 0x00000000c5100000| Untracked 
|  32|0x00000000c5200000, 0x00000000c5200000, 0x00000000c5300000|  0%| F|  |TAMS 0x00000000c5200000, 0x00000000c5200000| Untracked 
|  33|0x00000000c5300000, 0x00000000c5300000, 0x00000000c5400000|  0%| F|  |TAMS 0x00000000c5300000, 0x00000000c5300000| Untracked 
|  34|0x00000000c5400000, 0x00000000c5400000, 0x00000000c5500000|  0%| F|  |TAMS 0x00000000c5400000, 0x00000000c5400000| Untracked 
|  35|0x00000000c5500000, 0x00000000c5500000, 0x00000000c5600000|  0%| F|  |TAMS 0x00000000c5500000, 0x00000000c5500000| Untracked 
|  36|0x00000000c5600000, 0x00000000c5600000, 0x00000000c5700000|  0%| F|  |TAMS 0x00000000c5600000, 0x00000000c5600000| Untracked 
|  37|0x00000000c5700000, 0x00000000c5700000, 0x00000000c5800000|  0%| F|  |TAMS 0x00000000c5700000, 0x00000000c5700000| Untracked 
|  38|0x00000000c5800000, 0x00000000c5800000, 0x00000000c5900000|  0%| F|  |TAMS 0x00000000c5800000, 0x00000000c5800000| Untracked 
|  39|0x00000000c5900000, 0x00000000c5900000, 0x00000000c5a00000|  0%| F|  |TAMS 0x00000000c5900000, 0x00000000c5900000| Untracked 
|  40|0x00000000c5a00000, 0x00000000c5a00000, 0x00000000c5b00000|  0%| F|  |TAMS 0x00000000c5a00000, 0x00000000c5a00000| Untracked 
|  41|0x00000000c5b00000, 0x00000000c5b00000, 0x00000000c5c00000|  0%| F|  |TAMS 0x00000000c5b00000, 0x00000000c5b00000| Untracked 
|  42|0x00000000c5c00000, 0x00000000c5c00000, 0x00000000c5d00000|  0%| F|  |TAMS 0x00000000c5c00000, 0x00000000c5c00000| Untracked 
|  43|0x00000000c5d00000, 0x00000000c5d00000, 0x00000000c5e00000|  0%| F|  |TAMS 0x00000000c5d00000, 0x00000000c5d00000| Untracked 
|  44|0x00000000c5e00000, 0x00000000c5e00000, 0x00000000c5f00000|  0%| F|  |TAMS 0x00000000c5e00000, 0x00000000c5e00000| Untracked 
|  45|0x00000000c5f00000, 0x00000000c5f00000, 0x00000000c6000000|  0%| F|  |TAMS 0x00000000c5f00000, 0x00000000c5f00000| Untracked 
|  46|0x00000000c6000000, 0x00000000c6000000, 0x00000000c6100000|  0%| F|  |TAMS 0x00000000c6000000, 0x00000000c6000000| Untracked 
|  47|0x00000000c6100000, 0x00000000c6100000, 0x00000000c6200000|  0%| F|  |TAMS 0x00000000c6100000, 0x00000000c6100000| Untracked 
|  48|0x00000000c6200000, 0x00000000c6200000, 0x00000000c6300000|  0%| F|  |TAMS 0x00000000c6200000, 0x00000000c6200000| Untracked 
|  49|0x00000000c6300000, 0x00000000c6300000, 0x00000000c6400000|  0%| F|  |TAMS 0x00000000c6300000, 0x00000000c6300000| Untracked 
|  50|0x00000000c6400000, 0x00000000c6400000, 0x00000000c6500000|  0%| F|  |TAMS 0x00000000c6400000, 0x00000000c6400000| Untracked 
|  51|0x00000000c6500000, 0x00000000c6600000, 0x00000000c6600000|100%| E|  |TAMS 0x00000000c6500000, 0x00000000c6500000| Complete 
|  52|0x00000000c6600000, 0x00000000c6700000, 0x00000000c6700000|100%| E|CS|TAMS 0x00000000c6600000, 0x00000000c6600000| Complete 
|  53|0x00000000c6700000, 0x00000000c6800000, 0x00000000c6800000|100%| E|CS|TAMS 0x00000000c6700000, 0x00000000c6700000| Complete 
|  54|0x00000000c6800000, 0x00000000c6900000, 0x00000000c6900000|100%| E|CS|TAMS 0x00000000c6800000, 0x00000000c6800000| Complete 
|  55|0x00000000c6900000, 0x00000000c6a00000, 0x00000000c6a00000|100%| E|CS|TAMS 0x00000000c6900000, 0x00000000c6900000| Complete 
|  56|0x00000000c6a00000, 0x00000000c6b00000, 0x00000000c6b00000|100%| E|CS|TAMS 0x00000000c6a00000, 0x00000000c6a00000| Complete 
|  57|0x00000000c6b00000, 0x00000000c6c00000, 0x00000000c6c00000|100%| E|CS|TAMS 0x00000000c6b00000, 0x00000000c6b00000| Complete 
|  58|0x00000000c6c00000, 0x00000000c6d00000, 0x00000000c6d00000|100%| E|CS|TAMS 0x00000000c6c00000, 0x00000000c6c00000| Complete 
|  59|0x00000000c6d00000, 0x00000000c6e00000, 0x00000000c6e00000|100%| E|CS|TAMS 0x00000000c6d00000, 0x00000000c6d00000| Complete 
|  60|0x00000000c6e00000, 0x00000000c6f00000, 0x00000000c6f00000|100%| E|CS|TAMS 0x00000000c6e00000, 0x00000000c6e00000| Complete 
|  61|0x00000000c6f00000, 0x00000000c7000000, 0x00000000c7000000|100%| E|CS|TAMS 0x00000000c6f00000, 0x00000000c6f00000| Complete 

Card table byte_map: [0x000001876eb20000,0x000001876ed10000] _byte_map_base: 0x000001876e507000

Marking Bits (Prev, Next): (CMBitMap*) 0x0000018757a1b6b0, (CMBitMap*) 0x0000018757a1b6f0
 Prev Bits: [0x000001876ef00000, 0x000001876fe38000)
 Next Bits: [0x000001876fe40000, 0x0000018770d78000)

Polling page: 0x00000187571a0000

Metaspace:

Usage:
  Non-class:      7.48 MB used.
      Class:    929.30 KB used.
       Both:      8.38 MB used.

Virtual space:
  Non-class space:       64.00 MB reserved,       7.62 MB ( 12%) committed,  1 nodes.
      Class space:        1.00 GB reserved,       1.00 MB ( <1%) committed,  1 nodes.
             Both:        1.06 GB reserved,       8.62 MB ( <1%) committed. 

Chunk freelists:
   Non-Class:  234.00 KB
       Class:  3.04 MB
        Both:  3.27 MB

MaxMetaspaceSize: unlimited
CompressedClassSpaceSize: 1.00 GB
Initial GC threshold: 21.00 MB
Current GC threshold: 21.00 MB
CDS: on
MetaspaceReclaimPolicy: balanced
 - commit_granule_bytes: 65536.
 - commit_granule_words: 8192.
 - virtual_space_node_default_size: 8388608.
 - enlarge_chunks_in_place: 1.
 - new_chunks_are_fully_committed: 0.
 - uncommit_free_chunks: 1.
 - use_allocation_guard: 0.


Internal statistics:

num_allocs_failed_limit: 0.
num_arena_births: 154.
num_arena_deaths: 0.
num_vsnodes_births: 2.
num_vsnodes_deaths: 0.
num_space_committed: 138.
num_space_uncommitted: 0.
num_chunks_returned_to_freelist: 0.
num_chunks_taken_from_freelist: 172.
num_chunk_merges: 0.
num_chunk_splits: 115.
num_chunks_enlarged: 74.
num_inconsistent_stats: 0.

CodeHeap 'non-profiled nmethods': size=120000Kb used=342Kb max_used=342Kb free=119658Kb
 bounds [0x0000018767400000, 0x0000018767670000, 0x000001876e930000]
CodeHeap 'profiled nmethods': size=120000Kb used=2192Kb max_used=2192Kb free=117807Kb
 bounds [0x000001875f930000, 0x000001875fba0000, 0x0000018766e60000]
CodeHeap 'non-nmethods': size=5760Kb used=1388Kb max_used=1405Kb free=4371Kb
 bounds [0x0000018766e60000, 0x00000187670d0000, 0x0000018767400000]
 total_blobs=1887 nmethods=1267 adapters=531
 compilation: enabled
              stopped_count=0, restarted_count=0
 full_count=0

Compilation events (20 events):
Event: 12.820 Thread 0x0000018773213170 nmethod 1260 0x000001875fb4fc10 code [0x000001875fb4fe20, 0x000001875fb50198]
Event: 12.820 Thread 0x0000018773213170 1258       3       sun.java2d.pipe.Region::getIntersectionXYXY (108 bytes)
Event: 12.820 Thread 0x0000018773213170 nmethod 1258 0x000001875fb50290 code [0x000001875fb504e0, 0x000001875fb50d18]
Event: 12.820 Thread 0x0000018773213170 1259       3       sun.java2d.pipe.Region::isInsideXYXY (39 bytes)
Event: 12.821 Thread 0x0000018773213170 nmethod 1259 0x000001875fb51010 code [0x000001875fb511c0, 0x000001875fb513d8]
Event: 12.821 Thread 0x0000018773213170 1261       1       java.util.IdentityHashMap::size (5 bytes)
Event: 12.821 Thread 0x0000018773213170 nmethod 1261 0x0000018767455110 code [0x00000187674552a0, 0x0000018767455358]
Event: 13.328 Thread 0x0000018773213170 1262       3       java.awt.geom.AffineTransform::calculateType (536 bytes)
Event: 13.330 Thread 0x0000018773213170 nmethod 1262 0x000001875fb51490 code [0x000001875fb517c0, 0x000001875fb528b8]
Event: 13.330 Thread 0x0000018773213170 1263       3       java.awt.geom.Rectangle2D$Double::<init> (15 bytes)
Event: 13.330 Thread 0x0000018773213170 nmethod 1263 0x000001875fb52a10 code [0x000001875fb52bc0, 0x000001875fb52e78]
Event: 13.330 Thread 0x0000018773213170 1264       3       java.awt.geom.Rectangle2D$Double::setRect (23 bytes)
Event: 13.331 Thread 0x0000018773213170 nmethod 1264 0x000001875fb53010 code [0x000001875fb531a0, 0x000001875fb532b8]
Event: 13.450 Thread 0x0000018773213170 1265       3       java.util.concurrent.locks.AbstractQueuedSynchronizer::enqueue (60 bytes)
Event: 13.451 Thread 0x0000018773213170 nmethod 1265 0x000001875fb53390 code [0x000001875fb535a0, 0x000001875fb53c08]
Event: 13.478 Thread 0x0000018773208300 1266       4       java.lang.String::equals (56 bytes)
Event: 13.479 Thread 0x0000018773208300 nmethod 1266 0x0000018767455410 code [0x00000187674555a0, 0x0000018767455758]
Event: 60.084 Thread 0x0000018773213170 1267       3       java.util.concurrent.locks.AbstractQueuedSynchronizer$Node::clearStatus (12 bytes)
Event: 60.084 Thread 0x0000018773213170 nmethod 1267 0x000001875fb53e10 code [0x000001875fb53fc0, 0x000001875fb54168]
Event: 1439.586 Thread 0x0000018773208300 1268       4       java.util.Arrays::binarySearch0 (95 bytes)

GC Heap History (0 events):
No events

Dll operation events (10 events):
Event: 0.010 Loaded shared library C:\Program Files\Java\jdk-19\bin\java.dll
Event: 0.020 Loaded shared library C:\Program Files\Java\jdk-19\bin\jsvml.dll
Event: 0.153 Loaded shared library C:\Program Files\Java\jdk-19\bin\net.dll
Event: 0.162 Loaded shared library C:\Program Files\Java\jdk-19\bin\nio.dll
Event: 0.232 Loaded shared library C:\Program Files\Java\jdk-19\bin\jimage.dll
Event: 0.249 Loaded shared library C:\Program Files\Java\jdk-19\bin\awt.dll
Event: 0.409 Loaded shared library C:\Program Files\Java\jdk-19\bin\zip.dll
Event: 0.452 Loaded shared library C:\Program Files\Java\jdk-19\bin\javajpeg.dll
Event: 0.529 Loaded shared library C:\Program Files\Java\jdk-19\bin\freetype.dll
Event: 0.530 Loaded shared library C:\Program Files\Java\jdk-19\bin\fontmanager.dll

Deoptimization events (20 events):
Event: 2.449 Thread 0x000001877777acf0 Uncommon trap: trap_request=0xffffffde fr.pc=0x00000187674112bc relative=0x000000000000019c
Event: 2.449 Thread 0x000001877777acf0 Uncommon trap: reason=class_check action=maybe_recompile pc=0x00000187674112bc method=java.lang.String.equals(Ljava/lang/Object;)Z @ 8 c2
Event: 2.449 Thread 0x000001877777acf0 DEOPT PACKING pc=0x00000187674112bc sp=0x000000545bbfdff0
Event: 2.449 Thread 0x000001877777acf0 DEOPT UNPACKING pc=0x0000018766eca5a3 sp=0x000000545bbfdf98 mode 2
Event: 2.449 Thread 0x000001877777acf0 Uncommon trap: trap_request=0xffffffde fr.pc=0x00000187674112bc relative=0x000000000000019c
Event: 2.449 Thread 0x000001877777acf0 Uncommon trap: reason=class_check action=maybe_recompile pc=0x00000187674112bc method=java.lang.String.equals(Ljava/lang/Object;)Z @ 8 c2
Event: 2.449 Thread 0x000001877777acf0 DEOPT PACKING pc=0x00000187674112bc sp=0x000000545bbfdff0
Event: 2.449 Thread 0x000001877777acf0 DEOPT UNPACKING pc=0x0000018766eca5a3 sp=0x000000545bbfdf98 mode 2
Event: 2.496 Thread 0x000001877777acf0 Uncommon trap: trap_request=0xffffffde fr.pc=0x00000187674112bc relative=0x000000000000019c
Event: 2.496 Thread 0x000001877777acf0 Uncommon trap: reason=class_check action=maybe_recompile pc=0x00000187674112bc method=java.lang.String.equals(Ljava/lang/Object;)Z @ 8 c2
Event: 2.496 Thread 0x000001877777acf0 DEOPT PACKING pc=0x00000187674112bc sp=0x000000545bbfdff0
Event: 2.496 Thread 0x000001877777acf0 DEOPT UNPACKING pc=0x0000018766eca5a3 sp=0x000000545bbfdf98 mode 2
Event: 2.496 Thread 0x000001877777acf0 Uncommon trap: trap_request=0xffffffde fr.pc=0x00000187674112bc relative=0x000000000000019c
Event: 2.496 Thread 0x000001877777acf0 Uncommon trap: reason=class_check action=maybe_recompile pc=0x00000187674112bc method=java.lang.String.equals(Ljava/lang/Object;)Z @ 8 c2
Event: 2.496 Thread 0x000001877777acf0 DEOPT PACKING pc=0x00000187674112bc sp=0x000000545bbfdff0
Event: 2.496 Thread 0x000001877777acf0 DEOPT UNPACKING pc=0x0000018766eca5a3 sp=0x000000545bbfdf98 mode 2
Event: 5.857 Thread 0x000001877847c8a0 Uncommon trap: trap_request=0xffffff45 fr.pc=0x000001876744f6d8 relative=0x0000000000000138
Event: 5.857 Thread 0x000001877847c8a0 Uncommon trap: reason=unstable_if action=reinterpret pc=0x000001876744f6d8 method=java.util.concurrent.locks.AbstractQueuedSynchronizer.release(I)Z @ 5 c2
Event: 5.857 Thread 0x000001877847c8a0 DEOPT PACKING pc=0x000001876744f6d8 sp=0x000000545bffef40
Event: 5.857 Thread 0x000001877847c8a0 DEOPT UNPACKING pc=0x0000018766eca5a3 sp=0x000000545bffeea8 mode 2

Classes loaded (20 events):
Event: 2.460 Loading class sun/swing/text/UndoableEditLockSupport done
Event: 2.460 Loading class javax/swing/text/AbstractDocument$DefaultDocumentEventUndoableWrapper done
Event: 2.461 Loading class javax/swing/event/UndoableEditListener
Event: 2.461 Loading class javax/swing/event/UndoableEditListener done
Event: 2.461 Loading class javax/swing/RepaintManager$3
Event: 2.461 Loading class javax/swing/RepaintManager$3 done
Event: 8.741 Loading class java/awt/LightweightDispatcher$2
Event: 8.741 Loading class java/awt/LightweightDispatcher$2 done
Event: 11.504 Loading class javax/swing/Autoscroller
Event: 11.504 Loading class javax/swing/Autoscroller done
Event: 13.450 Loading class java/awt/KeyboardFocusManager$2
Event: 13.451 Loading class java/awt/KeyboardFocusManager$2 done
Event: 13.451 Loading class sun/awt/SunToolkit$1
Event: 13.453 Loading class sun/awt/SunToolkit$1 done
Event: 1437.086 Loading class java/util/WeakHashMap$KeyIterator
Event: 1437.314 Loading class java/util/WeakHashMap$HashIterator
Event: 1437.355 Loading class java/util/WeakHashMap$HashIterator done
Event: 1437.380 Loading class java/util/WeakHashMap$KeyIterator done
Event: 1437.850 Loading class javax/swing/RepaintManager$DisplayChangedRunnable
Event: 1437.982 Loading class javax/swing/RepaintManager$DisplayChangedRunnable done

Classes unloaded (0 events):
No events

Classes redefined (0 events):
No events

Internal exceptions (17 events):
Event: 0.174 Thread 0x00000187579dd710 Exception <a 'sun/nio/fs/WindowsException'{0x00000000c6e40188}> (0x00000000c6e40188) 
thrown [s\open\src\hotspot\share\prims\jni.cpp, line 517]
Event: 0.182 Thread 0x00000187579dd710 Exception <a 'sun/nio/fs/WindowsException'{0x00000000c6e406b8}> (0x00000000c6e406b8) 
thrown [s\open\src\hotspot\share\prims\jni.cpp, line 517]
Event: 0.186 Thread 0x00000187579dd710 Exception <a 'sun/nio/fs/WindowsException'{0x00000000c6e429a0}> (0x00000000c6e429a0) 
thrown [s\open\src\hotspot\share\prims\jni.cpp, line 517]
Event: 0.187 Thread 0x00000187579dd710 Exception <a 'sun/nio/fs/WindowsException'{0x00000000c6e86040}> (0x00000000c6e86040) 
thrown [s\open\src\hotspot\share\prims\jni.cpp, line 517]
Event: 0.239 Thread 0x00000187579dd710 Exception <a 'java/lang/ClassNotFoundException'{0x00000000c6d24c78}: sun/awt/resources/spi/awtProvider> (0x00000000c6d24c78) 
thrown [s\open\src\hotspot\share\classfile\systemDictionary.cpp, line 255]
Event: 0.259 Thread 0x00000187579dd710 Exception <a 'java/io/FileNotFoundException'{0x00000000c6d7c460}> (0x00000000c6d7c460) 
thrown [s\open\src\hotspot\share\prims\jni.cpp, line 517]
Event: 0.264 Thread 0x00000187579dd710 Exception <a 'java/io/FileNotFoundException'{0x00000000c6da8fc8}> (0x00000000c6da8fc8) 
thrown [s\open\src\hotspot\share\prims\jni.cpp, line 517]
Event: 0.300 Thread 0x00000187579dd710 Exception <a 'java/lang/NoSuchMethodError'{0x00000000c6dee1a0}: 'java.lang.Object java.lang.invoke.DirectMethodHandle$Holder.invokeStaticInit(java.lang.Object)'> (0x00000000c6dee1a0) 
thrown [s\open\src\hotspot\share\interpreter\linkResolver.cpp, line 774]
Event: 0.344 Thread 0x00000187579dd710 Exception <a 'java/lang/NoSuchMethodError'{0x00000000c6cc88f0}: 'void java.lang.invoke.DirectMethodHandle$Holder.invokeSpecial(java.lang.Object, java.lang.Object, java.lang.Object)'> (0x00000000c6cc88f0) 
thrown [s\open\src\hotspot\share\interpreter\linkResolver.cpp, line 774]
Event: 0.353 Thread 0x00000187579dd710 Exception <a 'java/lang/NoSuchMethodError'{0x00000000c6cf3438}: 'java.lang.Object java.lang.invoke.DirectMethodHandle$Holder.newInvokeSpecial(java.lang.Object, java.lang.Object, java.lang.Object, java.lang.Object, java.lang.Object)'> (0x00000000c6cf3438) 
thrown [s\open\src\hotspot\share\interpreter\linkResolver.cpp, line 774]
Event: 0.359 Thread 0x00000187579dd710 Exception <a 'java/lang/NoSuchMethodError'{0x00000000c6b25570}: 'java.lang.Object java.lang.invoke.DirectMethodHandle$Holder.invokeStatic(java.lang.Object, int, java.lang.Object)'> (0x00000000c6b25570) 
thrown [s\open\src\hotspot\share\interpreter\linkResolver.cpp, line 774]
Event: 0.379 Thread 0x00000187579dd710 Exception <a 'java/lang/ClassNotFoundException'{0x00000000c6be1010}: com/sun/swing/internal/plaf/metal/resources/spi/metalProvider> (0x00000000c6be1010) 
thrown [s\open\src\hotspot\share\classfile\systemDictionary.cpp, line 255]
Event: 0.380 Thread 0x00000187579dd710 Exception <a 'java/lang/ClassNotFoundException'{0x00000000c6be4fe0}: com/sun/swing/internal/plaf/basic/resources/spi/basicProvider> (0x00000000c6be4fe0) 
thrown [s\open\src\hotspot\share\classfile\systemDictionary.cpp, line 255]
Event: 0.387 Thread 0x00000187579dd710 Exception <a 'java/lang/NoSuchMethodError'{0x00000000c6a04db0}: 'int java.lang.invoke.Invokers$Holder.invokeExact_MT(java.lang.Object, java.lang.Object)'> (0x00000000c6a04db0) 
thrown [s\open\src\hotspot\share\interpreter\linkResolver.cpp, line 774]
Event: 0.454 Thread 0x0000018777707b00 Exception <a 'java/lang/NoSuchMethodError'{0x00000000c681df68}: 'java.lang.Object java.lang.invoke.DirectMethodHandle$Holder.newInvokeSpecial(java.lang.Object, java.lang.Object, java.lang.Object, int, int, int, int, int)'> (0x00000000c681df68) 
thrown [s\open\src\hotspot\share\interpreter\linkResolver.cpp, line 774]
Event: 0.502 Thread 0x000001877769bd00 Exception <a 'java/lang/NoSuchMethodError'{0x00000000c6c52f68}: 'void java.lang.invoke.DirectMethodHandle$Holder.invokeVirtual(java.lang.Object, java.lang.Object)'> (0x00000000c6c52f68) 
thrown [s\open\src\hotspot\share\interpreter\linkResolver.cpp, line 774]
Event: 0.522 Thread 0x00000187579dd710 Exception <a 'java/lang/NoSuchMethodError'{0x00000000c67d7390}: 'void java.lang.invoke.DirectMethodHandle$Holder.invokeStaticInit(java.lang.Object)'> (0x00000000c67d7390) 
thrown [s\open\src\hotspot\share\interpreter\linkResolver.cpp, line 774]

VM Operations (20 events):
Event: 3.344 Executing VM operation: Cleanup
Event: 3.344 Executing VM operation: Cleanup done
Event: 4.351 Executing VM operation: Cleanup
Event: 4.351 Executing VM operation: Cleanup done
Event: 5.360 Executing VM operation: Cleanup
Event: 5.360 Executing VM operation: Cleanup done
Event: 6.377 Executing VM operation: Cleanup
Event: 6.377 Executing VM operation: Cleanup done
Event: 7.386 Executing VM operation: Cleanup
Event: 7.386 Executing VM operation: Cleanup done
Event: 8.388 Executing VM operation: Cleanup
Event: 8.388 Executing VM operation: Cleanup done
Event: 9.397 Executing VM operation: Cleanup
Event: 9.397 Executing VM operation: Cleanup done
Event: 10.398 Executing VM operation: Cleanup
Event: 10.398 Executing VM operation: Cleanup done
Event: 11.409 Executing VM operation: Cleanup
Event: 11.409 Executing VM operation: Cleanup done
Event: 14.435 Executing VM operation: Cleanup
Event: 14.435 Executing VM operation: Cleanup done

Events (20 events):
Event: 0.036 Thread 0x00000187731fba30 Thread added: 0x00000187731fba30
Event: 0.036 Thread 0x00000187731fc450 Thread added: 0x00000187731fc450
Event: 0.036 Thread 0x0000018773200040 Thread added: 0x0000018773200040
Event: 0.036 Thread 0x0000018773200a60 Thread added: 0x0000018773200a60
Event: 0.036 Thread 0x0000018773201480 Thread added: 0x0000018773201480
Event: 0.036 Thread 0x0000018773204650 Thread added: 0x0000018773204650
Event: 0.036 Thread 0x0000018773208300 Thread added: 0x0000018773208300
Event: 0.037 Thread 0x0000018773213170 Thread added: 0x0000018773213170
Event: 0.037 Thread 0x0000018773213ae0 Thread added: 0x0000018773213ae0
Event: 0.065 Thread 0x0000018757a8e410 Thread added: 0x0000018757a8e410
Event: 0.206 Thread 0x0000018777507ec0 Thread added: 0x0000018777507ec0
Event: 0.301 Thread 0x0000018777695d00 Thread added: 0x0000018777695d00
Event: 0.301 Thread 0x0000018777698d00 Thread added: 0x0000018777698d00
Event: 0.303 Thread 0x000001877769bd00 Thread added: 0x000001877769bd00
Event: 0.393 Thread 0x0000018777707b00 Thread added: 0x0000018777707b00
Event: 0.501 Thread 0x000001877777acf0 Thread added: 0x000001877777acf0
Event: 1.089 Thread 0x00000187579dd710 Thread exited: 0x00000187579dd710
Event: 1.089 Thread 0x00000187579dd710 Thread added: 0x00000187579dd710
Event: 1.360 Thread 0x000001877847c8a0 Thread added: 0x000001877847c8a0
Event: 5.472 Thread 0x0000018777707b00 Thread exited: 0x0000018777707b00


Dynamic libraries:
0x00007ff6a6410000 - 0x00007ff6a6420000 	C:\Program Files\Java\jdk-19\bin\java.exe
0x00007ffe167a0000 - 0x00007ffe169a9000 	C:\WINDOWS\SYSTEM32\ntdll.dll
0x00007ffe15a90000 - 0x00007ffe15b4e000 	C:\WINDOWS\System32\KERNEL32.DLL
0x00007ffe13c70000 - 0x00007ffe13feb000 	C:\WINDOWS\System32\KERNELBASE.dll
0x00007ffe10eb0000 - 0x00007ffe10f42000 	C:\WINDOWS\SYSTEM32\apphelp.dll
0x00007ffe140b0000 - 0x00007ffe141c1000 	C:\WINDOWS\System32\ucrtbase.dll
0x00007ffe0f870000 - 0x00007ffe0f88b000 	C:\Program Files\Java\jdk-19\bin\VCRUNTIME140.dll
0x00007ffe02e20000 - 0x00007ffe02e38000 	C:\Program Files\Java\jdk-19\bin\jli.dll
0x00007ffe158d0000 - 0x00007ffe1597e000 	C:\WINDOWS\System32\ADVAPI32.dll
0x00007ffe156e0000 - 0x00007ffe15783000 	C:\WINDOWS\System32\msvcrt.dll
0x00007ffe15980000 - 0x00007ffe15a1e000 	C:\WINDOWS\System32\sechost.dll
0x00007ffe14620000 - 0x00007ffe14740000 	C:\WINDOWS\System32\RPCRT4.dll
0x00007ffe14ac0000 - 0x00007ffe14c6d000 	C:\WINDOWS\System32\USER32.dll
0x00007ffe14460000 - 0x00007ffe14486000 	C:\WINDOWS\System32\win32u.dll
0x00007ffdfe6d0000 - 0x00007ffdfe975000 	C:\WINDOWS\WinSxS\amd64_microsoft.windows.common-controls_6595b64144ccf1df_6.0.22000.120_none_9d947278b86cc467\COMCTL32.dll
0x00007ffe14ce0000 - 0x00007ffe14d09000 	C:\WINDOWS\System32\GDI32.dll
0x00007ffe14340000 - 0x00007ffe14458000 	C:\WINDOWS\System32\gdi32full.dll
0x00007ffe14580000 - 0x00007ffe1461d000 	C:\WINDOWS\System32\msvcp_win.dll
0x00007ffe0e880000 - 0x00007ffe0e88a000 	C:\WINDOWS\SYSTEM32\VERSION.dll
0x00007ffe154d0000 - 0x00007ffe15502000 	C:\WINDOWS\System32\IMM32.DLL
0x00007ffe0f860000 - 0x00007ffe0f86c000 	C:\Program Files\Java\jdk-19\bin\vcruntime140_1.dll
0x00007ffda3070000 - 0x00007ffda30fe000 	C:\Program Files\Java\jdk-19\bin\msvcp140.dll
0x00007ffd8abd0000 - 0x00007ffd8b890000 	C:\Program Files\Java\jdk-19\bin\server\jvm.dll
0x00007ffe0ead0000 - 0x00007ffe0eb03000 	C:\WINDOWS\SYSTEM32\WINMM.dll
0x00007ffdf5330000 - 0x00007ffdf5339000 	C:\WINDOWS\SYSTEM32\WSOCK32.dll
0x00007ffe14c70000 - 0x00007ffe14cdf000 	C:\WINDOWS\System32\WS2_32.dll
0x00007ffe12cf0000 - 0x00007ffe12d08000 	C:\WINDOWS\SYSTEM32\kernel.appcore.dll
0x00007ffe0f850000 - 0x00007ffe0f85a000 	C:\Program Files\Java\jdk-19\bin\jimage.dll
0x00007ffe118d0000 - 0x00007ffe11af1000 	C:\WINDOWS\SYSTEM32\DBGHELP.DLL
0x00007ffdfeb00000 - 0x00007ffdfeb31000 	C:\WINDOWS\SYSTEM32\dbgcore.DLL
0x00007ffe14500000 - 0x00007ffe1457f000 	C:\WINDOWS\System32\bcryptPrimitives.dll
0x00007ffe0ef30000 - 0x00007ffe0ef56000 	C:\Program Files\Java\jdk-19\bin\java.dll
0x00007ffdc3470000 - 0x00007ffdc3547000 	C:\Program Files\Java\jdk-19\bin\jsvml.dll
0x00007ffe14d10000 - 0x00007ffe154c8000 	C:\WINDOWS\System32\SHELL32.dll
0x00007ffe11d60000 - 0x00007ffe125c5000 	C:\WINDOWS\SYSTEM32\windows.storage.dll
0x00007ffe16270000 - 0x00007ffe165e8000 	C:\WINDOWS\System32\combase.dll
0x00007ffe11bf0000 - 0x00007ffe11d56000 	C:\WINDOWS\SYSTEM32\wintypes.dll
0x00007ffe165f0000 - 0x00007ffe166da000 	C:\WINDOWS\System32\SHCORE.dll
0x00007ffe15c00000 - 0x00007ffe15c5d000 	C:\WINDOWS\System32\shlwapi.dll
0x00007ffe13ba0000 - 0x00007ffe13bc1000 	C:\WINDOWS\SYSTEM32\profapi.dll
0x00007ffe01f40000 - 0x00007ffe01f53000 	C:\Program Files\Java\jdk-19\bin\net.dll
0x00007ffe0dd10000 - 0x00007ffe0de24000 	C:\WINDOWS\SYSTEM32\WINHTTP.dll
0x00007ffe13190000 - 0x00007ffe131f7000 	C:\WINDOWS\system32\mswsock.dll
0x00007ffdf8e40000 - 0x00007ffdf8e56000 	C:\Program Files\Java\jdk-19\bin\nio.dll
0x00007ffdbce60000 - 0x00007ffdbcff1000 	C:\Program Files\Java\jdk-19\bin\awt.dll
0x00007ffe14740000 - 0x00007ffe14816000 	C:\WINDOWS\System32\OLEAUT32.dll
0x00007ffe11430000 - 0x00007ffe1145f000 	C:\WINDOWS\system32\DWMAPI.DLL
0x00007ffe10fb0000 - 0x00007ffe1105c000 	C:\WINDOWS\system32\uxtheme.dll
0x00007ffded670000 - 0x00007ffded771000 	C:\WINDOWS\system32\opengl32.dll
0x00007ffdf0da0000 - 0x00007ffdf0dcd000 	C:\WINDOWS\SYSTEM32\GLU32.dll
0x00007ffe110b0000 - 0x00007ffe110e8000 	C:\WINDOWS\SYSTEM32\dxcore.dll
0x00007ffe149a0000 - 0x00007ffe14abd000 	C:\WINDOWS\System32\MSCTF.dll
0x00007ffe160d0000 - 0x00007ffe1626a000 	C:\WINDOWS\System32\ole32.dll
0x00007ffdf4020000 - 0x00007ffdf4038000 	C:\Program Files\Java\jdk-19\bin\zip.dll
0x00007ffe0f2c0000 - 0x00007ffe0f2ee000 	C:\Program Files\Java\jdk-19\bin\javajpeg.dll
0x00007ffda2ee0000 - 0x00007ffda2f66000 	C:\Program Files\Java\jdk-19\bin\freetype.dll
0x00007ffda2e30000 - 0x00007ffda2ed9000 	C:\Program Files\Java\jdk-19\bin\fontmanager.dll
0x00007ffe157f0000 - 0x00007ffe158a5000 	C:\WINDOWS\System32\clbcatq.dll
0x00007ffe0ba80000 - 0x00007ffe0bc2e000 	C:\WINDOWS\SYSTEM32\WindowsCodecs.dll
0x00007ffdf0520000 - 0x00007ffdf057d000 	C:\WINDOWS\system32\dataexchange.dll
0x00007ffe0b400000 - 0x00007ffe0b666000 	C:\WINDOWS\system32\twinapi.appcore.dll
0x00007ffdf98c0000 - 0x00007ffdf99ed000 	C:\WINDOWS\SYSTEM32\textinputframework.dll
0x00007ffe10b40000 - 0x00007ffe10c71000 	C:\WINDOWS\SYSTEM32\CoreMessaging.dll
0x00007ffe0d730000 - 0x00007ffe0da9d000 	C:\WINDOWS\SYSTEM32\CoreUIComponents.dll
0x00007ffe133f0000 - 0x00007ffe133fc000 	C:\WINDOWS\SYSTEM32\CRYPTBASE.DLL

dbghelp: loaded successfully - version: 4.0.5 - missing functions: none
symbol engine: initialized successfully - sym options: 0x614 - pdb path: .;C:\Program Files\Java\jdk-19\bin;C:\WINDOWS\SYSTEM32;C:\WINDOWS\WinSxS\amd64_microsoft.windows.common-controls_6595b64144ccf1df_6.0.22000.120_none_9d947278b86cc467;C:\Program Files\Java\jdk-19\bin\server

VM Arguments:
jvm_args: -Dfile.encoding=UTF-8 --module-path=D:\QuizApplication\Quiz-Application-Using-Java-master\build\classes 
java_command: quiz.application.Login
java_class_path (initial): D:\QuizApplication\Quiz-Application-Using-Java-master\build\classes
Launcher Type: SUN_STANDARD

[Global flags]
     intx CICompilerCount                          = 3                                         {product} {ergonomic}
     uint ConcGCThreads                            = 1                                         {product} {ergonomic}
     uint G1ConcRefinementThreads                  = 4                                         {product} {ergonomic}
   size_t G1HeapRegionSize                         = 1048576                                   {product} {ergonomic}
    uintx GCDrainStackTargetSize                   = 64                                        {product} {ergonomic}
   size_t InitialHeapSize                          = 65011712                                  {product} {ergonomic}
   size_t MarkStackSize                            = 4194304                                   {product} {ergonomic}
   size_t MaxHeapSize                              = 1021313024                                {product} {ergonomic}
   size_t MaxNewSize                               = 612368384                                 {product} {ergonomic}
   size_t MinHeapDeltaBytes                        = 1048576                                   {product} {ergonomic}
   size_t MinHeapSize                              = 8388608                                   {product} {ergonomic}
    uintx NonNMethodCodeHeapSize                   = 5832780                                {pd product} {ergonomic}
    uintx NonProfiledCodeHeapSize                  = 122912730                              {pd product} {ergonomic}
    uintx ProfiledCodeHeapSize                     = 122912730                              {pd product} {ergonomic}
    uintx ReservedCodeCacheSize                    = 251658240                              {pd product} {ergonomic}
     bool SegmentedCodeCache                       = true                                      {product} {ergonomic}
   size_t SoftMaxHeapSize                          = 1021313024                             {manageable} {ergonomic}
     bool UseCompressedClassPointers               = true                           {product lp64_product} {ergonomic}
     bool UseCompressedOops                        = true                           {product lp64_product} {ergonomic}
     bool UseG1GC                                  = true                                      {product} {ergonomic}
     bool UseLargePagesIndividualAllocation        = false                                  {pd product} {ergonomic}

Logging:
Log output configuration:
 #0: stdout all=warning uptime,level,tags foldmultilines=false
 #1: stderr all=off uptime,level,tags foldmultilines=false

Environment Variables:
JAVA_HOME=C:\Users\Lenovo\AppData\Local\Programs\Eclipse Adoptium\jdk-17.0.4.101-hotspot\
PATH=C:\Program Files\Common Files\Oracle\Java\javapath;C:\Program Files (x86)\Common Files\Oracle\Java\javapath;C:\WINDOWS\system32;C:\WINDOWS;C:\WINDOWS\System32\Wbem;C:\WINDOWS\System32\WindowsPowerShell\v1.0\;C:\WINDOWS\System32\OpenSSH\;C:\MinGW\bin;C:\Program Files\Java\jdk-19\bin;C:\Users\Lenovo\AppData\Local\Programs\Eclipse Adoptium\jdk-17.0.4.101-hotspot\bin;C:\Users\Lenovo\AppData\Local\Microsoft\WindowsApps;;C:\Users\Lenovo\AppData\Local\Programs\Microsoft VS Code\bin;C:\Program Files\Microsoft Office\root\Client
USERNAME=Lenovo
OS=Windows_NT
PROCESSOR_IDENTIFIER=Intel64 Family 6 Model 126 Stepping 5, GenuineIntel
TMP=C:\Users\Lenovo\AppData\Local\Temp
TEMP=C:\Users\Lenovo\AppData\Local\Temp



---------------  S Y S T E M  ---------------

OS:
 Windows 11 , 64 bit Build 22000 (10.0.22000.1219)
OS uptime: 0 days 4:29 hours

CPU: total 4 (initial active 4) (2 cores per cpu, 2 threads per core) family 6 model 126 stepping 5 microcode 0x86, cx8, cmov, fxsr, ht, mmx, 3dnowpref, sse, sse2, sse3, ssse3, sse4.1, sse4.2, popcnt, lzcnt, tsc, tscinvbit, avx, avx2, aes, erms, clmul, bmi1, bmi2, adx, avx512f, avx512dq, avx512cd, avx512bw, avx512vl, sha, fma, vzeroupper, avx512_vpopcntdq, avx512_vpclmulqdq, avx512_vaes, avx512_vnni, clflush, clflushopt, avx512_vbmi2, avx512_vbmi, rdtscp, rdpid, fsrm, gfni, avx512_bitalg

Memory: 4k page, system-wide physical 3891M (272M free)
TotalPageFile size 15667M (AvailPageFile size 92M)
current process WorkingSet (physical memory assigned to process): 14M, peak: 79M
current process commit charge ("private bytes"): 151M, peak: 156M

vm_info: Java HotSpot(TM) 64-Bit Server VM (19+36-2238) for windows-amd64 JRE (19+36-2238), built on 2022-08-12T20:29:01Z by "mach5one" with MS VC++ 17.1 (VS2022)

END.
