#
# There is insufficient memory for the Java Runtime Environment to continue.
# Native memory allocation (malloc) failed to allocate 32744 bytes for Chunk::new
# Possible reasons:
#   The system is out of physical RAM or swap space
#   The process is running with CompressedOops enabled, and the Java Heap may be blocking the growth of the native heap
# Possible solutions:
#   Reduce memory load on the system
#   Increase physical memory or swap space
#   Check if swap backing store is full
#   Decrease Java heap size (-Xmx/-Xms)
#   Decrease number of Java threads
#   Decrease Java thread stack sizes (-Xss)
#   Set larger code cache with -XX:ReservedCodeCacheSize=
#   JVM is running with Unscaled Compressed Oops mode in which the Java heap is
#     placed in the first 4GB address space. The Java Heap base address is the
#     maximum limit for the native heap growth. Please use -XX:HeapBaseMinAddress
#     to set the Java Heap base and to place the Java Heap above 4GB virtual address.
# This output file may be truncated or incomplete.
#
#  Out of Memory Error (arena.cpp:184), pid=25500, tid=24508
#
# JRE version: Java(TM) SE Runtime Environment (19.0+36) (build 19+36-2238)
# Java VM: Java HotSpot(TM) 64-Bit Server VM (19+36-2238, mixed mode, sharing, tiered, compressed oops, compressed class ptrs, g1 gc, windows-amd64)
# No core dump will be written. Minidumps are not enabled by default on client versions of Windows
#

---------------  S U M M A R Y ------------

Command Line: -Dfile.encoding=UTF-8 --module-path=D:\QuizApplication\Quiz-Application-Using-Java-master\build\classes quiz.application.Login

Host: Intel(R) Core(TM) i3-1005G1 CPU @ 1.20GHz, 4 cores, 3G,  Windows 11 , 64 bit Build 22000 (10.0.22000.1219)
Time: Sat Nov 26 16:04:24 2022 India Standard Time elapsed time: 724.445683 seconds (0d 0h 12m 4s)

---------------  T H R E A D  ---------------

Current thread (0x000001e978479dd0):  JavaThread "C2 CompilerThread0" daemon [_thread_in_native, id=24508, stack(0x000000a833500000,0x000000a833600000)]


Current CompileTask:
C2: 724446 1077       4       java.util.Arrays::binarySearch0 (95 bytes)

Stack: [0x000000a833500000,0x000000a833600000]
Native frames: (J=compiled Java code, j=interpreted, Vv=VM code, C=native code)
V  [jvm.dll+0x6ee8fa]
V  [jvm.dll+0x857a1e]
V  [jvm.dll+0x85940e]
V  [jvm.dll+0x859ac3]
V  [jvm.dll+0x28291f]
V  [jvm.dll+0xc9b5f]
V  [jvm.dll+0xc9ee5]
V  [jvm.dll+0x67a47e]
V  [jvm.dll+0x67a61f]
V  [jvm.dll+0x67a61f]
V  [jvm.dll+0x67a61f]
V  [jvm.dll+0x68012c]
V  [jvm.dll+0x68113c]
V  [jvm.dll+0x67f594]
V  [jvm.dll+0x24c14e]
V  [jvm.dll+0x24b671]
V  [jvm.dll+0x1d6d61]
V  [jvm.dll+0x25b0fa]
V  [jvm.dll+0x259588]
V  [jvm.dll+0x807928]
V  [jvm.dll+0x8015fa]
V  [jvm.dll+0x6ed5eb]
C  [ucrtbase.dll+0x26c0c]
C  [KERNEL32.DLL+0x15550]
C  [ntdll.dll+0x485b]


---------------  P R O C E S S  ---------------

Threads class SMR info:
_java_thread_list=0x000001e97d5b24a0, length=17, elements={
0x000001e9784697f0, 0x000001e97846a3b0, 0x000001e97846e140, 0x000001e97846eb60,
0x000001e978472070, 0x000001e9784753e0, 0x000001e978479dd0, 0x000001e97847f4f0,
0x000001e978487e50, 0x000001e97c8539c0, 0x000001e97c93d5d0, 0x000001e97c9a0ea0,
0x000001e97c9a13e0, 0x000001e97caa02e0, 0x000001e97d4f60a0, 0x000001e96bc5c4e0,
0x000001e97d5e32e0
}

Java Threads: ( => current thread )
  0x000001e9784697f0 JavaThread "Reference Handler" daemon [_thread_blocked, id=24112, stack(0x000000a832f00000,0x000000a833000000)]
  0x000001e97846a3b0 JavaThread "Finalizer" daemon [_thread_blocked, id=24356, stack(0x000000a833000000,0x000000a833100000)]
  0x000001e97846e140 JavaThread "Signal Dispatcher" daemon [_thread_blocked, id=16664, stack(0x000000a833100000,0x000000a833200000)]
  0x000001e97846eb60 JavaThread "Attach Listener" daemon [_thread_blocked, id=23172, stack(0x000000a833200000,0x000000a833300000)]
  0x000001e978472070 JavaThread "Service Thread" daemon [_thread_blocked, id=24672, stack(0x000000a833300000,0x000000a833400000)]
  0x000001e9784753e0 JavaThread "Monitor Deflation Thread" daemon [_thread_blocked, id=20260, stack(0x000000a833400000,0x000000a833500000)]
=>0x000001e978479dd0 JavaThread "C2 CompilerThread0" daemon [_thread_in_native, id=24508, stack(0x000000a833500000,0x000000a833600000)]
  0x000001e97847f4f0 JavaThread "C1 CompilerThread0" daemon [_thread_blocked, id=13380, stack(0x000000a833600000,0x000000a833700000)]
  0x000001e978487e50 JavaThread "Sweeper thread" daemon [_thread_blocked, id=11584, stack(0x000000a833700000,0x000000a833800000)]
  0x000001e97c8539c0 JavaThread "Common-Cleaner" daemon [_thread_blocked, id=17592, stack(0x000000a833800000,0x000000a833900000)]
  0x000001e97c93d5d0 JavaThread "Notification Thread" daemon [_thread_blocked, id=24620, stack(0x000000a833900000,0x000000a833a00000)]
  0x000001e97c9a0ea0 JavaThread "Java2D Disposer" daemon [_thread_blocked, id=24656, stack(0x000000a833b00000,0x000000a833c00000)]
  0x000001e97c9a13e0 JavaThread "AWT-Shutdown" [_thread_blocked, id=24652, stack(0x000000a833c00000,0x000000a833d00000)]
  0x000001e97caa02e0 JavaThread "AWT-Windows" daemon [_thread_in_native, id=25552, stack(0x000000a833d00000,0x000000a833e00000)]
  0x000001e97d4f60a0 JavaThread "AWT-EventQueue-0" [_thread_in_native, id=25540, stack(0x000000a833f00000,0x000000a834000000)]
  0x000001e96bc5c4e0 JavaThread "DestroyJavaVM" [_thread_blocked, id=23608, stack(0x000000a832800000,0x000000a832900000)]
  0x000001e97d5e32e0 JavaThread "TimerQueue" daemon [_thread_blocked, id=23380, stack(0x000000a834300000,0x000000a834400000)]

Other Threads:
  0x000001e96bd1e0f0 VMThread "VM Thread" [stack: 0x000000a832e00000,0x000000a832f00000] [id=25460]
  0x000001e97c9bbc10 WatcherThread "VM Periodic Task Thread" [stack: 0x000000a833a00000,0x000000a833b00000] [id=20744]
  0x000001e96bc9a110 WorkerThread "GC Thread#0" [stack: 0x000000a832900000,0x000000a832a00000] [id=25484]
  0x000001e96bca34d0 ConcurrentGCThread "G1 Main Marker" [stack: 0x000000a832a00000,0x000000a832b00000] [id=25384]
  0x000001e96bca3f00 WorkerThread "G1 Conc#0" [stack: 0x000000a832b00000,0x000000a832c00000] [id=25392]
  0x000001e96bcf9330 ConcurrentGCThread "G1 Refine#0" [stack: 0x000000a832c00000,0x000000a832d00000] [id=25468]
  0x000001e96bcf9d10 ConcurrentGCThread "G1 Service" [stack: 0x000000a832d00000,0x000000a832e00000] [id=22012]

Threads with active compile tasks:
C2 CompilerThread0   725068 1077       4       java.util.Arrays::binarySearch0 (95 bytes)

VM state: not at safepoint (normal execution)

VM Mutex/Monitor currently owned by a thread: None

Heap address: 0x00000000c3200000, size: 974 MB, Compressed Oops mode: 32-bit

CDS archive(s) mapped at: [0x0000000800000000-0x0000000800c40000-0x0000000800c40000), size 12845056, SharedBaseAddress: 0x0000000800000000, ArchiveRelocationMode: 0.
Compressed class space mapped at: 0x0000000801000000-0x0000000841000000, reserved size: 1073741824
Narrow klass base: 0x0000000800000000, Narrow klass shift: 0, Narrow klass range: 0x100000000

GC Precious Log:
 CardTable entry size: 512
 Card Set container configuration: InlinePtr #cards 5 size 8 Array Of Cards #cards 12 size 40 Howl #buckets 4 coarsen threshold 1843 Howl Bitmap #cards 512 size 80 coarsen threshold 460 Card regions per heap region 1 cards per card region 2048
 CPUs: 4 total, 4 available
 Memory: 3891M
 Large Page Support: Disabled
 NUMA Support: Disabled
 Compressed Oops: Enabled (32-bit)
 Heap Region Size: 1M
 Heap Min Capacity: 8M
 Heap Initial Capacity: 62M
 Heap Max Capacity: 974M
 Pre-touch: Disabled
 Parallel Workers: 4
 Concurrent Workers: 1
 Concurrent Refinement Workers: 4
 Periodic GC: Disabled

Heap:
 garbage-first heap   total 63488K, used 16384K [0x00000000c3200000, 0x0000000100000000)
  region size 1024K, 11 young (11264K), 0 survivors (0K)
 Metaspace       used 8322K, committed 8512K, reserved 1114112K
  class space    used 929K, committed 1024K, reserved 1048576K

Heap Regions: E=young(eden), S=young(survivor), O=old, HS=humongous(starts), HC=humongous(continues), CS=collection set, F=free, OA=open archive, CA=closed archive, TAMS=top-at-mark-start (previous, next)
|   0|0x00000000c3200000, 0x00000000c3300000, 0x00000000c3300000|100%|HS|  |TAMS 0x00000000c3200000, 0x00000000c3200000| Complete 
|   1|0x00000000c3300000, 0x00000000c3400000, 0x00000000c3400000|100%|HC|  |TAMS 0x00000000c3300000, 0x00000000c3300000| Complete 
|   2|0x00000000c3400000, 0x00000000c3500000, 0x00000000c3500000|100%|HS|  |TAMS 0x00000000c3400000, 0x00000000c3400000| Complete 
|   3|0x00000000c3500000, 0x00000000c3600000, 0x00000000c3600000|100%|HC|  |TAMS 0x00000000c3500000, 0x00000000c3500000| Complete 
|   4|0x00000000c3600000, 0x00000000c3700000, 0x00000000c3700000|100%|HC|  |TAMS 0x00000000c3600000, 0x00000000c3600000| Complete 
|   5|0x00000000c3700000, 0x00000000c3800000, 0x00000000c3800000|100%|HC|  |TAMS 0x00000000c3700000, 0x00000000c3700000| Complete 
|   6|0x00000000c3800000, 0x00000000c3800000, 0x00000000c3900000|  0%| F|  |TAMS 0x00000000c3800000, 0x00000000c3800000| Untracked 
|   7|0x00000000c3900000, 0x00000000c3900000, 0x00000000c3a00000|  0%| F|  |TAMS 0x00000000c3900000, 0x00000000c3900000| Untracked 
|   8|0x00000000c3a00000, 0x00000000c3a00000, 0x00000000c3b00000|  0%| F|  |TAMS 0x00000000c3a00000, 0x00000000c3a00000| Untracked 
|   9|0x00000000c3b00000, 0x00000000c3b00000, 0x00000000c3c00000|  0%| F|  |TAMS 0x00000000c3b00000, 0x00000000c3b00000| Untracked 
|  10|0x00000000c3c00000, 0x00000000c3c00000, 0x00000000c3d00000|  0%| F|  |TAMS 0x00000000c3c00000, 0x00000000c3c00000| Untracked 
|  11|0x00000000c3d00000, 0x00000000c3d00000, 0x00000000c3e00000|  0%| F|  |TAMS 0x00000000c3d00000, 0x00000000c3d00000| Untracked 
|  12|0x00000000c3e00000, 0x00000000c3e00000, 0x00000000c3f00000|  0%| F|  |TAMS 0x00000000c3e00000, 0x00000000c3e00000| Untracked 
|  13|0x00000000c3f00000, 0x00000000c3f00000, 0x00000000c4000000|  0%| F|  |TAMS 0x00000000c3f00000, 0x00000000c3f00000| Untracked 
|  14|0x00000000c4000000, 0x00000000c4000000, 0x00000000c4100000|  0%| F|  |TAMS 0x00000000c4000000, 0x00000000c4000000| Untracked 
|  15|0x00000000c4100000, 0x00000000c4100000, 0x00000000c4200000|  0%| F|  |TAMS 0x00000000c4100000, 0x00000000c4100000| Untracked 
|  16|0x00000000c4200000, 0x00000000c4200000, 0x00000000c4300000|  0%| F|  |TAMS 0x00000000c4200000, 0x00000000c4200000| Untracked 
|  17|0x00000000c4300000, 0x00000000c4300000, 0x00000000c4400000|  0%| F|  |TAMS 0x00000000c4300000, 0x00000000c4300000| Untracked 
|  18|0x00000000c4400000, 0x00000000c4400000, 0x00000000c4500000|  0%| F|  |TAMS 0x00000000c4400000, 0x00000000c4400000| Untracked 
|  19|0x00000000c4500000, 0x00000000c4500000, 0x00000000c4600000|  0%| F|  |TAMS 0x00000000c4500000, 0x00000000c4500000| Untracked 
|  20|0x00000000c4600000, 0x00000000c4600000, 0x00000000c4700000|  0%| F|  |TAMS 0x00000000c4600000, 0x00000000c4600000| Untracked 
|  21|0x00000000c4700000, 0x00000000c4700000, 0x00000000c4800000|  0%| F|  |TAMS 0x00000000c4700000, 0x00000000c4700000| Untracked 
|  22|0x00000000c4800000, 0x00000000c4800000, 0x00000000c4900000|  0%| F|  |TAMS 0x00000000c4800000, 0x00000000c4800000| Untracked 
|  23|0x00000000c4900000, 0x00000000c4900000, 0x00000000c4a00000|  0%| F|  |TAMS 0x00000000c4900000, 0x00000000c4900000| Untracked 
|  24|0x00000000c4a00000, 0x00000000c4a00000, 0x00000000c4b00000|  0%| F|  |TAMS 0x00000000c4a00000, 0x00000000c4a00000| Untracked 
|  25|0x00000000c4b00000, 0x00000000c4b00000, 0x00000000c4c00000|  0%| F|  |TAMS 0x00000000c4b00000, 0x00000000c4b00000| Untracked 
|  26|0x00000000c4c00000, 0x00000000c4c00000, 0x00000000c4d00000|  0%| F|  |TAMS 0x00000000c4c00000, 0x00000000c4c00000| Untracked 
|  27|0x00000000c4d00000, 0x00000000c4d00000, 0x00000000c4e00000|  0%| F|  |TAMS 0x00000000c4d00000, 0x00000000c4d00000| Untracked 
|  28|0x00000000c4e00000, 0x00000000c4e00000, 0x00000000c4f00000|  0%| F|  |TAMS 0x00000000c4e00000, 0x00000000c4e00000| Untracked 
|  29|0x00000000c4f00000, 0x00000000c4f00000, 0x00000000c5000000|  0%| F|  |TAMS 0x00000000c4f00000, 0x00000000c4f00000| Untracked 
|  30|0x00000000c5000000, 0x00000000c5000000, 0x00000000c5100000|  0%| F|  |TAMS 0x00000000c5000000, 0x00000000c5000000| Untracked 
|  31|0x00000000c5100000, 0x00000000c5100000, 0x00000000c5200000|  0%| F|  |TAMS 0x00000000c5100000, 0x00000000c5100000| Untracked 
|  32|0x00000000c5200000, 0x00000000c5200000, 0x00000000c5300000|  0%| F|  |TAMS 0x00000000c5200000, 0x00000000c5200000| Untracked 
|  33|0x00000000c5300000, 0x00000000c5300000, 0x00000000c5400000|  0%| F|  |TAMS 0x00000000c5300000, 0x00000000c5300000| Untracked 
|  34|0x00000000c5400000, 0x00000000c5400000, 0x00000000c5500000|  0%| F|  |TAMS 0x00000000c5400000, 0x00000000c5400000| Untracked 
|  35|0x00000000c5500000, 0x00000000c5500000, 0x00000000c5600000|  0%| F|  |TAMS 0x00000000c5500000, 0x00000000c5500000| Untracked 
|  36|0x00000000c5600000, 0x00000000c5600000, 0x00000000c5700000|  0%| F|  |TAMS 0x00000000c5600000, 0x00000000c5600000| Untracked 
|  37|0x00000000c5700000, 0x00000000c5700000, 0x00000000c5800000|  0%| F|  |TAMS 0x00000000c5700000, 0x00000000c5700000| Untracked 
|  38|0x00000000c5800000, 0x00000000c5800000, 0x00000000c5900000|  0%| F|  |TAMS 0x00000000c5800000, 0x00000000c5800000| Untracked 
|  39|0x00000000c5900000, 0x00000000c5900000, 0x00000000c5a00000|  0%| F|  |TAMS 0x00000000c5900000, 0x00000000c5900000| Untracked 
|  40|0x00000000c5a00000, 0x00000000c5a00000, 0x00000000c5b00000|  0%| F|  |TAMS 0x00000000c5a00000, 0x00000000c5a00000| Untracked 
|  41|0x00000000c5b00000, 0x00000000c5b00000, 0x00000000c5c00000|  0%| F|  |TAMS 0x00000000c5b00000, 0x00000000c5b00000| Untracked 
|  42|0x00000000c5c00000, 0x00000000c5c00000, 0x00000000c5d00000|  0%| F|  |TAMS 0x00000000c5c00000, 0x00000000c5c00000| Untracked 
|  43|0x00000000c5d00000, 0x00000000c5d00000, 0x00000000c5e00000|  0%| F|  |TAMS 0x00000000c5d00000, 0x00000000c5d00000| Untracked 
|  44|0x00000000c5e00000, 0x00000000c5e00000, 0x00000000c5f00000|  0%| F|  |TAMS 0x00000000c5e00000, 0x00000000c5e00000| Untracked 
|  45|0x00000000c5f00000, 0x00000000c5f00000, 0x00000000c6000000|  0%| F|  |TAMS 0x00000000c5f00000, 0x00000000c5f00000| Untracked 
|  46|0x00000000c6000000, 0x00000000c6000000, 0x00000000c6100000|  0%| F|  |TAMS 0x00000000c6000000, 0x00000000c6000000| Untracked 
|  47|0x00000000c6100000, 0x00000000c6100000, 0x00000000c6200000|  0%| F|  |TAMS 0x00000000c6100000, 0x00000000c6100000| Untracked 
|  48|0x00000000c6200000, 0x00000000c6200000, 0x00000000c6300000|  0%| F|  |TAMS 0x00000000c6200000, 0x00000000c6200000| Untracked 
|  49|0x00000000c6300000, 0x00000000c6300000, 0x00000000c6400000|  0%| F|  |TAMS 0x00000000c6300000, 0x00000000c6300000| Untracked 
|  50|0x00000000c6400000, 0x00000000c6400000, 0x00000000c6500000|  0%| F|  |TAMS 0x00000000c6400000, 0x00000000c6400000| Untracked 
|  51|0x00000000c6500000, 0x00000000c6585aa8, 0x00000000c6600000| 52%| E|  |TAMS 0x00000000c6500000, 0x00000000c6500000| Complete 
|  52|0x00000000c6600000, 0x00000000c6700000, 0x00000000c6700000|100%| E|CS|TAMS 0x00000000c6600000, 0x00000000c6600000| Complete 
|  53|0x00000000c6700000, 0x00000000c6800000, 0x00000000c6800000|100%| E|CS|TAMS 0x00000000c6700000, 0x00000000c6700000| Complete 
|  54|0x00000000c6800000, 0x00000000c6900000, 0x00000000c6900000|100%| E|CS|TAMS 0x00000000c6800000, 0x00000000c6800000| Complete 
|  55|0x00000000c6900000, 0x00000000c6a00000, 0x00000000c6a00000|100%| E|CS|TAMS 0x00000000c6900000, 0x00000000c6900000| Complete 
|  56|0x00000000c6a00000, 0x00000000c6b00000, 0x00000000c6b00000|100%| E|CS|TAMS 0x00000000c6a00000, 0x00000000c6a00000| Complete 
|  57|0x00000000c6b00000, 0x00000000c6c00000, 0x00000000c6c00000|100%| E|CS|TAMS 0x00000000c6b00000, 0x00000000c6b00000| Complete 
|  58|0x00000000c6c00000, 0x00000000c6d00000, 0x00000000c6d00000|100%| E|CS|TAMS 0x00000000c6c00000, 0x00000000c6c00000| Complete 
|  59|0x00000000c6d00000, 0x00000000c6e00000, 0x00000000c6e00000|100%| E|CS|TAMS 0x00000000c6d00000, 0x00000000c6d00000| Complete 
|  60|0x00000000c6e00000, 0x00000000c6f00000, 0x00000000c6f00000|100%| E|CS|TAMS 0x00000000c6e00000, 0x00000000c6e00000| Complete 
|  61|0x00000000c6f00000, 0x00000000c7000000, 0x00000000c7000000|100%| E|CS|TAMS 0x00000000c6f00000, 0x00000000c6f00000| Complete 

Card table byte_map: [0x000001e973da0000,0x000001e973f90000] _byte_map_base: 0x000001e973787000

Marking Bits (Prev, Next): (CMBitMap*) 0x000001e96bc9a740, (CMBitMap*) 0x000001e96bc9a780
 Prev Bits: [0x000001e974180000, 0x000001e9750b8000)
 Next Bits: [0x000001e9750c0000, 0x000001e975ff8000)

Polling page: 0x000001e969c40000

Metaspace:

Usage:
  Non-class:      7.22 MB used.
      Class:    929.94 KB used.
       Both:      8.13 MB used.

Virtual space:
  Non-class space:       64.00 MB reserved,       7.31 MB ( 11%) committed,  1 nodes.
      Class space:        1.00 GB reserved,       1.00 MB ( <1%) committed,  1 nodes.
             Both:        1.06 GB reserved,       8.31 MB ( <1%) committed. 

Chunk freelists:
   Non-Class:  490.00 KB
       Class:  3.04 MB
        Both:  3.52 MB

MaxMetaspaceSize: unlimited
CompressedClassSpaceSize: 1.00 GB
Initial GC threshold: 21.00 MB
Current GC threshold: 21.00 MB
CDS: on
MetaspaceReclaimPolicy: balanced
 - commit_granule_bytes: 65536.
 - commit_granule_words: 8192.
 - virtual_space_node_default_size: 8388608.
 - enlarge_chunks_in_place: 1.
 - new_chunks_are_fully_committed: 0.
 - uncommit_free_chunks: 1.
 - use_allocation_guard: 0.


Internal statistics:

num_allocs_failed_limit: 0.
num_arena_births: 154.
num_arena_deaths: 0.
num_vsnodes_births: 2.
num_vsnodes_deaths: 0.
num_space_committed: 133.
num_space_uncommitted: 0.
num_chunks_returned_to_freelist: 0.
num_chunks_taken_from_freelist: 171.
num_chunk_merges: 0.
num_chunk_splits: 115.
num_chunks_enlarged: 74.
num_inconsistent_stats: 0.

CodeHeap 'non-profiled nmethods': size=120000Kb used=310Kb max_used=310Kb free=119689Kb
 bounds [0x000001e907ad0000, 0x000001e907d40000, 0x000001e90f000000]
CodeHeap 'profiled nmethods': size=120000Kb used=1605Kb max_used=1605Kb free=118394Kb
 bounds [0x000001e900000000, 0x000001e900270000, 0x000001e907530000]
CodeHeap 'non-nmethods': size=5760Kb used=1388Kb max_used=1403Kb free=4371Kb
 bounds [0x000001e907530000, 0x000001e9077a0000, 0x000001e907ad0000]
 total_blobs=1696 nmethods=1076 adapters=531
 compilation: enabled
              stopped_count=0, restarted_count=0
 full_count=0

Compilation events (20 events):
Event: 6.990 Thread 0x000001e97847f4f0 nmethod 1066 0x000001e90018e010 code [0x000001e90018e1c0, 0x000001e90018e428]
Event: 6.990 Thread 0x000001e97847f4f0 1067       3       java.lang.Thread::getAndClearInterrupt (19 bytes)
Event: 6.990 Thread 0x000001e97847f4f0 nmethod 1067 0x000001e90018e510 code [0x000001e90018e6c0, 0x000001e90018e848]
Event: 7.468 Thread 0x000001e97847f4f0 1069       3       java.awt.geom.AffineTransform::<init> (15 bytes)
Event: 7.469 Thread 0x000001e97847f4f0 nmethod 1069 0x000001e90018e910 code [0x000001e90018eac0, 0x000001e90018ec38]
Event: 7.469 Thread 0x000001e97847f4f0 1070       3       sun.java2d.pipe.PixelToParallelogramConverter::len (37 bytes)
Event: 7.469 Thread 0x000001e97847f4f0 nmethod 1070 0x000001e90018ed10 code [0x000001e90018ef00, 0x000001e90018f198]
Event: 7.969 Thread 0x000001e97847f4f0 1071       3       sun.awt.Win32GraphicsConfig::getDefaultTransform (24 bytes)
Event: 7.970 Thread 0x000001e97847f4f0 nmethod 1071 0x000001e90018f210 code [0x000001e90018f3c0, 0x000001e90018f648]
Event: 7.970 Thread 0x000001e97847f4f0 1072       3       java.awt.Font::equals (131 bytes)
Event: 7.971 Thread 0x000001e97847f4f0 nmethod 1072 0x000001e90018f790 code [0x000001e90018f9c0, 0x000001e900190148]
Event: 7.971 Thread 0x000001e97847f4f0 1073       3       sun.font.SunFontManager::getInstance (9 bytes)
Event: 7.971 Thread 0x000001e97847f4f0 nmethod 1073 0x000001e900190310 code [0x000001e9001904c0, 0x000001e9001906c8]
Event: 8.188 Thread 0x000001e97847f4f0 1074       3       java.awt.AWTEvent::<init> (81 bytes)
Event: 8.189 Thread 0x000001e97847f4f0 nmethod 1074 0x000001e900190790 code [0x000001e900190960, 0x000001e900190e18]
Event: 8.228 Thread 0x000001e978479dd0 1075       4       java.lang.String::equals (56 bytes)
Event: 8.230 Thread 0x000001e978479dd0 nmethod 1075 0x000001e907b1d690 code [0x000001e907b1d820, 0x000001e907b1d9d8]
Event: 540.504 Thread 0x000001e97847f4f0 1076       3       java.util.concurrent.locks.AbstractQueuedSynchronizer$ConditionObject::canReacquire (38 bytes)
Event: 540.514 Thread 0x000001e97847f4f0 nmethod 1076 0x000001e900190f90 code [0x000001e900191160, 0x000001e9001914f8]
Event: 723.584 Thread 0x000001e978479dd0 1077       4       java.util.Arrays::binarySearch0 (95 bytes)

GC Heap History (0 events):
No events

Dll operation events (10 events):
Event: 0.073 Loaded shared library C:\Program Files\Java\jdk-19\bin\java.dll
Event: 0.210 Loaded shared library C:\Program Files\Java\jdk-19\bin\jsvml.dll
Event: 0.460 Loaded shared library C:\Program Files\Java\jdk-19\bin\net.dll
Event: 0.466 Loaded shared library C:\Program Files\Java\jdk-19\bin\nio.dll
Event: 0.567 Loaded shared library C:\Program Files\Java\jdk-19\bin\jimage.dll
Event: 0.622 Loaded shared library C:\Program Files\Java\jdk-19\bin\awt.dll
Event: 1.023 Loaded shared library C:\Program Files\Java\jdk-19\bin\zip.dll
Event: 1.109 Loaded shared library C:\Program Files\Java\jdk-19\bin\javajpeg.dll
Event: 1.328 Loaded shared library C:\Program Files\Java\jdk-19\bin\freetype.dll
Event: 1.333 Loaded shared library C:\Program Files\Java\jdk-19\bin\fontmanager.dll

Deoptimization events (20 events):
Event: 3.102 Thread 0x000001e97d4f60a0 Uncommon trap: trap_request=0xffffffde fr.pc=0x000001e907aea83c relative=0x000000000000019c
Event: 3.102 Thread 0x000001e97d4f60a0 Uncommon trap: reason=class_check action=maybe_recompile pc=0x000001e907aea83c method=java.lang.String.equals(Ljava/lang/Object;)Z @ 8 c2
Event: 3.102 Thread 0x000001e97d4f60a0 DEOPT PACKING pc=0x000001e907aea83c sp=0x000000a833ffe580
Event: 3.102 Thread 0x000001e97d4f60a0 DEOPT UNPACKING pc=0x000001e90759a5a3 sp=0x000000a833ffe528 mode 2
Event: 3.102 Thread 0x000001e97d4f60a0 Uncommon trap: trap_request=0xffffffde fr.pc=0x000001e907aea83c relative=0x000000000000019c
Event: 3.102 Thread 0x000001e97d4f60a0 Uncommon trap: reason=class_check action=maybe_recompile pc=0x000001e907aea83c method=java.lang.String.equals(Ljava/lang/Object;)Z @ 8 c2
Event: 3.102 Thread 0x000001e97d4f60a0 DEOPT PACKING pc=0x000001e907aea83c sp=0x000000a833ffe580
Event: 3.102 Thread 0x000001e97d4f60a0 DEOPT UNPACKING pc=0x000001e90759a5a3 sp=0x000000a833ffe528 mode 2
Event: 3.299 Thread 0x000001e97d4f60a0 Uncommon trap: trap_request=0xffffffde fr.pc=0x000001e907aea83c relative=0x000000000000019c
Event: 3.299 Thread 0x000001e97d4f60a0 Uncommon trap: reason=class_check action=maybe_recompile pc=0x000001e907aea83c method=java.lang.String.equals(Ljava/lang/Object;)Z @ 8 c2
Event: 3.299 Thread 0x000001e97d4f60a0 DEOPT PACKING pc=0x000001e907aea83c sp=0x000000a833ffe580
Event: 3.299 Thread 0x000001e97d4f60a0 DEOPT UNPACKING pc=0x000001e90759a5a3 sp=0x000000a833ffe528 mode 2
Event: 3.299 Thread 0x000001e97d4f60a0 Uncommon trap: trap_request=0xffffffde fr.pc=0x000001e907aea83c relative=0x000000000000019c
Event: 3.299 Thread 0x000001e97d4f60a0 Uncommon trap: reason=class_check action=maybe_recompile pc=0x000001e907aea83c method=java.lang.String.equals(Ljava/lang/Object;)Z @ 8 c2
Event: 3.299 Thread 0x000001e97d4f60a0 DEOPT PACKING pc=0x000001e907aea83c sp=0x000000a833ffe580
Event: 3.299 Thread 0x000001e97d4f60a0 DEOPT UNPACKING pc=0x000001e90759a5a3 sp=0x000000a833ffe528 mode 2
Event: 3.410 Thread 0x000001e97d4f60a0 Uncommon trap: trap_request=0xffffff45 fr.pc=0x000001e907b17088 relative=0x0000000000000168
Event: 3.410 Thread 0x000001e97d4f60a0 Uncommon trap: reason=unstable_if action=reinterpret pc=0x000001e907b17088 method=java.util.concurrent.locks.ReentrantLock$Sync.lock()V @ 4 c2
Event: 3.410 Thread 0x000001e97d4f60a0 DEOPT PACKING pc=0x000001e907b17088 sp=0x000000a833ffebe0
Event: 3.410 Thread 0x000001e97d4f60a0 DEOPT UNPACKING pc=0x000001e90759a5a3 sp=0x000000a833ffeb30 mode 2

Classes loaded (20 events):
Event: 3.109 Loading class javax/swing/text/AbstractDocument$DefaultDocumentEventUndoableWrapper
Event: 3.109 Loading class sun/swing/text/UndoableEditLockSupport
Event: 3.112 Loading class sun/swing/text/UndoableEditLockSupport done
Event: 3.112 Loading class javax/swing/text/AbstractDocument$DefaultDocumentEventUndoableWrapper done
Event: 3.112 Loading class javax/swing/event/UndoableEditListener
Event: 3.112 Loading class javax/swing/event/UndoableEditListener done
Event: 3.112 Loading class javax/swing/RepaintManager$3
Event: 3.112 Loading class javax/swing/RepaintManager$3 done
Event: 6.999 Loading class java/awt/LightweightDispatcher$2
Event: 6.999 Loading class java/awt/LightweightDispatcher$2 done
Event: 8.189 Loading class java/awt/KeyboardFocusManager$2
Event: 8.189 Loading class java/awt/KeyboardFocusManager$2 done
Event: 8.189 Loading class sun/awt/SunToolkit$1
Event: 8.190 Loading class sun/awt/SunToolkit$1 done
Event: 720.460 Loading class java/util/WeakHashMap$KeyIterator
Event: 720.948 Loading class java/util/WeakHashMap$HashIterator
Event: 721.027 Loading class java/util/WeakHashMap$HashIterator done
Event: 721.027 Loading class java/util/WeakHashMap$KeyIterator done
Event: 721.692 Loading class javax/swing/RepaintManager$DisplayChangedRunnable
Event: 721.804 Loading class javax/swing/RepaintManager$DisplayChangedRunnable done

Classes unloaded (0 events):
No events

Classes redefined (0 events):
No events

Internal exceptions (17 events):
Event: 0.484 Thread 0x000001e96bc5c4e0 Exception <a 'sun/nio/fs/WindowsException'{0x00000000c6e40188}> (0x00000000c6e40188) 
thrown [s\open\src\hotspot\share\prims\jni.cpp, line 517]
Event: 0.487 Thread 0x000001e96bc5c4e0 Exception <a 'sun/nio/fs/WindowsException'{0x00000000c6e406b8}> (0x00000000c6e406b8) 
thrown [s\open\src\hotspot\share\prims\jni.cpp, line 517]
Event: 0.497 Thread 0x000001e96bc5c4e0 Exception <a 'sun/nio/fs/WindowsException'{0x00000000c6e429a0}> (0x00000000c6e429a0) 
thrown [s\open\src\hotspot\share\prims\jni.cpp, line 517]
Event: 0.497 Thread 0x000001e96bc5c4e0 Exception <a 'sun/nio/fs/WindowsException'{0x00000000c6e86040}> (0x00000000c6e86040) 
thrown [s\open\src\hotspot\share\prims\jni.cpp, line 517]
Event: 0.588 Thread 0x000001e96bc5c4e0 Exception <a 'java/lang/ClassNotFoundException'{0x00000000c6d253b8}: sun/awt/resources/spi/awtProvider> (0x00000000c6d253b8) 
thrown [s\open\src\hotspot\share\classfile\systemDictionary.cpp, line 255]
Event: 0.642 Thread 0x000001e96bc5c4e0 Exception <a 'java/io/FileNotFoundException'{0x00000000c6d7cba0}> (0x00000000c6d7cba0) 
thrown [s\open\src\hotspot\share\prims\jni.cpp, line 517]
Event: 0.652 Thread 0x000001e96bc5c4e0 Exception <a 'java/io/FileNotFoundException'{0x00000000c6da9310}> (0x00000000c6da9310) 
thrown [s\open\src\hotspot\share\prims\jni.cpp, line 517]
Event: 0.775 Thread 0x000001e96bc5c4e0 Exception <a 'java/lang/NoSuchMethodError'{0x00000000c6dede40}: 'java.lang.Object java.lang.invoke.DirectMethodHandle$Holder.invokeStaticInit(java.lang.Object)'> (0x00000000c6dede40) 
thrown [s\open\src\hotspot\share\interpreter\linkResolver.cpp, line 774]
Event: 0.845 Thread 0x000001e96bc5c4e0 Exception <a 'java/lang/NoSuchMethodError'{0x00000000c6b00390}: 'void java.lang.invoke.DirectMethodHandle$Holder.invokeSpecial(java.lang.Object, java.lang.Object, java.lang.Object)'> (0x00000000c6b00390) 
thrown [s\open\src\hotspot\share\interpreter\linkResolver.cpp, line 774]
Event: 0.867 Thread 0x000001e96bc5c4e0 Exception <a 'java/lang/NoSuchMethodError'{0x00000000c6b2b180}: 'java.lang.Object java.lang.invoke.DirectMethodHandle$Holder.newInvokeSpecial(java.lang.Object, java.lang.Object, java.lang.Object, java.lang.Object, java.lang.Object)'> (0x00000000c6b2b180) 
thrown [s\open\src\hotspot\share\interpreter\linkResolver.cpp, line 774]
Event: 0.877 Thread 0x000001e96bc5c4e0 Exception <a 'java/lang/NoSuchMethodError'{0x00000000c6b5cab8}: 'java.lang.Object java.lang.invoke.DirectMethodHandle$Holder.invokeStatic(java.lang.Object, int, java.lang.Object)'> (0x00000000c6b5cab8) 
thrown [s\open\src\hotspot\share\interpreter\linkResolver.cpp, line 774]
Event: 0.913 Thread 0x000001e96bc5c4e0 Exception <a 'java/lang/ClassNotFoundException'{0x00000000c6a18de0}: com/sun/swing/internal/plaf/metal/resources/spi/metalProvider> (0x00000000c6a18de0) 
thrown [s\open\src\hotspot\share\classfile\systemDictionary.cpp, line 255]
Event: 0.917 Thread 0x000001e96bc5c4e0 Exception <a 'java/lang/ClassNotFoundException'{0x00000000c6a1cdb0}: com/sun/swing/internal/plaf/basic/resources/spi/basicProvider> (0x00000000c6a1cdb0) 
thrown [s\open\src\hotspot\share\classfile\systemDictionary.cpp, line 255]
Event: 0.936 Thread 0x000001e96bc5c4e0 Exception <a 'java/lang/NoSuchMethodError'{0x00000000c6a3c6c8}: 'int java.lang.invoke.Invokers$Holder.invokeExact_MT(java.lang.Object, java.lang.Object)'> (0x00000000c6a3c6c8) 
thrown [s\open\src\hotspot\share\interpreter\linkResolver.cpp, line 774]
Event: 1.111 Thread 0x000001e97cae0960 Exception <a 'java/lang/NoSuchMethodError'{0x00000000c681e228}: 'java.lang.Object java.lang.invoke.DirectMethodHandle$Holder.newInvokeSpecial(java.lang.Object, java.lang.Object, java.lang.Object, int, int, int, int, int)'> (0x00000000c681e228) 
thrown [s\open\src\hotspot\share\interpreter\linkResolver.cpp, line 774]
Event: 1.274 Thread 0x000001e97caa02e0 Exception <a 'java/lang/NoSuchMethodError'{0x00000000c6c52e40}: 'void java.lang.invoke.DirectMethodHandle$Holder.invokeVirtual(java.lang.Object, java.lang.Object)'> (0x00000000c6c52e40) 
thrown [s\open\src\hotspot\share\interpreter\linkResolver.cpp, line 774]
Event: 1.315 Thread 0x000001e96bc5c4e0 Exception <a 'java/lang/NoSuchMethodError'{0x00000000c67cc4d0}: 'void java.lang.invoke.DirectMethodHandle$Holder.invokeStaticInit(java.lang.Object)'> (0x00000000c67cc4d0) 
thrown [s\open\src\hotspot\share\interpreter\linkResolver.cpp, line 774]

VM Operations (20 events):
Event: 0.676 Executing VM operation: HandshakeAllThreads
Event: 0.676 Executing VM operation: HandshakeAllThreads done
Event: 1.079 Executing VM operation: HandshakeAllThreads
Event: 1.079 Executing VM operation: HandshakeAllThreads done
Event: 1.236 Executing VM operation: HandshakeAllThreads
Event: 1.236 Executing VM operation: HandshakeAllThreads done
Event: 1.236 Executing VM operation: Cleanup
Event: 1.236 Executing VM operation: Cleanup done
Event: 1.498 Executing VM operation: HandshakeAllThreads
Event: 1.498 Executing VM operation: HandshakeAllThreads done
Event: 1.538 Executing VM operation: HandshakeAllThreads
Event: 1.538 Executing VM operation: HandshakeAllThreads done
Event: 2.549 Executing VM operation: Cleanup
Event: 2.550 Executing VM operation: Cleanup done
Event: 3.559 Executing VM operation: Cleanup
Event: 3.559 Executing VM operation: Cleanup done
Event: 5.579 Executing VM operation: Cleanup
Event: 5.579 Executing VM operation: Cleanup done
Event: 7.604 Executing VM operation: Cleanup
Event: 7.604 Executing VM operation: Cleanup done

Events (20 events):
Event: 0.310 Thread 0x000001e9784697f0 Thread added: 0x000001e9784697f0
Event: 0.310 Thread 0x000001e97846a3b0 Thread added: 0x000001e97846a3b0
Event: 0.314 Thread 0x000001e97846e140 Thread added: 0x000001e97846e140
Event: 0.314 Thread 0x000001e97846eb60 Thread added: 0x000001e97846eb60
Event: 0.315 Thread 0x000001e978472070 Thread added: 0x000001e978472070
Event: 0.315 Thread 0x000001e9784753e0 Thread added: 0x000001e9784753e0
Event: 0.315 Thread 0x000001e978479dd0 Thread added: 0x000001e978479dd0
Event: 0.315 Thread 0x000001e97847f4f0 Thread added: 0x000001e97847f4f0
Event: 0.315 Thread 0x000001e978487e50 Thread added: 0x000001e978487e50
Event: 0.422 Thread 0x000001e97c8539c0 Thread added: 0x000001e97c8539c0
Event: 0.521 Thread 0x000001e97c93d5d0 Thread added: 0x000001e97c93d5d0
Event: 0.776 Thread 0x000001e97c9a0ea0 Thread added: 0x000001e97c9a0ea0
Event: 0.777 Thread 0x000001e97c9a13e0 Thread added: 0x000001e97c9a13e0
Event: 0.780 Thread 0x000001e97caa02e0 Thread added: 0x000001e97caa02e0
Event: 0.959 Thread 0x000001e97cae0960 Thread added: 0x000001e97cae0960
Event: 1.273 Thread 0x000001e97d4f60a0 Thread added: 0x000001e97d4f60a0
Event: 1.497 Thread 0x000001e96bc5c4e0 Thread exited: 0x000001e96bc5c4e0
Event: 1.497 Thread 0x000001e96bc5c4e0 Thread added: 0x000001e96bc5c4e0
Event: 1.776 Thread 0x000001e97d5e32e0 Thread added: 0x000001e97d5e32e0
Event: 6.136 Thread 0x000001e97cae0960 Thread exited: 0x000001e97cae0960


Dynamic libraries:
0x00007ff6a6410000 - 0x00007ff6a6420000 	C:\Program Files\Java\jdk-19\bin\java.exe
0x00007ffe167a0000 - 0x00007ffe169a9000 	C:\WINDOWS\SYSTEM32\ntdll.dll
0x00007ffe15a90000 - 0x00007ffe15b4e000 	C:\WINDOWS\System32\KERNEL32.DLL
0x00007ffe13c70000 - 0x00007ffe13feb000 	C:\WINDOWS\System32\KERNELBASE.dll
0x00007ffe10eb0000 - 0x00007ffe10f42000 	C:\WINDOWS\SYSTEM32\apphelp.dll
0x00007ffe140b0000 - 0x00007ffe141c1000 	C:\WINDOWS\System32\ucrtbase.dll
0x00007ffe0f870000 - 0x00007ffe0f88b000 	C:\Program Files\Java\jdk-19\bin\VCRUNTIME140.dll
0x00007ffe02e20000 - 0x00007ffe02e38000 	C:\Program Files\Java\jdk-19\bin\jli.dll
0x00007ffe158d0000 - 0x00007ffe1597e000 	C:\WINDOWS\System32\ADVAPI32.dll
0x00007ffe156e0000 - 0x00007ffe15783000 	C:\WINDOWS\System32\msvcrt.dll
0x00007ffe15980000 - 0x00007ffe15a1e000 	C:\WINDOWS\System32\sechost.dll
0x00007ffe14620000 - 0x00007ffe14740000 	C:\WINDOWS\System32\RPCRT4.dll
0x00007ffe14ac0000 - 0x00007ffe14c6d000 	C:\WINDOWS\System32\USER32.dll
0x00007ffe14460000 - 0x00007ffe14486000 	C:\WINDOWS\System32\win32u.dll
0x00007ffe14ce0000 - 0x00007ffe14d09000 	C:\WINDOWS\System32\GDI32.dll
0x00007ffe14340000 - 0x00007ffe14458000 	C:\WINDOWS\System32\gdi32full.dll
0x00007ffe14580000 - 0x00007ffe1461d000 	C:\WINDOWS\System32\msvcp_win.dll
0x00007ffdfe6d0000 - 0x00007ffdfe975000 	C:\WINDOWS\WinSxS\amd64_microsoft.windows.common-controls_6595b64144ccf1df_6.0.22000.120_none_9d947278b86cc467\COMCTL32.dll
0x00007ffe0e880000 - 0x00007ffe0e88a000 	C:\WINDOWS\SYSTEM32\VERSION.dll
0x00007ffe154d0000 - 0x00007ffe15502000 	C:\WINDOWS\System32\IMM32.DLL
0x00007ffe0f860000 - 0x00007ffe0f86c000 	C:\Program Files\Java\jdk-19\bin\vcruntime140_1.dll
0x00007ffda3070000 - 0x00007ffda30fe000 	C:\Program Files\Java\jdk-19\bin\msvcp140.dll
0x00007ffd8abd0000 - 0x00007ffd8b890000 	C:\Program Files\Java\jdk-19\bin\server\jvm.dll
0x00007ffdf5330000 - 0x00007ffdf5339000 	C:\WINDOWS\SYSTEM32\WSOCK32.dll
0x00007ffe0ead0000 - 0x00007ffe0eb03000 	C:\WINDOWS\SYSTEM32\WINMM.dll
0x00007ffe14c70000 - 0x00007ffe14cdf000 	C:\WINDOWS\System32\WS2_32.dll
0x00007ffe12cf0000 - 0x00007ffe12d08000 	C:\WINDOWS\SYSTEM32\kernel.appcore.dll
0x00007ffe0f850000 - 0x00007ffe0f85a000 	C:\Program Files\Java\jdk-19\bin\jimage.dll
0x00007ffe118d0000 - 0x00007ffe11af1000 	C:\WINDOWS\SYSTEM32\DBGHELP.DLL
0x00007ffdfeb00000 - 0x00007ffdfeb31000 	C:\WINDOWS\SYSTEM32\dbgcore.DLL
0x00007ffe14500000 - 0x00007ffe1457f000 	C:\WINDOWS\System32\bcryptPrimitives.dll
0x00007ffe0ef30000 - 0x00007ffe0ef56000 	C:\Program Files\Java\jdk-19\bin\java.dll
0x00007ffdc3470000 - 0x00007ffdc3547000 	C:\Program Files\Java\jdk-19\bin\jsvml.dll
0x00007ffe14d10000 - 0x00007ffe154c8000 	C:\WINDOWS\System32\SHELL32.dll
0x00007ffe11d60000 - 0x00007ffe125c5000 	C:\WINDOWS\SYSTEM32\windows.storage.dll
0x00007ffe16270000 - 0x00007ffe165e8000 	C:\WINDOWS\System32\combase.dll
0x00007ffe11bf0000 - 0x00007ffe11d56000 	C:\WINDOWS\SYSTEM32\wintypes.dll
0x00007ffe165f0000 - 0x00007ffe166da000 	C:\WINDOWS\System32\SHCORE.dll
0x00007ffe15c00000 - 0x00007ffe15c5d000 	C:\WINDOWS\System32\shlwapi.dll
0x00007ffe13ba0000 - 0x00007ffe13bc1000 	C:\WINDOWS\SYSTEM32\profapi.dll
0x00007ffe01f40000 - 0x00007ffe01f53000 	C:\Program Files\Java\jdk-19\bin\net.dll
0x00007ffe0dd10000 - 0x00007ffe0de24000 	C:\WINDOWS\SYSTEM32\WINHTTP.dll
0x00007ffe13190000 - 0x00007ffe131f7000 	C:\WINDOWS\system32\mswsock.dll
0x00007ffdf8e40000 - 0x00007ffdf8e56000 	C:\Program Files\Java\jdk-19\bin\nio.dll
0x00007ffdbce60000 - 0x00007ffdbcff1000 	C:\Program Files\Java\jdk-19\bin\awt.dll
0x00007ffe14740000 - 0x00007ffe14816000 	C:\WINDOWS\System32\OLEAUT32.dll
0x00007ffe11430000 - 0x00007ffe1145f000 	C:\WINDOWS\system32\DWMAPI.DLL
0x00007ffe10fb0000 - 0x00007ffe1105c000 	C:\WINDOWS\system32\uxtheme.dll
0x00007ffded670000 - 0x00007ffded771000 	C:\WINDOWS\system32\opengl32.dll
0x00007ffdf0da0000 - 0x00007ffdf0dcd000 	C:\WINDOWS\SYSTEM32\GLU32.dll
0x00007ffe110b0000 - 0x00007ffe110e8000 	C:\WINDOWS\SYSTEM32\dxcore.dll
0x00007ffe149a0000 - 0x00007ffe14abd000 	C:\WINDOWS\System32\MSCTF.dll
0x00007ffe160d0000 - 0x00007ffe1626a000 	C:\WINDOWS\System32\ole32.dll
0x00007ffdf4020000 - 0x00007ffdf4038000 	C:\Program Files\Java\jdk-19\bin\zip.dll
0x00007ffe0f2c0000 - 0x00007ffe0f2ee000 	C:\Program Files\Java\jdk-19\bin\javajpeg.dll
0x00007ffda2ee0000 - 0x00007ffda2f66000 	C:\Program Files\Java\jdk-19\bin\freetype.dll
0x00007ffda2e30000 - 0x00007ffda2ed9000 	C:\Program Files\Java\jdk-19\bin\fontmanager.dll
0x00007ffe157f0000 - 0x00007ffe158a5000 	C:\WINDOWS\System32\clbcatq.dll
0x00007ffe0ba80000 - 0x00007ffe0bc2e000 	C:\WINDOWS\SYSTEM32\WindowsCodecs.dll
0x00007ffdf0520000 - 0x00007ffdf057d000 	C:\WINDOWS\system32\dataexchange.dll
0x00007ffe0b400000 - 0x00007ffe0b666000 	C:\WINDOWS\system32\twinapi.appcore.dll
0x00007ffdf98c0000 - 0x00007ffdf99ed000 	C:\WINDOWS\SYSTEM32\textinputframework.dll
0x00007ffe10b40000 - 0x00007ffe10c71000 	C:\WINDOWS\SYSTEM32\CoreMessaging.dll
0x00007ffe0d730000 - 0x00007ffe0da9d000 	C:\WINDOWS\SYSTEM32\CoreUIComponents.dll
0x00007ffe133f0000 - 0x00007ffe133fc000 	C:\WINDOWS\SYSTEM32\CRYPTBASE.DLL

dbghelp: loaded successfully - version: 4.0.5 - missing functions: none
symbol engine: initialized successfully - sym options: 0x614 - pdb path: .;C:\Program Files\Java\jdk-19\bin;C:\WINDOWS\SYSTEM32;C:\WINDOWS\WinSxS\amd64_microsoft.windows.common-controls_6595b64144ccf1df_6.0.22000.120_none_9d947278b86cc467;C:\Program Files\Java\jdk-19\bin\server

VM Arguments:
jvm_args: -Dfile.encoding=UTF-8 --module-path=D:\QuizApplication\Quiz-Application-Using-Java-master\build\classes 
java_command: quiz.application.Login
java_class_path (initial): D:\QuizApplication\Quiz-Application-Using-Java-master\build\classes
Launcher Type: SUN_STANDARD

[Global flags]
     intx CICompilerCount                          = 3                                         {product} {ergonomic}
     uint ConcGCThreads                            = 1                                         {product} {ergonomic}
     uint G1ConcRefinementThreads                  = 4                                         {product} {ergonomic}
   size_t G1HeapRegionSize                         = 1048576                                   {product} {ergonomic}
    uintx GCDrainStackTargetSize                   = 64                                        {product} {ergonomic}
   size_t InitialHeapSize                          = 65011712                                  {product} {ergonomic}
   size_t MarkStackSize                            = 4194304                                   {product} {ergonomic}
   size_t MaxHeapSize                              = 1021313024                                {product} {ergonomic}
   size_t MaxNewSize                               = 612368384                                 {product} {ergonomic}
   size_t MinHeapDeltaBytes                        = 1048576                                   {product} {ergonomic}
   size_t MinHeapSize                              = 8388608                                   {product} {ergonomic}
    uintx NonNMethodCodeHeapSize                   = 5832780                                {pd product} {ergonomic}
    uintx NonProfiledCodeHeapSize                  = 122912730                              {pd product} {ergonomic}
    uintx ProfiledCodeHeapSize                     = 122912730                              {pd product} {ergonomic}
    uintx ReservedCodeCacheSize                    = 251658240                              {pd product} {ergonomic}
     bool SegmentedCodeCache                       = true                                      {product} {ergonomic}
   size_t SoftMaxHeapSize                          = 1021313024                             {manageable} {ergonomic}
     bool UseCompressedClassPointers               = true                           {product lp64_product} {ergonomic}
     bool UseCompressedOops                        = true                           {product lp64_product} {ergonomic}
     bool UseG1GC                                  = true                                      {product} {ergonomic}
     bool UseLargePagesIndividualAllocation        = false                                  {pd product} {ergonomic}

Logging:
Log output configuration:
 #0: stdout all=warning uptime,level,tags foldmultilines=false
 #1: stderr all=off uptime,level,tags foldmultilines=false

Environment Variables:
JAVA_HOME=C:\Users\Lenovo\AppData\Local\Programs\Eclipse Adoptium\jdk-17.0.4.101-hotspot\
PATH=C:\Program Files\Common Files\Oracle\Java\javapath;C:\Program Files (x86)\Common Files\Oracle\Java\javapath;C:\WINDOWS\system32;C:\WINDOWS;C:\WINDOWS\System32\Wbem;C:\WINDOWS\System32\WindowsPowerShell\v1.0\;C:\WINDOWS\System32\OpenSSH\;C:\MinGW\bin;C:\Program Files\Java\jdk-19\bin;C:\Users\Lenovo\AppData\Local\Programs\Eclipse Adoptium\jdk-17.0.4.101-hotspot\bin;C:\Users\Lenovo\AppData\Local\Microsoft\WindowsApps;;C:\Users\Lenovo\AppData\Local\Programs\Microsoft VS Code\bin;C:\Program Files\Microsoft Office\root\Client
USERNAME=Lenovo
OS=Windows_NT
PROCESSOR_IDENTIFIER=Intel64 Family 6 Model 126 Stepping 5, GenuineIntel
TMP=C:\Users\Lenovo\AppData\Local\Temp
TEMP=C:\Users\Lenovo\AppData\Local\Temp



---------------  S Y S T E M  ---------------

OS:
 Windows 11 , 64 bit Build 22000 (10.0.22000.1219)
OS uptime: 0 days 4:29 hours

CPU: total 4 (initial active 4) (2 cores per cpu, 2 threads per core) family 6 model 126 stepping 5 microcode 0x86, cx8, cmov, fxsr, ht, mmx, 3dnowpref, sse, sse2, sse3, ssse3, sse4.1, sse4.2, popcnt, lzcnt, tsc, tscinvbit, avx, avx2, aes, erms, clmul, bmi1, bmi2, adx, avx512f, avx512dq, avx512cd, avx512bw, avx512vl, sha, fma, vzeroupper, avx512_vpopcntdq, avx512_vpclmulqdq, avx512_vaes, avx512_vnni, clflush, clflushopt, avx512_vbmi2, avx512_vbmi, rdtscp, rdpid, fsrm, gfni, avx512_bitalg

Memory: 4k page, system-wide physical 3891M (300M free)
TotalPageFile size 15667M (AvailPageFile size 0M)
current process WorkingSet (physical memory assigned to process): 16M, peak: 73M
current process commit charge ("private bytes"): 151M, peak: 152M

vm_info: Java HotSpot(TM) 64-Bit Server VM (19+36-2238) for windows-amd64 JRE (19+36-2238), built on 2022-08-12T20:29:01Z by "mach5one" with MS VC++ 17.1 (VS2022)

END.
