#
# There is insufficient memory for the Java Runtime Environment to continue.
# Native memory allocation (malloc) failed to allocate 32744 bytes for Chunk::new
# Possible reasons:
#   The system is out of physical RAM or swap space
#   The process is running with CompressedOops enabled, and the Java Heap may be blocking the growth of the native heap
# Possible solutions:
#   Reduce memory load on the system
#   Increase physical memory or swap space
#   Check if swap backing store is full
#   Decrease Java heap size (-Xmx/-Xms)
#   Decrease number of Java threads
#   Decrease Java thread stack sizes (-Xss)
#   Set larger code cache with -XX:ReservedCodeCacheSize=
#   JVM is running with Unscaled Compressed Oops mode in which the Java heap is
#     placed in the first 4GB address space. The Java Heap base address is the
#     maximum limit for the native heap growth. Please use -XX:HeapBaseMinAddress
#     to set the Java Heap base and to place the Java Heap above 4GB virtual address.
# This output file may be truncated or incomplete.
#
#  Out of Memory Error (arena.cpp:184), pid=23540, tid=21524
#
# JRE version: Java(TM) SE Runtime Environment (19.0+36) (build 19+36-2238)
# Java VM: Java HotSpot(TM) 64-Bit Server VM (19+36-2238, mixed mode, sharing, tiered, compressed oops, compressed class ptrs, g1 gc, windows-amd64)
# No core dump will be written. Minidumps are not enabled by default on client versions of Windows
#

---------------  S U M M A R Y ------------

Command Line: -Dfile.encoding=UTF-8 --module-path=D:\QuizApplication\Quiz-Application-Using-Java-master\build\classes quiz.application.Login

Host: Intel(R) Core(TM) i3-1005G1 CPU @ 1.20GHz, 4 cores, 3G,  Windows 11 , 64 bit Build 22000 (10.0.22000.1219)
Time: Sat Nov 26 16:04:24 2022 India Standard Time elapsed time: 2482.855706 seconds (0d 0h 41m 22s)

---------------  T H R E A D  ---------------

Current thread (0x000001aa0014be50):  JavaThread "C2 CompilerThread0" daemon [_thread_in_native, id=21524, stack(0x000000a496200000,0x000000a496300000)]


Current CompileTask:
C2:2482855 1175       4       java.util.Arrays::binarySearch0 (95 bytes)

Stack: [0x000000a496200000,0x000000a496300000]
Native frames: (J=compiled Java code, j=interpreted, Vv=VM code, C=native code)
V  [jvm.dll+0x6ee8fa]
V  [jvm.dll+0x857a1e]
V  [jvm.dll+0x85940e]
V  [jvm.dll+0x859ac3]
V  [jvm.dll+0x28291f]
V  [jvm.dll+0xc9b5f]
V  [jvm.dll+0xc9ee5]
V  [jvm.dll+0x5f23ca]
V  [jvm.dll+0x5f096a]
V  [jvm.dll+0x254d73]
V  [jvm.dll+0x24dbf0]
V  [jvm.dll+0x24b563]
V  [jvm.dll+0x1d6d61]
V  [jvm.dll+0x25b0fa]
V  [jvm.dll+0x259588]
V  [jvm.dll+0x807928]
V  [jvm.dll+0x8015fa]
V  [jvm.dll+0x6ed5eb]
C  [ucrtbase.dll+0x26c0c]
C  [KERNEL32.DLL+0x15550]
C  [ntdll.dll+0x485b]


---------------  P R O C E S S  ---------------

Threads class SMR info:
_java_thread_list=0x000001aa047f9ce0, length=17, elements={
0x000001aa0013ba80, 0x000001aa0013e4b0, 0x000001aa0013f490, 0x000001aa0013feb0,
0x000001aa001408d0, 0x000001aa001468c0, 0x000001aa0014be50, 0x000001aa0014f9c0,
0x000001aa00158f60, 0x000001aa648ee5c0, 0x000001aa0448a190, 0x000001aa046a4f10,
0x000001aa046a5450, 0x000001aa0466e2c0, 0x000001aa0476d850, 0x000001aa6483c340,
0x000001aa054caee0
}

Java Threads: ( => current thread )
  0x000001aa0013ba80 JavaThread "Reference Handler" daemon [_thread_blocked, id=23088, stack(0x000000a495c00000,0x000000a495d00000)]
  0x000001aa0013e4b0 JavaThread "Finalizer" daemon [_thread_blocked, id=21704, stack(0x000000a495d00000,0x000000a495e00000)]
  0x000001aa0013f490 JavaThread "Signal Dispatcher" daemon [_thread_blocked, id=3992, stack(0x000000a495e00000,0x000000a495f00000)]
  0x000001aa0013feb0 JavaThread "Attach Listener" daemon [_thread_blocked, id=23036, stack(0x000000a495f00000,0x000000a496000000)]
  0x000001aa001408d0 JavaThread "Service Thread" daemon [_thread_blocked, id=22104, stack(0x000000a496000000,0x000000a496100000)]
  0x000001aa001468c0 JavaThread "Monitor Deflation Thread" daemon [_thread_blocked, id=22556, stack(0x000000a496100000,0x000000a496200000)]
=>0x000001aa0014be50 JavaThread "C2 CompilerThread0" daemon [_thread_in_native, id=21524, stack(0x000000a496200000,0x000000a496300000)]
  0x000001aa0014f9c0 JavaThread "C1 CompilerThread0" daemon [_thread_blocked, id=22872, stack(0x000000a496300000,0x000000a496400000)]
  0x000001aa00158f60 JavaThread "Sweeper thread" daemon [_thread_blocked, id=21284, stack(0x000000a496400000,0x000000a496500000)]
  0x000001aa648ee5c0 JavaThread "Common-Cleaner" daemon [_thread_blocked, id=22052, stack(0x000000a496500000,0x000000a496600000)]
  0x000001aa0448a190 JavaThread "Notification Thread" daemon [_thread_blocked, id=16592, stack(0x000000a496600000,0x000000a496700000)]
  0x000001aa046a4f10 JavaThread "Java2D Disposer" daemon [_thread_blocked, id=23468, stack(0x000000a496800000,0x000000a496900000)]
  0x000001aa046a5450 JavaThread "AWT-Shutdown" [_thread_blocked, id=20488, stack(0x000000a496900000,0x000000a496a00000)]
  0x000001aa0466e2c0 JavaThread "AWT-Windows" daemon [_thread_in_native, id=12520, stack(0x000000a496a00000,0x000000a496b00000)]
  0x000001aa0476d850 JavaThread "AWT-EventQueue-0" [_thread_in_native, id=23512, stack(0x000000a496c00000,0x000000a496d00000)]
  0x000001aa6483c340 JavaThread "DestroyJavaVM" [_thread_blocked, id=21676, stack(0x000000a495500000,0x000000a495600000)]
  0x000001aa054caee0 JavaThread "TimerQueue" daemon [_thread_blocked, id=12768, stack(0x000000a497000000,0x000000a497100000)]

Other Threads:
  0x000001aa648feb80 VMThread "VM Thread" [stack: 0x000000a495b00000,0x000000a495c00000] [id=20060]
  0x000001aa044e0da0 WatcherThread "VM Periodic Task Thread" [stack: 0x000000a496700000,0x000000a496800000] [id=21720]
  0x000001aa64879f70 WorkerThread "GC Thread#0" [stack: 0x000000a495600000,0x000000a495700000] [id=20392]
  0x000001aa64882b90 ConcurrentGCThread "G1 Main Marker" [stack: 0x000000a495700000,0x000000a495800000] [id=21348]
  0x000001aa64884470 WorkerThread "G1 Conc#0" [stack: 0x000000a495800000,0x000000a495900000] [id=21408]
  0x000001aa648d8d70 ConcurrentGCThread "G1 Refine#0" [stack: 0x000000a495900000,0x000000a495a00000] [id=12624]
  0x000001aa648d9750 ConcurrentGCThread "G1 Service" [stack: 0x000000a495a00000,0x000000a495b00000] [id=19968]

Threads with active compile tasks:
C2 CompilerThread0  2483313 1175       4       java.util.Arrays::binarySearch0 (95 bytes)

VM state: not at safepoint (normal execution)

VM Mutex/Monitor currently owned by a thread: None

Heap address: 0x00000000c3200000, size: 974 MB, Compressed Oops mode: 32-bit

CDS archive(s) mapped at: [0x0000000800000000-0x0000000800c40000-0x0000000800c40000), size 12845056, SharedBaseAddress: 0x0000000800000000, ArchiveRelocationMode: 0.
Compressed class space mapped at: 0x0000000801000000-0x0000000841000000, reserved size: 1073741824
Narrow klass base: 0x0000000800000000, Narrow klass shift: 0, Narrow klass range: 0x100000000

GC Precious Log:
 CardTable entry size: 512
 Card Set container configuration: InlinePtr #cards 5 size 8 Array Of Cards #cards 12 size 40 Howl #buckets 4 coarsen threshold 1843 Howl Bitmap #cards 512 size 80 coarsen threshold 460 Card regions per heap region 1 cards per card region 2048
 CPUs: 4 total, 4 available
 Memory: 3891M
 Large Page Support: Disabled
 NUMA Support: Disabled
 Compressed Oops: Enabled (32-bit)
 Heap Region Size: 1M
 Heap Min Capacity: 8M
 Heap Initial Capacity: 62M
 Heap Max Capacity: 974M
 Pre-touch: Disabled
 Parallel Workers: 4
 Concurrent Workers: 1
 Concurrent Refinement Workers: 4
 Periodic GC: Disabled

Heap:
 garbage-first heap   total 63488K, used 16384K [0x00000000c3200000, 0x0000000100000000)
  region size 1024K, 11 young (11264K), 0 survivors (0K)
 Metaspace       used 8409K, committed 8640K, reserved 1114112K
  class space    used 930K, committed 1024K, reserved 1048576K

Heap Regions: E=young(eden), S=young(survivor), O=old, HS=humongous(starts), HC=humongous(continues), CS=collection set, F=free, OA=open archive, CA=closed archive, TAMS=top-at-mark-start (previous, next)
|   0|0x00000000c3200000, 0x00000000c3300000, 0x00000000c3300000|100%|HS|  |TAMS 0x00000000c3200000, 0x00000000c3200000| Complete 
|   1|0x00000000c3300000, 0x00000000c3400000, 0x00000000c3400000|100%|HC|  |TAMS 0x00000000c3300000, 0x00000000c3300000| Complete 
|   2|0x00000000c3400000, 0x00000000c3500000, 0x00000000c3500000|100%|HS|  |TAMS 0x00000000c3400000, 0x00000000c3400000| Complete 
|   3|0x00000000c3500000, 0x00000000c3600000, 0x00000000c3600000|100%|HC|  |TAMS 0x00000000c3500000, 0x00000000c3500000| Complete 
|   4|0x00000000c3600000, 0x00000000c3700000, 0x00000000c3700000|100%|HC|  |TAMS 0x00000000c3600000, 0x00000000c3600000| Complete 
|   5|0x00000000c3700000, 0x00000000c3800000, 0x00000000c3800000|100%|HC|  |TAMS 0x00000000c3700000, 0x00000000c3700000| Complete 
|   6|0x00000000c3800000, 0x00000000c3800000, 0x00000000c3900000|  0%| F|  |TAMS 0x00000000c3800000, 0x00000000c3800000| Untracked 
|   7|0x00000000c3900000, 0x00000000c3900000, 0x00000000c3a00000|  0%| F|  |TAMS 0x00000000c3900000, 0x00000000c3900000| Untracked 
|   8|0x00000000c3a00000, 0x00000000c3a00000, 0x00000000c3b00000|  0%| F|  |TAMS 0x00000000c3a00000, 0x00000000c3a00000| Untracked 
|   9|0x00000000c3b00000, 0x00000000c3b00000, 0x00000000c3c00000|  0%| F|  |TAMS 0x00000000c3b00000, 0x00000000c3b00000| Untracked 
|  10|0x00000000c3c00000, 0x00000000c3c00000, 0x00000000c3d00000|  0%| F|  |TAMS 0x00000000c3c00000, 0x00000000c3c00000| Untracked 
|  11|0x00000000c3d00000, 0x00000000c3d00000, 0x00000000c3e00000|  0%| F|  |TAMS 0x00000000c3d00000, 0x00000000c3d00000| Untracked 
|  12|0x00000000c3e00000, 0x00000000c3e00000, 0x00000000c3f00000|  0%| F|  |TAMS 0x00000000c3e00000, 0x00000000c3e00000| Untracked 
|  13|0x00000000c3f00000, 0x00000000c3f00000, 0x00000000c4000000|  0%| F|  |TAMS 0x00000000c3f00000, 0x00000000c3f00000| Untracked 
|  14|0x00000000c4000000, 0x00000000c4000000, 0x00000000c4100000|  0%| F|  |TAMS 0x00000000c4000000, 0x00000000c4000000| Untracked 
|  15|0x00000000c4100000, 0x00000000c4100000, 0x00000000c4200000|  0%| F|  |TAMS 0x00000000c4100000, 0x00000000c4100000| Untracked 
|  16|0x00000000c4200000, 0x00000000c4200000, 0x00000000c4300000|  0%| F|  |TAMS 0x00000000c4200000, 0x00000000c4200000| Untracked 
|  17|0x00000000c4300000, 0x00000000c4300000, 0x00000000c4400000|  0%| F|  |TAMS 0x00000000c4300000, 0x00000000c4300000| Untracked 
|  18|0x00000000c4400000, 0x00000000c4400000, 0x00000000c4500000|  0%| F|  |TAMS 0x00000000c4400000, 0x00000000c4400000| Untracked 
|  19|0x00000000c4500000, 0x00000000c4500000, 0x00000000c4600000|  0%| F|  |TAMS 0x00000000c4500000, 0x00000000c4500000| Untracked 
|  20|0x00000000c4600000, 0x00000000c4600000, 0x00000000c4700000|  0%| F|  |TAMS 0x00000000c4600000, 0x00000000c4600000| Untracked 
|  21|0x00000000c4700000, 0x00000000c4700000, 0x00000000c4800000|  0%| F|  |TAMS 0x00000000c4700000, 0x00000000c4700000| Untracked 
|  22|0x00000000c4800000, 0x00000000c4800000, 0x00000000c4900000|  0%| F|  |TAMS 0x00000000c4800000, 0x00000000c4800000| Untracked 
|  23|0x00000000c4900000, 0x00000000c4900000, 0x00000000c4a00000|  0%| F|  |TAMS 0x00000000c4900000, 0x00000000c4900000| Untracked 
|  24|0x00000000c4a00000, 0x00000000c4a00000, 0x00000000c4b00000|  0%| F|  |TAMS 0x00000000c4a00000, 0x00000000c4a00000| Untracked 
|  25|0x00000000c4b00000, 0x00000000c4b00000, 0x00000000c4c00000|  0%| F|  |TAMS 0x00000000c4b00000, 0x00000000c4b00000| Untracked 
|  26|0x00000000c4c00000, 0x00000000c4c00000, 0x00000000c4d00000|  0%| F|  |TAMS 0x00000000c4c00000, 0x00000000c4c00000| Untracked 
|  27|0x00000000c4d00000, 0x00000000c4d00000, 0x00000000c4e00000|  0%| F|  |TAMS 0x00000000c4d00000, 0x00000000c4d00000| Untracked 
|  28|0x00000000c4e00000, 0x00000000c4e00000, 0x00000000c4f00000|  0%| F|  |TAMS 0x00000000c4e00000, 0x00000000c4e00000| Untracked 
|  29|0x00000000c4f00000, 0x00000000c4f00000, 0x00000000c5000000|  0%| F|  |TAMS 0x00000000c4f00000, 0x00000000c4f00000| Untracked 
|  30|0x00000000c5000000, 0x00000000c5000000, 0x00000000c5100000|  0%| F|  |TAMS 0x00000000c5000000, 0x00000000c5000000| Untracked 
|  31|0x00000000c5100000, 0x00000000c5100000, 0x00000000c5200000|  0%| F|  |TAMS 0x00000000c5100000, 0x00000000c5100000| Untracked 
|  32|0x00000000c5200000, 0x00000000c5200000, 0x00000000c5300000|  0%| F|  |TAMS 0x00000000c5200000, 0x00000000c5200000| Untracked 
|  33|0x00000000c5300000, 0x00000000c5300000, 0x00000000c5400000|  0%| F|  |TAMS 0x00000000c5300000, 0x00000000c5300000| Untracked 
|  34|0x00000000c5400000, 0x00000000c5400000, 0x00000000c5500000|  0%| F|  |TAMS 0x00000000c5400000, 0x00000000c5400000| Untracked 
|  35|0x00000000c5500000, 0x00000000c5500000, 0x00000000c5600000|  0%| F|  |TAMS 0x00000000c5500000, 0x00000000c5500000| Untracked 
|  36|0x00000000c5600000, 0x00000000c5600000, 0x00000000c5700000|  0%| F|  |TAMS 0x00000000c5600000, 0x00000000c5600000| Untracked 
|  37|0x00000000c5700000, 0x00000000c5700000, 0x00000000c5800000|  0%| F|  |TAMS 0x00000000c5700000, 0x00000000c5700000| Untracked 
|  38|0x00000000c5800000, 0x00000000c5800000, 0x00000000c5900000|  0%| F|  |TAMS 0x00000000c5800000, 0x00000000c5800000| Untracked 
|  39|0x00000000c5900000, 0x00000000c5900000, 0x00000000c5a00000|  0%| F|  |TAMS 0x00000000c5900000, 0x00000000c5900000| Untracked 
|  40|0x00000000c5a00000, 0x00000000c5a00000, 0x00000000c5b00000|  0%| F|  |TAMS 0x00000000c5a00000, 0x00000000c5a00000| Untracked 
|  41|0x00000000c5b00000, 0x00000000c5b00000, 0x00000000c5c00000|  0%| F|  |TAMS 0x00000000c5b00000, 0x00000000c5b00000| Untracked 
|  42|0x00000000c5c00000, 0x00000000c5c00000, 0x00000000c5d00000|  0%| F|  |TAMS 0x00000000c5c00000, 0x00000000c5c00000| Untracked 
|  43|0x00000000c5d00000, 0x00000000c5d00000, 0x00000000c5e00000|  0%| F|  |TAMS 0x00000000c5d00000, 0x00000000c5d00000| Untracked 
|  44|0x00000000c5e00000, 0x00000000c5e00000, 0x00000000c5f00000|  0%| F|  |TAMS 0x00000000c5e00000, 0x00000000c5e00000| Untracked 
|  45|0x00000000c5f00000, 0x00000000c5f00000, 0x00000000c6000000|  0%| F|  |TAMS 0x00000000c5f00000, 0x00000000c5f00000| Untracked 
|  46|0x00000000c6000000, 0x00000000c6000000, 0x00000000c6100000|  0%| F|  |TAMS 0x00000000c6000000, 0x00000000c6000000| Untracked 
|  47|0x00000000c6100000, 0x00000000c6100000, 0x00000000c6200000|  0%| F|  |TAMS 0x00000000c6100000, 0x00000000c6100000| Untracked 
|  48|0x00000000c6200000, 0x00000000c6200000, 0x00000000c6300000|  0%| F|  |TAMS 0x00000000c6200000, 0x00000000c6200000| Untracked 
|  49|0x00000000c6300000, 0x00000000c6300000, 0x00000000c6400000|  0%| F|  |TAMS 0x00000000c6300000, 0x00000000c6300000| Untracked 
|  50|0x00000000c6400000, 0x00000000c6400000, 0x00000000c6500000|  0%| F|  |TAMS 0x00000000c6400000, 0x00000000c6400000| Untracked 
|  51|0x00000000c6500000, 0x00000000c65c83b0, 0x00000000c6600000| 78%| E|  |TAMS 0x00000000c6500000, 0x00000000c6500000| Complete 
|  52|0x00000000c6600000, 0x00000000c6700000, 0x00000000c6700000|100%| E|CS|TAMS 0x00000000c6600000, 0x00000000c6600000| Complete 
|  53|0x00000000c6700000, 0x00000000c6800000, 0x00000000c6800000|100%| E|CS|TAMS 0x00000000c6700000, 0x00000000c6700000| Complete 
|  54|0x00000000c6800000, 0x00000000c6900000, 0x00000000c6900000|100%| E|CS|TAMS 0x00000000c6800000, 0x00000000c6800000| Complete 
|  55|0x00000000c6900000, 0x00000000c6a00000, 0x00000000c6a00000|100%| E|CS|TAMS 0x00000000c6900000, 0x00000000c6900000| Complete 
|  56|0x00000000c6a00000, 0x00000000c6b00000, 0x00000000c6b00000|100%| E|CS|TAMS 0x00000000c6a00000, 0x00000000c6a00000| Complete 
|  57|0x00000000c6b00000, 0x00000000c6c00000, 0x00000000c6c00000|100%| E|CS|TAMS 0x00000000c6b00000, 0x00000000c6b00000| Complete 
|  58|0x00000000c6c00000, 0x00000000c6d00000, 0x00000000c6d00000|100%| E|CS|TAMS 0x00000000c6c00000, 0x00000000c6c00000| Complete 
|  59|0x00000000c6d00000, 0x00000000c6e00000, 0x00000000c6e00000|100%| E|CS|TAMS 0x00000000c6d00000, 0x00000000c6d00000| Complete 
|  60|0x00000000c6e00000, 0x00000000c6f00000, 0x00000000c6f00000|100%| E|CS|TAMS 0x00000000c6e00000, 0x00000000c6e00000| Complete 
|  61|0x00000000c6f00000, 0x00000000c7000000, 0x00000000c7000000|100%| E|CS|TAMS 0x00000000c6f00000, 0x00000000c6f00000| Complete 

Card table byte_map: [0x000001aa7b980000,0x000001aa7bb70000] _byte_map_base: 0x000001aa7b367000

Marking Bits (Prev, Next): (CMBitMap*) 0x000001aa6487a5a0, (CMBitMap*) 0x000001aa6487a5e0
 Prev Bits: [0x000001aa7bd60000, 0x000001aa7cc98000)
 Next Bits: [0x000001aa7cca0000, 0x000001aa7dbd8000)

Polling page: 0x000001aa625b0000

Metaspace:

Usage:
  Non-class:      7.30 MB used.
      Class:    930.06 KB used.
       Both:      8.21 MB used.

Virtual space:
  Non-class space:       64.00 MB reserved,       7.44 MB ( 12%) committed,  1 nodes.
      Class space:        1.00 GB reserved,       1.00 MB ( <1%) committed,  1 nodes.
             Both:        1.06 GB reserved,       8.44 MB ( <1%) committed. 

Chunk freelists:
   Non-Class:  496.00 KB
       Class:  3.04 MB
        Both:  3.53 MB

MaxMetaspaceSize: unlimited
CompressedClassSpaceSize: 1.00 GB
Initial GC threshold: 21.00 MB
Current GC threshold: 21.00 MB
CDS: on
MetaspaceReclaimPolicy: balanced
 - commit_granule_bytes: 65536.
 - commit_granule_words: 8192.
 - virtual_space_node_default_size: 8388608.
 - enlarge_chunks_in_place: 1.
 - new_chunks_are_fully_committed: 0.
 - uncommit_free_chunks: 1.
 - use_allocation_guard: 0.


Internal statistics:

num_allocs_failed_limit: 0.
num_arena_births: 154.
num_arena_deaths: 0.
num_vsnodes_births: 2.
num_vsnodes_deaths: 0.
num_space_committed: 135.
num_space_uncommitted: 0.
num_chunks_returned_to_freelist: 0.
num_chunks_taken_from_freelist: 169.
num_chunk_merges: 0.
num_chunk_splits: 115.
num_chunks_enlarged: 74.
num_inconsistent_stats: 0.

CodeHeap 'non-profiled nmethods': size=120000Kb used=328Kb max_used=328Kb free=119671Kb
 bounds [0x000001aa74260000, 0x000001aa744d0000, 0x000001aa7b790000]
CodeHeap 'profiled nmethods': size=120000Kb used=1799Kb max_used=1799Kb free=118200Kb
 bounds [0x000001aa6c790000, 0x000001aa6ca00000, 0x000001aa73cc0000]
CodeHeap 'non-nmethods': size=5760Kb used=1387Kb max_used=1401Kb free=4372Kb
 bounds [0x000001aa73cc0000, 0x000001aa73f30000, 0x000001aa74260000]
 total_blobs=1793 nmethods=1173 adapters=531
 compilation: enabled
              stopped_count=0, restarted_count=0
 full_count=0

Compilation events (20 events):
Event: 7.862 Thread 0x000001aa0014f9c0 nmethod 1161 0x000001aa742b0d90 code [0x000001aa742b0f20, 0x000001aa742b0fd8]
Event: 7.862 Thread 0x000001aa0014f9c0 1163       1       java.awt.geom.AffineTransform::getShearX (5 bytes)
Event: 7.862 Thread 0x000001aa0014f9c0 nmethod 1163 0x000001aa742b1090 code [0x000001aa742b1220, 0x000001aa742b12f8]
Event: 8.369 Thread 0x000001aa0014f9c0 1164       3       javax.swing.SwingUtilities::computeIntersection (189 bytes)
Event: 8.369 Thread 0x000001aa0014f9c0 nmethod 1164 0x000001aa6c94ff10 code [0x000001aa6c9500c0, 0x000001aa6c9503b8]
Event: 8.369 Thread 0x000001aa0014f9c0 1165       3       java.awt.geom.AffineTransform::setToScale (66 bytes)
Event: 8.369 Thread 0x000001aa0014f9c0 nmethod 1165 0x000001aa6c950490 code [0x000001aa6c950660, 0x000001aa6c9508d8]
Event: 8.369 Thread 0x000001aa0014f9c0 1166       3       java.awt.Rectangle::clip (39 bytes)
Event: 8.369 Thread 0x000001aa0014f9c0 nmethod 1166 0x000001aa6c950990 code [0x000001aa6c950ba0, 0x000001aa6c950f18]
Event: 8.966 Thread 0x000001aa0014be50 1167       4       java.lang.String::equals (56 bytes)
Event: 8.968 Thread 0x000001aa0014be50 nmethod 1167 0x000001aa742b1390 code [0x000001aa742b1520, 0x000001aa742b16d8]
Event: 1860.330 Thread 0x000001aa0014f9c0 1170       3       java.util.concurrent.locks.ReentrantLock$NonfairSync::tryAcquire (27 bytes)
Event: 1860.351 Thread 0x000001aa0014f9c0 nmethod 1170 0x000001aa6c951010 code [0x000001aa6c9511c0, 0x000001aa6c951448]
Event: 2280.383 Thread 0x000001aa0014f9c0 1171       3       java.util.concurrent.locks.AbstractQueuedSynchronizer$Node::<init> (5 bytes)
Event: 2280.393 Thread 0x000001aa0014f9c0 nmethod 1171 0x000001aa6c951510 code [0x000001aa6c9516c0, 0x000001aa6c951818]
Event: 2479.382 Thread 0x000001aa0014f9c0 1172       3       java.awt.EventQueue$4::run (60 bytes)
Event: 2479.435 Thread 0x000001aa0014f9c0 nmethod 1172 0x000001aa6c951910 code [0x000001aa6c951b00, 0x000001aa6c951dd8]
Event: 2481.935 Thread 0x000001aa0014be50 1174       4       jdk.internal.logger.SurrogateLogger::defaultPlatformLevel (4 bytes)
Event: 2482.426 Thread 0x000001aa0014be50 nmethod 1174 0x000001aa742b1f90 code [0x000001aa742b2120, 0x000001aa742b2198]
Event: 2482.574 Thread 0x000001aa0014be50 1175       4       java.util.Arrays::binarySearch0 (95 bytes)

GC Heap History (0 events):
No events

Dll operation events (10 events):
Event: 0.006 Loaded shared library C:\Program Files\Java\jdk-19\bin\java.dll
Event: 0.015 Loaded shared library C:\Program Files\Java\jdk-19\bin\jsvml.dll
Event: 0.058 Loaded shared library C:\Program Files\Java\jdk-19\bin\net.dll
Event: 0.060 Loaded shared library C:\Program Files\Java\jdk-19\bin\nio.dll
Event: 0.090 Loaded shared library C:\Program Files\Java\jdk-19\bin\jimage.dll
Event: 0.101 Loaded shared library C:\Program Files\Java\jdk-19\bin\awt.dll
Event: 0.274 Loaded shared library C:\Program Files\Java\jdk-19\bin\zip.dll
Event: 0.854 Loaded shared library C:\Program Files\Java\jdk-19\bin\javajpeg.dll
Event: 1.081 Loaded shared library C:\Program Files\Java\jdk-19\bin\freetype.dll
Event: 1.084 Loaded shared library C:\Program Files\Java\jdk-19\bin\fontmanager.dll

Deoptimization events (20 events):
Event: 2.548 Thread 0x000001aa0466e2c0 Uncommon trap: trap_request=0xffffff45 fr.pc=0x000001aa742a6408 relative=0x0000000000000168
Event: 2.548 Thread 0x000001aa0466e2c0 Uncommon trap: reason=unstable_if action=reinterpret pc=0x000001aa742a6408 method=java.util.concurrent.locks.ReentrantLock$Sync.lock()V @ 4 c2
Event: 2.548 Thread 0x000001aa0466e2c0 DEOPT PACKING pc=0x000001aa742a6408 sp=0x000000a496afdcf0
Event: 2.548 Thread 0x000001aa0466e2c0 DEOPT UNPACKING pc=0x000001aa73d2a5a3 sp=0x000000a496afdc40 mode 2
Event: 3.577 Thread 0x000001aa0476d850 Uncommon trap: trap_request=0xffffffde fr.pc=0x000001aa74270bbc relative=0x000000000000019c
Event: 3.577 Thread 0x000001aa0476d850 Uncommon trap: reason=class_check action=maybe_recompile pc=0x000001aa74270bbc method=java.lang.String.equals(Ljava/lang/Object;)Z @ 8 c2
Event: 3.577 Thread 0x000001aa0476d850 DEOPT PACKING pc=0x000001aa74270bbc sp=0x000000a496cfe3b0
Event: 3.577 Thread 0x000001aa0476d850 DEOPT UNPACKING pc=0x000001aa73d2a5a3 sp=0x000000a496cfe358 mode 2
Event: 3.577 Thread 0x000001aa0476d850 Uncommon trap: trap_request=0xffffffde fr.pc=0x000001aa74270bbc relative=0x000000000000019c
Event: 3.577 Thread 0x000001aa0476d850 Uncommon trap: reason=class_check action=maybe_recompile pc=0x000001aa74270bbc method=java.lang.String.equals(Ljava/lang/Object;)Z @ 8 c2
Event: 3.577 Thread 0x000001aa0476d850 DEOPT PACKING pc=0x000001aa74270bbc sp=0x000000a496cfe3b0
Event: 3.577 Thread 0x000001aa0476d850 DEOPT UNPACKING pc=0x000001aa73d2a5a3 sp=0x000000a496cfe358 mode 2
Event: 3.585 Thread 0x000001aa0476d850 Uncommon trap: trap_request=0xffffffde fr.pc=0x000001aa74270bbc relative=0x000000000000019c
Event: 3.585 Thread 0x000001aa0476d850 Uncommon trap: reason=class_check action=maybe_recompile pc=0x000001aa74270bbc method=java.lang.String.equals(Ljava/lang/Object;)Z @ 8 c2
Event: 3.585 Thread 0x000001aa0476d850 DEOPT PACKING pc=0x000001aa74270bbc sp=0x000000a496cfe3b0
Event: 3.585 Thread 0x000001aa0476d850 DEOPT UNPACKING pc=0x000001aa73d2a5a3 sp=0x000000a496cfe358 mode 2
Event: 3.585 Thread 0x000001aa0476d850 Uncommon trap: trap_request=0xffffffde fr.pc=0x000001aa74270bbc relative=0x000000000000019c
Event: 3.585 Thread 0x000001aa0476d850 Uncommon trap: reason=class_check action=maybe_recompile pc=0x000001aa74270bbc method=java.lang.String.equals(Ljava/lang/Object;)Z @ 8 c2
Event: 3.585 Thread 0x000001aa0476d850 DEOPT PACKING pc=0x000001aa74270bbc sp=0x000000a496cfe3b0
Event: 3.585 Thread 0x000001aa0476d850 DEOPT UNPACKING pc=0x000001aa73d2a5a3 sp=0x000000a496cfe358 mode 2

Classes loaded (20 events):
Event: 3.582 Loading class javax/swing/text/AbstractDocument$DefaultDocumentEventUndoableWrapper
Event: 3.582 Loading class sun/swing/text/UndoableEditLockSupport
Event: 3.582 Loading class sun/swing/text/UndoableEditLockSupport done
Event: 3.582 Loading class javax/swing/text/AbstractDocument$DefaultDocumentEventUndoableWrapper done
Event: 3.582 Loading class javax/swing/event/UndoableEditListener
Event: 3.582 Loading class javax/swing/event/UndoableEditListener done
Event: 3.583 Loading class javax/swing/RepaintManager$3
Event: 3.583 Loading class javax/swing/RepaintManager$3 done
Event: 7.737 Loading class java/awt/LightweightDispatcher$2
Event: 7.737 Loading class java/awt/LightweightDispatcher$2 done
Event: 8.834 Loading class java/awt/KeyboardFocusManager$2
Event: 8.834 Loading class java/awt/KeyboardFocusManager$2 done
Event: 8.835 Loading class sun/awt/SunToolkit$1
Event: 8.951 Loading class sun/awt/SunToolkit$1 done
Event: 2481.456 Loading class java/util/WeakHashMap$KeyIterator
Event: 2481.499 Loading class java/util/WeakHashMap$HashIterator
Event: 2481.661 Loading class java/util/WeakHashMap$HashIterator done
Event: 2481.662 Loading class java/util/WeakHashMap$KeyIterator done
Event: 2481.714 Loading class javax/swing/RepaintManager$DisplayChangedRunnable
Event: 2481.807 Loading class javax/swing/RepaintManager$DisplayChangedRunnable done

Classes unloaded (0 events):
No events

Classes redefined (0 events):
No events

Internal exceptions (17 events):
Event: 0.062 Thread 0x000001aa6483c340 Exception <a 'sun/nio/fs/WindowsException'{0x00000000c6e40188}> (0x00000000c6e40188) 
thrown [s\open\src\hotspot\share\prims\jni.cpp, line 517]
Event: 0.062 Thread 0x000001aa6483c340 Exception <a 'sun/nio/fs/WindowsException'{0x00000000c6e406b8}> (0x00000000c6e406b8) 
thrown [s\open\src\hotspot\share\prims\jni.cpp, line 517]
Event: 0.064 Thread 0x000001aa6483c340 Exception <a 'sun/nio/fs/WindowsException'{0x00000000c6e429a0}> (0x00000000c6e429a0) 
thrown [s\open\src\hotspot\share\prims\jni.cpp, line 517]
Event: 0.064 Thread 0x000001aa6483c340 Exception <a 'sun/nio/fs/WindowsException'{0x00000000c6e86040}> (0x00000000c6e86040) 
thrown [s\open\src\hotspot\share\prims\jni.cpp, line 517]
Event: 0.094 Thread 0x000001aa6483c340 Exception <a 'java/lang/ClassNotFoundException'{0x00000000c6d23f30}: sun/awt/resources/spi/awtProvider> (0x00000000c6d23f30) 
thrown [s\open\src\hotspot\share\classfile\systemDictionary.cpp, line 255]
Event: 0.113 Thread 0x000001aa6483c340 Exception <a 'java/io/FileNotFoundException'{0x00000000c6d7b728}> (0x00000000c6d7b728) 
thrown [s\open\src\hotspot\share\prims\jni.cpp, line 517]
Event: 0.118 Thread 0x000001aa6483c340 Exception <a 'java/io/FileNotFoundException'{0x00000000c6da80e8}> (0x00000000c6da80e8) 
thrown [s\open\src\hotspot\share\prims\jni.cpp, line 517]
Event: 0.150 Thread 0x000001aa6483c340 Exception <a 'java/lang/NoSuchMethodError'{0x00000000c6deccf0}: 'java.lang.Object java.lang.invoke.DirectMethodHandle$Holder.invokeStaticInit(java.lang.Object)'> (0x00000000c6deccf0) 
thrown [s\open\src\hotspot\share\interpreter\linkResolver.cpp, line 774]
Event: 0.178 Thread 0x000001aa6483c340 Exception <a 'java/lang/NoSuchMethodError'{0x00000000c6cc7348}: 'void java.lang.invoke.DirectMethodHandle$Holder.invokeSpecial(java.lang.Object, java.lang.Object, java.lang.Object)'> (0x00000000c6cc7348) 
thrown [s\open\src\hotspot\share\interpreter\linkResolver.cpp, line 774]
Event: 0.184 Thread 0x000001aa6483c340 Exception <a 'java/lang/NoSuchMethodError'{0x00000000c6cf2128}: 'java.lang.Object java.lang.invoke.DirectMethodHandle$Holder.newInvokeSpecial(java.lang.Object, java.lang.Object, java.lang.Object, java.lang.Object, java.lang.Object)'> (0x00000000c6cf2128) 
thrown [s\open\src\hotspot\share\interpreter\linkResolver.cpp, line 774]
Event: 0.189 Thread 0x000001aa6483c340 Exception <a 'java/lang/NoSuchMethodError'{0x00000000c6b24268}: 'java.lang.Object java.lang.invoke.DirectMethodHandle$Holder.invokeStatic(java.lang.Object, int, java.lang.Object)'> (0x00000000c6b24268) 
thrown [s\open\src\hotspot\share\interpreter\linkResolver.cpp, line 774]
Event: 0.217 Thread 0x000001aa6483c340 Exception <a 'java/lang/ClassNotFoundException'{0x00000000c6bdfbc8}: com/sun/swing/internal/plaf/metal/resources/spi/metalProvider> (0x00000000c6bdfbc8) 
thrown [s\open\src\hotspot\share\classfile\systemDictionary.cpp, line 255]
Event: 0.218 Thread 0x000001aa6483c340 Exception <a 'java/lang/ClassNotFoundException'{0x00000000c6be3b98}: com/sun/swing/internal/plaf/basic/resources/spi/basicProvider> (0x00000000c6be3b98) 
thrown [s\open\src\hotspot\share\classfile\systemDictionary.cpp, line 255]
Event: 0.236 Thread 0x000001aa6483c340 Exception <a 'java/lang/NoSuchMethodError'{0x00000000c6a03ee8}: 'int java.lang.invoke.Invokers$Holder.invokeExact_MT(java.lang.Object, java.lang.Object)'> (0x00000000c6a03ee8) 
thrown [s\open\src\hotspot\share\interpreter\linkResolver.cpp, line 774]
Event: 0.856 Thread 0x000001aa04737960 Exception <a 'java/lang/NoSuchMethodError'{0x00000000c681df68}: 'java.lang.Object java.lang.invoke.DirectMethodHandle$Holder.newInvokeSpecial(java.lang.Object, java.lang.Object, java.lang.Object, int, int, int, int, int)'> (0x00000000c681df68) 
thrown [s\open\src\hotspot\share\interpreter\linkResolver.cpp, line 774]
Event: 1.034 Thread 0x000001aa0466e2c0 Exception <a 'java/lang/NoSuchMethodError'{0x00000000c6c52e40}: 'void java.lang.invoke.DirectMethodHandle$Holder.invokeVirtual(java.lang.Object, java.lang.Object)'> (0x00000000c6c52e40) 
thrown [s\open\src\hotspot\share\interpreter\linkResolver.cpp, line 774]
Event: 1.072 Thread 0x000001aa6483c340 Exception <a 'java/lang/NoSuchMethodError'{0x00000000c67d6618}: 'void java.lang.invoke.DirectMethodHandle$Holder.invokeStaticInit(java.lang.Object)'> (0x00000000c67d6618) 
thrown [s\open\src\hotspot\share\interpreter\linkResolver.cpp, line 774]

VM Operations (20 events):
Event: 1.242 Executing VM operation: HandshakeAllThreads
Event: 1.242 Executing VM operation: HandshakeAllThreads done
Event: 1.242 Executing VM operation: Cleanup
Event: 1.242 Executing VM operation: Cleanup done
Event: 1.360 Executing VM operation: HandshakeAllThreads
Event: 1.360 Executing VM operation: HandshakeAllThreads done
Event: 2.363 Executing VM operation: Cleanup
Event: 2.363 Executing VM operation: Cleanup done
Event: 3.364 Executing VM operation: Cleanup
Event: 3.364 Executing VM operation: Cleanup done
Event: 4.382 Executing VM operation: Cleanup
Event: 4.382 Executing VM operation: Cleanup done
Event: 6.403 Executing VM operation: Cleanup
Event: 6.403 Executing VM operation: Cleanup done
Event: 7.406 Executing VM operation: Cleanup
Event: 7.406 Executing VM operation: Cleanup done
Event: 8.419 Executing VM operation: Cleanup
Event: 8.419 Executing VM operation: Cleanup done
Event: 9.419 Executing VM operation: Cleanup
Event: 9.419 Executing VM operation: Cleanup done

Events (20 events):
Event: 0.026 Thread 0x000001aa0013ba80 Thread added: 0x000001aa0013ba80
Event: 0.027 Thread 0x000001aa0013e4b0 Thread added: 0x000001aa0013e4b0
Event: 0.027 Thread 0x000001aa0013f490 Thread added: 0x000001aa0013f490
Event: 0.027 Thread 0x000001aa0013feb0 Thread added: 0x000001aa0013feb0
Event: 0.027 Thread 0x000001aa001408d0 Thread added: 0x000001aa001408d0
Event: 0.027 Thread 0x000001aa001468c0 Thread added: 0x000001aa001468c0
Event: 0.027 Thread 0x000001aa0014be50 Thread added: 0x000001aa0014be50
Event: 0.027 Thread 0x000001aa0014f9c0 Thread added: 0x000001aa0014f9c0
Event: 0.027 Thread 0x000001aa00158f60 Thread added: 0x000001aa00158f60
Event: 0.049 Thread 0x000001aa648ee5c0 Thread added: 0x000001aa648ee5c0
Event: 0.076 Thread 0x000001aa0448a190 Thread added: 0x000001aa0448a190
Event: 0.151 Thread 0x000001aa046a4f10 Thread added: 0x000001aa046a4f10
Event: 0.151 Thread 0x000001aa046a5450 Thread added: 0x000001aa046a5450
Event: 0.152 Thread 0x000001aa0466e2c0 Thread added: 0x000001aa0466e2c0
Event: 0.248 Thread 0x000001aa04737960 Thread added: 0x000001aa04737960
Event: 1.032 Thread 0x000001aa0476d850 Thread added: 0x000001aa0476d850
Event: 1.217 Thread 0x000001aa6483c340 Thread exited: 0x000001aa6483c340
Event: 1.217 Thread 0x000001aa6483c340 Thread added: 0x000001aa6483c340
Event: 1.395 Thread 0x000001aa054caee0 Thread added: 0x000001aa054caee0
Event: 5.907 Thread 0x000001aa04737960 Thread exited: 0x000001aa04737960


Dynamic libraries:
0x00007ff6a6410000 - 0x00007ff6a6420000 	C:\Program Files\Java\jdk-19\bin\java.exe
0x00007ffe167a0000 - 0x00007ffe169a9000 	C:\WINDOWS\SYSTEM32\ntdll.dll
0x00007ffe15a90000 - 0x00007ffe15b4e000 	C:\WINDOWS\System32\KERNEL32.DLL
0x00007ffe13c70000 - 0x00007ffe13feb000 	C:\WINDOWS\System32\KERNELBASE.dll
0x00007ffe10eb0000 - 0x00007ffe10f42000 	C:\WINDOWS\SYSTEM32\apphelp.dll
0x00007ffe140b0000 - 0x00007ffe141c1000 	C:\WINDOWS\System32\ucrtbase.dll
0x00007ffe0f870000 - 0x00007ffe0f88b000 	C:\Program Files\Java\jdk-19\bin\VCRUNTIME140.dll
0x00007ffe02e20000 - 0x00007ffe02e38000 	C:\Program Files\Java\jdk-19\bin\jli.dll
0x00007ffe158d0000 - 0x00007ffe1597e000 	C:\WINDOWS\System32\ADVAPI32.dll
0x00007ffe156e0000 - 0x00007ffe15783000 	C:\WINDOWS\System32\msvcrt.dll
0x00007ffe15980000 - 0x00007ffe15a1e000 	C:\WINDOWS\System32\sechost.dll
0x00007ffe14620000 - 0x00007ffe14740000 	C:\WINDOWS\System32\RPCRT4.dll
0x00007ffe14ac0000 - 0x00007ffe14c6d000 	C:\WINDOWS\System32\USER32.dll
0x00007ffe14460000 - 0x00007ffe14486000 	C:\WINDOWS\System32\win32u.dll
0x00007ffe14ce0000 - 0x00007ffe14d09000 	C:\WINDOWS\System32\GDI32.dll
0x00007ffdfe6d0000 - 0x00007ffdfe975000 	C:\WINDOWS\WinSxS\amd64_microsoft.windows.common-controls_6595b64144ccf1df_6.0.22000.120_none_9d947278b86cc467\COMCTL32.dll
0x00007ffe14340000 - 0x00007ffe14458000 	C:\WINDOWS\System32\gdi32full.dll
0x00007ffe14580000 - 0x00007ffe1461d000 	C:\WINDOWS\System32\msvcp_win.dll
0x00007ffe0e880000 - 0x00007ffe0e88a000 	C:\WINDOWS\SYSTEM32\VERSION.dll
0x00007ffe154d0000 - 0x00007ffe15502000 	C:\WINDOWS\System32\IMM32.DLL
0x00007ffe0f860000 - 0x00007ffe0f86c000 	C:\Program Files\Java\jdk-19\bin\vcruntime140_1.dll
0x00007ffda3070000 - 0x00007ffda30fe000 	C:\Program Files\Java\jdk-19\bin\msvcp140.dll
0x00007ffd8abd0000 - 0x00007ffd8b890000 	C:\Program Files\Java\jdk-19\bin\server\jvm.dll
0x00007ffe0ead0000 - 0x00007ffe0eb03000 	C:\WINDOWS\SYSTEM32\WINMM.dll
0x00007ffdf5330000 - 0x00007ffdf5339000 	C:\WINDOWS\SYSTEM32\WSOCK32.dll
0x00007ffe14c70000 - 0x00007ffe14cdf000 	C:\WINDOWS\System32\WS2_32.dll
0x00007ffe12cf0000 - 0x00007ffe12d08000 	C:\WINDOWS\SYSTEM32\kernel.appcore.dll
0x00007ffe0f850000 - 0x00007ffe0f85a000 	C:\Program Files\Java\jdk-19\bin\jimage.dll
0x00007ffe118d0000 - 0x00007ffe11af1000 	C:\WINDOWS\SYSTEM32\DBGHELP.DLL
0x00007ffdfeb00000 - 0x00007ffdfeb31000 	C:\WINDOWS\SYSTEM32\dbgcore.DLL
0x00007ffe14500000 - 0x00007ffe1457f000 	C:\WINDOWS\System32\bcryptPrimitives.dll
0x00007ffe0ef30000 - 0x00007ffe0ef56000 	C:\Program Files\Java\jdk-19\bin\java.dll
0x00007ffdc3470000 - 0x00007ffdc3547000 	C:\Program Files\Java\jdk-19\bin\jsvml.dll
0x00007ffe14d10000 - 0x00007ffe154c8000 	C:\WINDOWS\System32\SHELL32.dll
0x00007ffe11d60000 - 0x00007ffe125c5000 	C:\WINDOWS\SYSTEM32\windows.storage.dll
0x00007ffe16270000 - 0x00007ffe165e8000 	C:\WINDOWS\System32\combase.dll
0x00007ffe11bf0000 - 0x00007ffe11d56000 	C:\WINDOWS\SYSTEM32\wintypes.dll
0x00007ffe165f0000 - 0x00007ffe166da000 	C:\WINDOWS\System32\SHCORE.dll
0x00007ffe15c00000 - 0x00007ffe15c5d000 	C:\WINDOWS\System32\shlwapi.dll
0x00007ffe13ba0000 - 0x00007ffe13bc1000 	C:\WINDOWS\SYSTEM32\profapi.dll
0x00007ffe01f40000 - 0x00007ffe01f53000 	C:\Program Files\Java\jdk-19\bin\net.dll
0x00007ffe0dd10000 - 0x00007ffe0de24000 	C:\WINDOWS\SYSTEM32\WINHTTP.dll
0x00007ffe13190000 - 0x00007ffe131f7000 	C:\WINDOWS\system32\mswsock.dll
0x00007ffdf8e40000 - 0x00007ffdf8e56000 	C:\Program Files\Java\jdk-19\bin\nio.dll
0x00007ffdbce60000 - 0x00007ffdbcff1000 	C:\Program Files\Java\jdk-19\bin\awt.dll
0x00007ffe14740000 - 0x00007ffe14816000 	C:\WINDOWS\System32\OLEAUT32.dll
0x00007ffe11430000 - 0x00007ffe1145f000 	C:\WINDOWS\system32\DWMAPI.DLL
0x00007ffe10fb0000 - 0x00007ffe1105c000 	C:\WINDOWS\system32\uxtheme.dll
0x00007ffded670000 - 0x00007ffded771000 	C:\WINDOWS\system32\opengl32.dll
0x00007ffdf0da0000 - 0x00007ffdf0dcd000 	C:\WINDOWS\SYSTEM32\GLU32.dll
0x00007ffe110b0000 - 0x00007ffe110e8000 	C:\WINDOWS\SYSTEM32\dxcore.dll
0x00007ffe149a0000 - 0x00007ffe14abd000 	C:\WINDOWS\System32\MSCTF.dll
0x00007ffe160d0000 - 0x00007ffe1626a000 	C:\WINDOWS\System32\ole32.dll
0x00007ffdf4020000 - 0x00007ffdf4038000 	C:\Program Files\Java\jdk-19\bin\zip.dll
0x00007ffe0f2c0000 - 0x00007ffe0f2ee000 	C:\Program Files\Java\jdk-19\bin\javajpeg.dll
0x00007ffda2ee0000 - 0x00007ffda2f66000 	C:\Program Files\Java\jdk-19\bin\freetype.dll
0x00007ffda2e30000 - 0x00007ffda2ed9000 	C:\Program Files\Java\jdk-19\bin\fontmanager.dll
0x00007ffe157f0000 - 0x00007ffe158a5000 	C:\WINDOWS\System32\clbcatq.dll
0x00007ffe0ba80000 - 0x00007ffe0bc2e000 	C:\WINDOWS\SYSTEM32\WindowsCodecs.dll
0x00007ffdf0520000 - 0x00007ffdf057d000 	C:\WINDOWS\system32\dataexchange.dll
0x00007ffe0b400000 - 0x00007ffe0b666000 	C:\WINDOWS\system32\twinapi.appcore.dll
0x00007ffdf98c0000 - 0x00007ffdf99ed000 	C:\WINDOWS\SYSTEM32\textinputframework.dll
0x00007ffe10b40000 - 0x00007ffe10c71000 	C:\WINDOWS\SYSTEM32\CoreMessaging.dll
0x00007ffe0d730000 - 0x00007ffe0da9d000 	C:\WINDOWS\SYSTEM32\CoreUIComponents.dll
0x00007ffe133f0000 - 0x00007ffe133fc000 	C:\WINDOWS\SYSTEM32\CRYPTBASE.DLL

dbghelp: loaded successfully - version: 4.0.5 - missing functions: none
symbol engine: initialized successfully - sym options: 0x614 - pdb path: .;C:\Program Files\Java\jdk-19\bin;C:\WINDOWS\SYSTEM32;C:\WINDOWS\WinSxS\amd64_microsoft.windows.common-controls_6595b64144ccf1df_6.0.22000.120_none_9d947278b86cc467;C:\Program Files\Java\jdk-19\bin\server

VM Arguments:
jvm_args: -Dfile.encoding=UTF-8 --module-path=D:\QuizApplication\Quiz-Application-Using-Java-master\build\classes 
java_command: quiz.application.Login
java_class_path (initial): D:\QuizApplication\Quiz-Application-Using-Java-master\build\classes
Launcher Type: SUN_STANDARD

[Global flags]
     intx CICompilerCount                          = 3                                         {product} {ergonomic}
     uint ConcGCThreads                            = 1                                         {product} {ergonomic}
     uint G1ConcRefinementThreads                  = 4                                         {product} {ergonomic}
   size_t G1HeapRegionSize                         = 1048576                                   {product} {ergonomic}
    uintx GCDrainStackTargetSize                   = 64                                        {product} {ergonomic}
   size_t InitialHeapSize                          = 65011712                                  {product} {ergonomic}
   size_t MarkStackSize                            = 4194304                                   {product} {ergonomic}
   size_t MaxHeapSize                              = 1021313024                                {product} {ergonomic}
   size_t MaxNewSize                               = 612368384                                 {product} {ergonomic}
   size_t MinHeapDeltaBytes                        = 1048576                                   {product} {ergonomic}
   size_t MinHeapSize                              = 8388608                                   {product} {ergonomic}
    uintx NonNMethodCodeHeapSize                   = 5832780                                {pd product} {ergonomic}
    uintx NonProfiledCodeHeapSize                  = 122912730                              {pd product} {ergonomic}
    uintx ProfiledCodeHeapSize                     = 122912730                              {pd product} {ergonomic}
    uintx ReservedCodeCacheSize                    = 251658240                              {pd product} {ergonomic}
     bool SegmentedCodeCache                       = true                                      {product} {ergonomic}
   size_t SoftMaxHeapSize                          = 1021313024                             {manageable} {ergonomic}
     bool UseCompressedClassPointers               = true                           {product lp64_product} {ergonomic}
     bool UseCompressedOops                        = true                           {product lp64_product} {ergonomic}
     bool UseG1GC                                  = true                                      {product} {ergonomic}
     bool UseLargePagesIndividualAllocation        = false                                  {pd product} {ergonomic}

Logging:
Log output configuration:
 #0: stdout all=warning uptime,level,tags foldmultilines=false
 #1: stderr all=off uptime,level,tags foldmultilines=false

Environment Variables:
JAVA_HOME=C:\Users\Lenovo\AppData\Local\Programs\Eclipse Adoptium\jdk-17.0.4.101-hotspot\
PATH=C:\Program Files\Common Files\Oracle\Java\javapath;C:\Program Files (x86)\Common Files\Oracle\Java\javapath;C:\WINDOWS\system32;C:\WINDOWS;C:\WINDOWS\System32\Wbem;C:\WINDOWS\System32\WindowsPowerShell\v1.0\;C:\WINDOWS\System32\OpenSSH\;C:\MinGW\bin;C:\Program Files\Java\jdk-19\bin;C:\Users\Lenovo\AppData\Local\Programs\Eclipse Adoptium\jdk-17.0.4.101-hotspot\bin;C:\Users\Lenovo\AppData\Local\Microsoft\WindowsApps;;C:\Users\Lenovo\AppData\Local\Programs\Microsoft VS Code\bin;C:\Program Files\Microsoft Office\root\Client
USERNAME=Lenovo
OS=Windows_NT
PROCESSOR_IDENTIFIER=Intel64 Family 6 Model 126 Stepping 5, GenuineIntel
TMP=C:\Users\Lenovo\AppData\Local\Temp
TEMP=C:\Users\Lenovo\AppData\Local\Temp



---------------  S Y S T E M  ---------------

OS:
 Windows 11 , 64 bit Build 22000 (10.0.22000.1219)
OS uptime: 0 days 4:29 hours

CPU: total 4 (initial active 4) (2 cores per cpu, 2 threads per core) family 6 model 126 stepping 5 microcode 0x86, cx8, cmov, fxsr, ht, mmx, 3dnowpref, sse, sse2, sse3, ssse3, sse4.1, sse4.2, popcnt, lzcnt, tsc, tscinvbit, avx, avx2, aes, erms, clmul, bmi1, bmi2, adx, avx512f, avx512dq, avx512cd, avx512bw, avx512vl, sha, fma, vzeroupper, avx512_vpopcntdq, avx512_vpclmulqdq, avx512_vaes, avx512_vnni, clflush, clflushopt, avx512_vbmi2, avx512_vbmi, rdtscp, rdpid, fsrm, gfni, avx512_bitalg

Memory: 4k page, system-wide physical 3891M (295M free)
TotalPageFile size 15667M (AvailPageFile size 0M)
current process WorkingSet (physical memory assigned to process): 16M, peak: 73M
current process commit charge ("private bytes"): 150M, peak: 152M

vm_info: Java HotSpot(TM) 64-Bit Server VM (19+36-2238) for windows-amd64 JRE (19+36-2238), built on 2022-08-12T20:29:01Z by "mach5one" with MS VC++ 17.1 (VS2022)

END.
